[0.848s] DEBUG:colcon:Command line arguments: ['/home/jpedr/.local/bin/colcon', 'build']
[0.848s] DEBUG:colcon:Parsed command line arguments: Namespace(log_base=None, log_level=None, verb_name='build', build_base='build', install_base='install', merge_install=False, symlink_install=False, test_result_base=None, continue_on_error=False, executor='parallel', parallel_workers=4, event_handlers=None, ignore_user_meta=False, metas=['./colcon.meta'], base_paths=['.'], packages_ignore=None, packages_ignore_regex=None, paths=None, packages_up_to=None, packages_up_to_regex=None, packages_above=None, packages_above_and_dependencies=None, packages_above_depth=None, packages_select_by_dep=None, packages_skip_by_dep=None, packages_skip_up_to=None, packages_select_build_failed=False, packages_skip_build_finished=False, packages_select_test_failures=False, packages_skip_test_passed=False, packages_select=None, packages_skip=None, packages_select_regex=None, packages_skip_regex=None, packages_start=None, packages_end=None, allow_overriding=[], cmake_args=None, cmake_target=None, cmake_target_skip_unavailable=False, cmake_clean_cache=False, cmake_clean_first=False, cmake_force_configure=False, ament_cmake_args=None, catkin_cmake_args=None, catkin_skip_building_tests=False, verb_parser=<colcon_defaults.argument_parser.defaults.DefaultArgumentsDecorator object at 0x7f7bfdb23eb0>, verb_extension=<colcon_core.verb.build.BuildVerb object at 0x7f7bfe4f9960>, main=<bound method BuildVerb.main of <colcon_core.verb.build.BuildVerb object at 0x7f7bfe4f9960>>)
[0.897s] Level 1:colcon.colcon_core.package_discovery:discover_packages(colcon_meta) check parameters
[0.898s] Level 1:colcon.colcon_core.package_discovery:discover_packages(recursive) check parameters
[0.898s] Level 1:colcon.colcon_core.package_discovery:discover_packages(ignore) check parameters
[0.898s] Level 1:colcon.colcon_core.package_discovery:discover_packages(path) check parameters
[0.898s] Level 1:colcon.colcon_core.package_discovery:discover_packages(colcon_meta) discover
[0.898s] Level 1:colcon.colcon_core.package_discovery:discover_packages(recursive) discover
[0.898s] INFO:colcon.colcon_core.package_discovery:Crawling recursively for packages in '/home/jpedr/Documents/Robotics-Nav2-SLAM-Example/ros2_docker/colcon_ws'
[0.898s] Level 1:colcon.colcon_core.package_identification:_identify(.) by extensions ['ignore', 'ignore_ament_install']
[0.898s] Level 1:colcon.colcon_core.package_identification:_identify(.) by extension 'ignore'
[0.898s] Level 1:colcon.colcon_core.package_identification:_identify(.) by extension 'ignore_ament_install'
[0.899s] Level 1:colcon.colcon_core.package_identification:_identify(.) by extensions ['colcon_pkg']
[0.899s] Level 1:colcon.colcon_core.package_identification:_identify(.) by extension 'colcon_pkg'
[0.899s] Level 1:colcon.colcon_core.package_identification:_identify(.) by extensions ['colcon_meta']
[0.899s] Level 1:colcon.colcon_core.package_identification:_identify(.) by extension 'colcon_meta'
[0.899s] Level 1:colcon.colcon_core.package_identification:_identify(.) by extensions ['ros']
[0.899s] Level 1:colcon.colcon_core.package_identification:_identify(.) by extension 'ros'
[0.918s] Level 1:colcon.colcon_core.package_identification:_identify(.) by extensions ['cmake', 'python']
[0.918s] Level 1:colcon.colcon_core.package_identification:_identify(.) by extension 'cmake'
[0.918s] Level 1:colcon.colcon_core.package_identification:_identify(.) by extension 'python'
[0.918s] Level 1:colcon.colcon_core.package_identification:_identify(.) by extensions ['python_setup_py']
[0.918s] Level 1:colcon.colcon_core.package_identification:_identify(.) by extension 'python_setup_py'
[0.919s] Level 1:colcon.colcon_core.package_identification:_identify(build) by extensions ['ignore', 'ignore_ament_install']
[0.919s] Level 1:colcon.colcon_core.package_identification:_identify(build) by extension 'ignore'
[0.919s] Level 1:colcon.colcon_core.package_identification:_identify(build) ignored
[0.919s] Level 1:colcon.colcon_core.package_identification:_identify(install) by extensions ['ignore', 'ignore_ament_install']
[0.919s] Level 1:colcon.colcon_core.package_identification:_identify(install) by extension 'ignore'
[0.919s] Level 1:colcon.colcon_core.package_identification:_identify(install) ignored
[0.920s] Level 1:colcon.colcon_core.package_identification:_identify(log) by extensions ['ignore', 'ignore_ament_install']
[0.920s] Level 1:colcon.colcon_core.package_identification:_identify(log) by extension 'ignore'
[0.920s] Level 1:colcon.colcon_core.package_identification:_identify(log) ignored
[0.920s] Level 1:colcon.colcon_core.package_identification:_identify(src) by extensions ['ignore', 'ignore_ament_install']
[0.920s] Level 1:colcon.colcon_core.package_identification:_identify(src) by extension 'ignore'
[0.921s] Level 1:colcon.colcon_core.package_identification:_identify(src) by extension 'ignore_ament_install'
[0.921s] Level 1:colcon.colcon_core.package_identification:_identify(src) by extensions ['colcon_pkg']
[0.921s] Level 1:colcon.colcon_core.package_identification:_identify(src) by extension 'colcon_pkg'
[0.921s] Level 1:colcon.colcon_core.package_identification:_identify(src) by extensions ['colcon_meta']
[0.921s] Level 1:colcon.colcon_core.package_identification:_identify(src) by extension 'colcon_meta'
[0.921s] Level 1:colcon.colcon_core.package_identification:_identify(src) by extensions ['ros']
[0.921s] Level 1:colcon.colcon_core.package_identification:_identify(src) by extension 'ros'
[0.921s] Level 1:colcon.colcon_core.package_identification:_identify(src) by extensions ['cmake', 'python']
[0.921s] Level 1:colcon.colcon_core.package_identification:_identify(src) by extension 'cmake'
[0.922s] Level 1:colcon.colcon_core.package_identification:_identify(src) by extension 'python'
[0.922s] Level 1:colcon.colcon_core.package_identification:_identify(src) by extensions ['python_setup_py']
[0.922s] Level 1:colcon.colcon_core.package_identification:_identify(src) by extension 'python_setup_py'
[0.922s] Level 1:colcon.colcon_core.package_identification:_identify(src/ROS-TCP-Endpoint) by extensions ['ignore', 'ignore_ament_install']
[0.922s] Level 1:colcon.colcon_core.package_identification:_identify(src/ROS-TCP-Endpoint) by extension 'ignore'
[0.922s] Level 1:colcon.colcon_core.package_identification:_identify(src/ROS-TCP-Endpoint) by extension 'ignore_ament_install'
[0.922s] Level 1:colcon.colcon_core.package_identification:_identify(src/ROS-TCP-Endpoint) by extensions ['colcon_pkg']
[0.923s] Level 1:colcon.colcon_core.package_identification:_identify(src/ROS-TCP-Endpoint) by extension 'colcon_pkg'
[0.923s] Level 1:colcon.colcon_core.package_identification:_identify(src/ROS-TCP-Endpoint) by extensions ['colcon_meta']
[0.923s] Level 1:colcon.colcon_core.package_identification:_identify(src/ROS-TCP-Endpoint) by extension 'colcon_meta'
[0.923s] Level 1:colcon.colcon_core.package_identification:_identify(src/ROS-TCP-Endpoint) by extensions ['ros']
[0.923s] Level 1:colcon.colcon_core.package_identification:_identify(src/ROS-TCP-Endpoint) by extension 'ros'
[0.928s] DEBUG:colcon.colcon_core.package_identification:Package 'src/ROS-TCP-Endpoint' with type 'ros.ament_python' and name 'ros_tcp_endpoint'
[0.929s] Level 1:colcon.colcon_core.package_identification:_identify(src/control_node) by extensions ['ignore', 'ignore_ament_install']
[0.929s] Level 1:colcon.colcon_core.package_identification:_identify(src/control_node) by extension 'ignore'
[0.929s] Level 1:colcon.colcon_core.package_identification:_identify(src/control_node) by extension 'ignore_ament_install'
[0.929s] Level 1:colcon.colcon_core.package_identification:_identify(src/control_node) by extensions ['colcon_pkg']
[0.929s] Level 1:colcon.colcon_core.package_identification:_identify(src/control_node) by extension 'colcon_pkg'
[0.929s] Level 1:colcon.colcon_core.package_identification:_identify(src/control_node) by extensions ['colcon_meta']
[0.929s] Level 1:colcon.colcon_core.package_identification:_identify(src/control_node) by extension 'colcon_meta'
[0.930s] Level 1:colcon.colcon_core.package_identification:_identify(src/control_node) by extensions ['ros']
[0.930s] Level 1:colcon.colcon_core.package_identification:_identify(src/control_node) by extension 'ros'
[0.931s] DEBUG:colcon.colcon_core.package_identification:Package 'src/control_node' with type 'ros.ament_python' and name 'control_node'
[0.931s] Level 1:colcon.colcon_core.package_identification:_identify(src/py_marker) by extensions ['ignore', 'ignore_ament_install']
[0.931s] Level 1:colcon.colcon_core.package_identification:_identify(src/py_marker) by extension 'ignore'
[0.931s] Level 1:colcon.colcon_core.package_identification:_identify(src/py_marker) by extension 'ignore_ament_install'
[0.931s] Level 1:colcon.colcon_core.package_identification:_identify(src/py_marker) by extensions ['colcon_pkg']
[0.932s] Level 1:colcon.colcon_core.package_identification:_identify(src/py_marker) by extension 'colcon_pkg'
[0.932s] Level 1:colcon.colcon_core.package_identification:_identify(src/py_marker) by extensions ['colcon_meta']
[0.932s] Level 1:colcon.colcon_core.package_identification:_identify(src/py_marker) by extension 'colcon_meta'
[0.932s] Level 1:colcon.colcon_core.package_identification:_identify(src/py_marker) by extensions ['ros']
[0.932s] Level 1:colcon.colcon_core.package_identification:_identify(src/py_marker) by extension 'ros'
[0.933s] DEBUG:colcon.colcon_core.package_identification:Package 'src/py_marker' with type 'ros.ament_python' and name 'py_marker'
[0.933s] Level 1:colcon.colcon_core.package_identification:_identify(src/unity_slam_example) by extensions ['ignore', 'ignore_ament_install']
[0.933s] Level 1:colcon.colcon_core.package_identification:_identify(src/unity_slam_example) by extension 'ignore'
[0.934s] Level 1:colcon.colcon_core.package_identification:_identify(src/unity_slam_example) by extension 'ignore_ament_install'
[0.934s] Level 1:colcon.colcon_core.package_identification:_identify(src/unity_slam_example) by extensions ['colcon_pkg']
[0.934s] Level 1:colcon.colcon_core.package_identification:_identify(src/unity_slam_example) by extension 'colcon_pkg'
[0.934s] Level 1:colcon.colcon_core.package_identification:_identify(src/unity_slam_example) by extensions ['colcon_meta']
[0.934s] Level 1:colcon.colcon_core.package_identification:_identify(src/unity_slam_example) by extension 'colcon_meta'
[0.934s] Level 1:colcon.colcon_core.package_identification:_identify(src/unity_slam_example) by extensions ['ros']
[0.934s] Level 1:colcon.colcon_core.package_identification:_identify(src/unity_slam_example) by extension 'ros'
[0.935s] DEBUG:colcon.colcon_core.package_identification:Package 'src/unity_slam_example' with type 'ros.ament_python' and name 'unity_slam_example'
[0.936s] Level 1:colcon.colcon_core.package_discovery:discover_packages(recursive) using defaults
[0.936s] Level 1:colcon.colcon_core.package_discovery:discover_packages(ignore) discover
[0.936s] Level 1:colcon.colcon_core.package_discovery:discover_packages(ignore) using defaults
[0.936s] Level 1:colcon.colcon_core.package_discovery:discover_packages(path) discover
[0.936s] Level 1:colcon.colcon_core.package_discovery:discover_packages(path) using defaults
[0.992s] Level 1:colcon.colcon_core.package_discovery:discover_packages(prefix_path) check parameters
[0.992s] Level 1:colcon.colcon_core.package_discovery:discover_packages(prefix_path) discover
[1.008s] DEBUG:colcon.colcon_installed_package_information.package_discovery:Found 4 installed packages in /home/jpedr/Documents/Robotics-Nav2-SLAM-Example/ros2_docker/colcon_ws/install
[1.015s] DEBUG:colcon.colcon_installed_package_information.package_discovery:Found 313 installed packages in /opt/ros/humble
[1.018s] Level 1:colcon.colcon_core.package_discovery:discover_packages(prefix_path) using defaults
[1.137s] Level 5:colcon.colcon_core.verb:set package 'control_node' build argument 'cmake_args' from command line to 'None'
[1.137s] Level 5:colcon.colcon_core.verb:set package 'control_node' build argument 'cmake_target' from command line to 'None'
[1.137s] Level 5:colcon.colcon_core.verb:set package 'control_node' build argument 'cmake_target_skip_unavailable' from command line to 'False'
[1.138s] Level 5:colcon.colcon_core.verb:set package 'control_node' build argument 'cmake_clean_cache' from command line to 'False'
[1.138s] Level 5:colcon.colcon_core.verb:set package 'control_node' build argument 'cmake_clean_first' from command line to 'False'
[1.138s] Level 5:colcon.colcon_core.verb:set package 'control_node' build argument 'cmake_force_configure' from command line to 'False'
[1.138s] Level 5:colcon.colcon_core.verb:set package 'control_node' build argument 'ament_cmake_args' from command line to 'None'
[1.138s] Level 5:colcon.colcon_core.verb:set package 'control_node' build argument 'catkin_cmake_args' from command line to 'None'
[1.138s] Level 5:colcon.colcon_core.verb:set package 'control_node' build argument 'catkin_skip_building_tests' from command line to 'False'
[1.138s] DEBUG:colcon.colcon_core.verb:Building package 'control_node' with the following arguments: {'ament_cmake_args': None, 'build_base': '/home/jpedr/Documents/Robotics-Nav2-SLAM-Example/ros2_docker/colcon_ws/build/control_node', 'catkin_cmake_args': None, 'catkin_skip_building_tests': False, 'cmake_args': None, 'cmake_clean_cache': False, 'cmake_clean_first': False, 'cmake_force_configure': False, 'cmake_target': None, 'cmake_target_skip_unavailable': False, 'install_base': '/home/jpedr/Documents/Robotics-Nav2-SLAM-Example/ros2_docker/colcon_ws/install/control_node', 'merge_install': False, 'path': '/home/jpedr/Documents/Robotics-Nav2-SLAM-Example/ros2_docker/colcon_ws/src/control_node', 'symlink_install': False, 'test_result_base': None}
[1.151s] Level 5:colcon.colcon_core.verb:set package 'py_marker' build argument 'cmake_args' from command line to 'None'
[1.151s] Level 5:colcon.colcon_core.verb:set package 'py_marker' build argument 'cmake_target' from command line to 'None'
[1.151s] Level 5:colcon.colcon_core.verb:set package 'py_marker' build argument 'cmake_target_skip_unavailable' from command line to 'False'
[1.151s] Level 5:colcon.colcon_core.verb:set package 'py_marker' build argument 'cmake_clean_cache' from command line to 'False'
[1.151s] Level 5:colcon.colcon_core.verb:set package 'py_marker' build argument 'cmake_clean_first' from command line to 'False'
[1.152s] Level 5:colcon.colcon_core.verb:set package 'py_marker' build argument 'cmake_force_configure' from command line to 'False'
[1.152s] Level 5:colcon.colcon_core.verb:set package 'py_marker' build argument 'ament_cmake_args' from command line to 'None'
[1.152s] Level 5:colcon.colcon_core.verb:set package 'py_marker' build argument 'catkin_cmake_args' from command line to 'None'
[1.152s] Level 5:colcon.colcon_core.verb:set package 'py_marker' build argument 'catkin_skip_building_tests' from command line to 'False'
[1.152s] DEBUG:colcon.colcon_core.verb:Building package 'py_marker' with the following arguments: {'ament_cmake_args': None, 'build_base': '/home/jpedr/Documents/Robotics-Nav2-SLAM-Example/ros2_docker/colcon_ws/build/py_marker', 'catkin_cmake_args': None, 'catkin_skip_building_tests': False, 'cmake_args': None, 'cmake_clean_cache': False, 'cmake_clean_first': False, 'cmake_force_configure': False, 'cmake_target': None, 'cmake_target_skip_unavailable': False, 'install_base': '/home/jpedr/Documents/Robotics-Nav2-SLAM-Example/ros2_docker/colcon_ws/install/py_marker', 'merge_install': False, 'path': '/home/jpedr/Documents/Robotics-Nav2-SLAM-Example/ros2_docker/colcon_ws/src/py_marker', 'symlink_install': False, 'test_result_base': None}
[1.166s] Level 5:colcon.colcon_core.verb:set package 'ros_tcp_endpoint' build argument 'cmake_args' from command line to 'None'
[1.166s] Level 5:colcon.colcon_core.verb:set package 'ros_tcp_endpoint' build argument 'cmake_target' from command line to 'None'
[1.166s] Level 5:colcon.colcon_core.verb:set package 'ros_tcp_endpoint' build argument 'cmake_target_skip_unavailable' from command line to 'False'
[1.166s] Level 5:colcon.colcon_core.verb:set package 'ros_tcp_endpoint' build argument 'cmake_clean_cache' from command line to 'False'
[1.166s] Level 5:colcon.colcon_core.verb:set package 'ros_tcp_endpoint' build argument 'cmake_clean_first' from command line to 'False'
[1.166s] Level 5:colcon.colcon_core.verb:set package 'ros_tcp_endpoint' build argument 'cmake_force_configure' from command line to 'False'
[1.166s] Level 5:colcon.colcon_core.verb:set package 'ros_tcp_endpoint' build argument 'ament_cmake_args' from command line to 'None'
[1.166s] Level 5:colcon.colcon_core.verb:set package 'ros_tcp_endpoint' build argument 'catkin_cmake_args' from command line to 'None'
[1.166s] Level 5:colcon.colcon_core.verb:set package 'ros_tcp_endpoint' build argument 'catkin_skip_building_tests' from command line to 'False'
[1.166s] DEBUG:colcon.colcon_core.verb:Building package 'ros_tcp_endpoint' with the following arguments: {'ament_cmake_args': None, 'build_base': '/home/jpedr/Documents/Robotics-Nav2-SLAM-Example/ros2_docker/colcon_ws/build/ros_tcp_endpoint', 'catkin_cmake_args': None, 'catkin_skip_building_tests': False, 'cmake_args': None, 'cmake_clean_cache': False, 'cmake_clean_first': False, 'cmake_force_configure': False, 'cmake_target': None, 'cmake_target_skip_unavailable': False, 'install_base': '/home/jpedr/Documents/Robotics-Nav2-SLAM-Example/ros2_docker/colcon_ws/install/ros_tcp_endpoint', 'merge_install': False, 'path': '/home/jpedr/Documents/Robotics-Nav2-SLAM-Example/ros2_docker/colcon_ws/src/ROS-TCP-Endpoint', 'symlink_install': False, 'test_result_base': None}
[1.184s] Level 5:colcon.colcon_core.verb:set package 'unity_slam_example' build argument 'cmake_args' from command line to 'None'
[1.184s] Level 5:colcon.colcon_core.verb:set package 'unity_slam_example' build argument 'cmake_target' from command line to 'None'
[1.184s] Level 5:colcon.colcon_core.verb:set package 'unity_slam_example' build argument 'cmake_target_skip_unavailable' from command line to 'False'
[1.184s] Level 5:colcon.colcon_core.verb:set package 'unity_slam_example' build argument 'cmake_clean_cache' from command line to 'False'
[1.184s] Level 5:colcon.colcon_core.verb:set package 'unity_slam_example' build argument 'cmake_clean_first' from command line to 'False'
[1.185s] Level 5:colcon.colcon_core.verb:set package 'unity_slam_example' build argument 'cmake_force_configure' from command line to 'False'
[1.185s] Level 5:colcon.colcon_core.verb:set package 'unity_slam_example' build argument 'ament_cmake_args' from command line to 'None'
[1.185s] Level 5:colcon.colcon_core.verb:set package 'unity_slam_example' build argument 'catkin_cmake_args' from command line to 'None'
[1.185s] Level 5:colcon.colcon_core.verb:set package 'unity_slam_example' build argument 'catkin_skip_building_tests' from command line to 'False'
[1.185s] DEBUG:colcon.colcon_core.verb:Building package 'unity_slam_example' with the following arguments: {'ament_cmake_args': None, 'build_base': '/home/jpedr/Documents/Robotics-Nav2-SLAM-Example/ros2_docker/colcon_ws/build/unity_slam_example', 'catkin_cmake_args': None, 'catkin_skip_building_tests': False, 'cmake_args': None, 'cmake_clean_cache': False, 'cmake_clean_first': False, 'cmake_force_configure': False, 'cmake_target': None, 'cmake_target_skip_unavailable': False, 'install_base': '/home/jpedr/Documents/Robotics-Nav2-SLAM-Example/ros2_docker/colcon_ws/install/unity_slam_example', 'merge_install': False, 'path': '/home/jpedr/Documents/Robotics-Nav2-SLAM-Example/ros2_docker/colcon_ws/src/unity_slam_example', 'symlink_install': False, 'test_result_base': None}
[1.189s] INFO:colcon.colcon_core.executor:Executing jobs using 'parallel' executor
[1.206s] DEBUG:colcon.colcon_parallel_executor.executor.parallel:run_until_complete
[1.207s] INFO:colcon.colcon_ros.task.ament_python.build:Building ROS package in '/home/jpedr/Documents/Robotics-Nav2-SLAM-Example/ros2_docker/colcon_ws/src/control_node' with build type 'ament_python'
[1.207s] Level 1:colcon.colcon_core.shell:create_environment_hook('control_node', 'ament_prefix_path')
[1.221s] INFO:colcon.colcon_core.plugin_system:Skipping extension 'colcon_core.shell.bat': Not used on non-Windows systems
[1.221s] INFO:colcon.colcon_core.shell:Creating environment hook '/home/jpedr/Documents/Robotics-Nav2-SLAM-Example/ros2_docker/colcon_ws/install/control_node/share/control_node/hook/ament_prefix_path.ps1'
[1.223s] INFO:colcon.colcon_core.shell:Creating environment descriptor '/home/jpedr/Documents/Robotics-Nav2-SLAM-Example/ros2_docker/colcon_ws/install/control_node/share/control_node/hook/ament_prefix_path.dsv'
[1.224s] INFO:colcon.colcon_core.shell:Creating environment hook '/home/jpedr/Documents/Robotics-Nav2-SLAM-Example/ros2_docker/colcon_ws/install/control_node/share/control_node/hook/ament_prefix_path.sh'
[1.232s] INFO:colcon.colcon_core.shell:Skip shell extension 'powershell' for command environment: Not usable outside of PowerShell
[1.232s] DEBUG:colcon.colcon_core.shell:Skip shell extension 'dsv' for command environment
[1.253s] INFO:colcon.colcon_ros.task.ament_python.build:Building ROS package in '/home/jpedr/Documents/Robotics-Nav2-SLAM-Example/ros2_docker/colcon_ws/src/py_marker' with build type 'ament_python'
[1.253s] Level 1:colcon.colcon_core.shell:create_environment_hook('py_marker', 'ament_prefix_path')
[1.262s] INFO:colcon.colcon_core.shell:Creating environment hook '/home/jpedr/Documents/Robotics-Nav2-SLAM-Example/ros2_docker/colcon_ws/install/py_marker/share/py_marker/hook/ament_prefix_path.ps1'
[1.263s] INFO:colcon.colcon_core.shell:Creating environment descriptor '/home/jpedr/Documents/Robotics-Nav2-SLAM-Example/ros2_docker/colcon_ws/install/py_marker/share/py_marker/hook/ament_prefix_path.dsv'
[1.264s] INFO:colcon.colcon_core.shell:Creating environment hook '/home/jpedr/Documents/Robotics-Nav2-SLAM-Example/ros2_docker/colcon_ws/install/py_marker/share/py_marker/hook/ament_prefix_path.sh'
[1.276s] INFO:colcon.colcon_core.shell:Skip shell extension 'powershell' for command environment: Not usable outside of PowerShell
[1.276s] DEBUG:colcon.colcon_core.shell:Skip shell extension 'dsv' for command environment
[1.296s] INFO:colcon.colcon_ros.task.ament_python.build:Building ROS package in '/home/jpedr/Documents/Robotics-Nav2-SLAM-Example/ros2_docker/colcon_ws/src/ROS-TCP-Endpoint' with build type 'ament_python'
[1.297s] Level 1:colcon.colcon_core.shell:create_environment_hook('ros_tcp_endpoint', 'ament_prefix_path')
[1.303s] INFO:colcon.colcon_core.shell:Creating environment hook '/home/jpedr/Documents/Robotics-Nav2-SLAM-Example/ros2_docker/colcon_ws/install/ros_tcp_endpoint/share/ros_tcp_endpoint/hook/ament_prefix_path.ps1'
[1.304s] INFO:colcon.colcon_core.shell:Creating environment descriptor '/home/jpedr/Documents/Robotics-Nav2-SLAM-Example/ros2_docker/colcon_ws/install/ros_tcp_endpoint/share/ros_tcp_endpoint/hook/ament_prefix_path.dsv'
[1.305s] INFO:colcon.colcon_core.shell:Creating environment hook '/home/jpedr/Documents/Robotics-Nav2-SLAM-Example/ros2_docker/colcon_ws/install/ros_tcp_endpoint/share/ros_tcp_endpoint/hook/ament_prefix_path.sh'
[1.316s] INFO:colcon.colcon_core.shell:Skip shell extension 'powershell' for command environment: Not usable outside of PowerShell
[1.317s] DEBUG:colcon.colcon_core.shell:Skip shell extension 'dsv' for command environment
[1.339s] INFO:colcon.colcon_ros.task.ament_python.build:Building ROS package in '/home/jpedr/Documents/Robotics-Nav2-SLAM-Example/ros2_docker/colcon_ws/src/unity_slam_example' with build type 'ament_python'
[1.340s] Level 1:colcon.colcon_core.shell:create_environment_hook('unity_slam_example', 'ament_prefix_path')
[1.348s] INFO:colcon.colcon_core.shell:Creating environment hook '/home/jpedr/Documents/Robotics-Nav2-SLAM-Example/ros2_docker/colcon_ws/install/unity_slam_example/share/unity_slam_example/hook/ament_prefix_path.ps1'
[1.349s] INFO:colcon.colcon_core.shell:Creating environment descriptor '/home/jpedr/Documents/Robotics-Nav2-SLAM-Example/ros2_docker/colcon_ws/install/unity_slam_example/share/unity_slam_example/hook/ament_prefix_path.dsv'
[1.350s] INFO:colcon.colcon_core.shell:Creating environment hook '/home/jpedr/Documents/Robotics-Nav2-SLAM-Example/ros2_docker/colcon_ws/install/unity_slam_example/share/unity_slam_example/hook/ament_prefix_path.sh'
[1.360s] INFO:colcon.colcon_core.shell:Skip shell extension 'powershell' for command environment: Not usable outside of PowerShell
[1.360s] DEBUG:colcon.colcon_core.shell:Skip shell extension 'dsv' for command environment
[1.828s] INFO:colcon.colcon_core.task.python.build:Building Python package in '/home/jpedr/Documents/Robotics-Nav2-SLAM-Example/ros2_docker/colcon_ws/src/control_node'
[1.835s] INFO:colcon.colcon_core.shell:Skip shell extension 'powershell' for command environment: Not usable outside of PowerShell
[1.835s] DEBUG:colcon.colcon_core.shell:Skip shell extension 'dsv' for command environment
[2.301s] INFO:colcon.colcon_core.task.python.build:Building Python package in '/home/jpedr/Documents/Robotics-Nav2-SLAM-Example/ros2_docker/colcon_ws/src/py_marker'
[2.308s] INFO:colcon.colcon_core.shell:Skip shell extension 'powershell' for command environment: Not usable outside of PowerShell
[2.308s] DEBUG:colcon.colcon_core.shell:Skip shell extension 'dsv' for command environment
[2.770s] INFO:colcon.colcon_core.task.python.build:Building Python package in '/home/jpedr/Documents/Robotics-Nav2-SLAM-Example/ros2_docker/colcon_ws/src/ROS-TCP-Endpoint'
[2.778s] INFO:colcon.colcon_core.shell:Skip shell extension 'powershell' for command environment: Not usable outside of PowerShell
[2.778s] DEBUG:colcon.colcon_core.shell:Skip shell extension 'dsv' for command environment
[3.241s] INFO:colcon.colcon_core.task.python.build:Building Python package in '/home/jpedr/Documents/Robotics-Nav2-SLAM-Example/ros2_docker/colcon_ws/src/unity_slam_example'
[3.247s] INFO:colcon.colcon_core.shell:Skip shell extension 'powershell' for command environment: Not usable outside of PowerShell
[3.247s] DEBUG:colcon.colcon_core.shell:Skip shell extension 'dsv' for command environment
[4.288s] DEBUG:colcon.colcon_core.event_handler.log_command:Invoking command in '/home/jpedr/Documents/Robotics-Nav2-SLAM-Example/ros2_docker/colcon_ws/src/unity_slam_example': PYTHONPATH=/home/jpedr/Documents/Robotics-Nav2-SLAM-Example/ros2_docker/colcon_ws/install/unity_slam_example/lib/python3.10/site-packages:${PYTHONPATH} /usr/bin/python3 setup.py egg_info --egg-base ../../build/unity_slam_example build --build-base /home/jpedr/Documents/Robotics-Nav2-SLAM-Example/ros2_docker/colcon_ws/build/unity_slam_example/build install --prefix /home/jpedr/Documents/Robotics-Nav2-SLAM-Example/ros2_docker/colcon_ws/install/unity_slam_example --record /home/jpedr/Documents/Robotics-Nav2-SLAM-Example/ros2_docker/colcon_ws/build/unity_slam_example/install.log --single-version-externally-managed
[4.294s] DEBUG:colcon.colcon_core.event_handler.log_command:Invoking command in '/home/jpedr/Documents/Robotics-Nav2-SLAM-Example/ros2_docker/colcon_ws/src/control_node': PYTHONPATH=/home/jpedr/Documents/Robotics-Nav2-SLAM-Example/ros2_docker/colcon_ws/install/control_node/lib/python3.10/site-packages:${PYTHONPATH} /usr/bin/python3 setup.py egg_info --egg-base ../../build/control_node build --build-base /home/jpedr/Documents/Robotics-Nav2-SLAM-Example/ros2_docker/colcon_ws/build/control_node/build install --prefix /home/jpedr/Documents/Robotics-Nav2-SLAM-Example/ros2_docker/colcon_ws/install/control_node --record /home/jpedr/Documents/Robotics-Nav2-SLAM-Example/ros2_docker/colcon_ws/build/control_node/install.log --single-version-externally-managed
[4.351s] DEBUG:colcon.colcon_core.event_handler.log_command:Invoking command in '/home/jpedr/Documents/Robotics-Nav2-SLAM-Example/ros2_docker/colcon_ws/src/py_marker': PYTHONPATH=/home/jpedr/Documents/Robotics-Nav2-SLAM-Example/ros2_docker/colcon_ws/install/py_marker/lib/python3.10/site-packages:${PYTHONPATH} /usr/bin/python3 setup.py egg_info --egg-base ../../build/py_marker build --build-base /home/jpedr/Documents/Robotics-Nav2-SLAM-Example/ros2_docker/colcon_ws/build/py_marker/build install --prefix /home/jpedr/Documents/Robotics-Nav2-SLAM-Example/ros2_docker/colcon_ws/install/py_marker --record /home/jpedr/Documents/Robotics-Nav2-SLAM-Example/ros2_docker/colcon_ws/build/py_marker/install.log --single-version-externally-managed
[4.403s] DEBUG:colcon.colcon_core.event_handler.log_command:Invoking command in '/home/jpedr/Documents/Robotics-Nav2-SLAM-Example/ros2_docker/colcon_ws/src/ROS-TCP-Endpoint': PYTHONPATH=/home/jpedr/Documents/Robotics-Nav2-SLAM-Example/ros2_docker/colcon_ws/install/ros_tcp_endpoint/lib/python3.10/site-packages:${PYTHONPATH} /usr/bin/python3 setup.py egg_info --egg-base ../../build/ros_tcp_endpoint build --build-base /home/jpedr/Documents/Robotics-Nav2-SLAM-Example/ros2_docker/colcon_ws/build/ros_tcp_endpoint/build install --prefix /home/jpedr/Documents/Robotics-Nav2-SLAM-Example/ros2_docker/colcon_ws/install/ros_tcp_endpoint --record /home/jpedr/Documents/Robotics-Nav2-SLAM-Example/ros2_docker/colcon_ws/build/ros_tcp_endpoint/install.log --single-version-externally-managed
[5.212s] DEBUG:colcon.colcon_core.event_handler.log_command:Invoked command in '/home/jpedr/Documents/Robotics-Nav2-SLAM-Example/ros2_docker/colcon_ws/src/control_node' returned '0': PYTHONPATH=/home/jpedr/Documents/Robotics-Nav2-SLAM-Example/ros2_docker/colcon_ws/install/control_node/lib/python3.10/site-packages:${PYTHONPATH} /usr/bin/python3 setup.py egg_info --egg-base ../../build/control_node build --build-base /home/jpedr/Documents/Robotics-Nav2-SLAM-Example/ros2_docker/colcon_ws/build/control_node/build install --prefix /home/jpedr/Documents/Robotics-Nav2-SLAM-Example/ros2_docker/colcon_ws/install/control_node --record /home/jpedr/Documents/Robotics-Nav2-SLAM-Example/ros2_docker/colcon_ws/build/control_node/install.log --single-version-externally-managed
[5.237s] Level 1:colcon.colcon_core.environment:checking '/home/jpedr/Documents/Robotics-Nav2-SLAM-Example/ros2_docker/colcon_ws/install/control_node' for CMake module files
[5.238s] Level 1:colcon.colcon_core.environment:checking '/home/jpedr/Documents/Robotics-Nav2-SLAM-Example/ros2_docker/colcon_ws/install/control_node' for CMake config files
[5.239s] Level 1:colcon.colcon_core.environment:checking '/home/jpedr/Documents/Robotics-Nav2-SLAM-Example/ros2_docker/colcon_ws/install/control_node/lib'
[5.240s] Level 1:colcon.colcon_core.environment:checking '/home/jpedr/Documents/Robotics-Nav2-SLAM-Example/ros2_docker/colcon_ws/install/control_node/bin'
[5.240s] Level 1:colcon.colcon_core.environment:checking '/home/jpedr/Documents/Robotics-Nav2-SLAM-Example/ros2_docker/colcon_ws/install/control_node/lib/pkgconfig/control_node.pc'
[5.241s] Level 1:colcon.colcon_core.environment:checking '/home/jpedr/Documents/Robotics-Nav2-SLAM-Example/ros2_docker/colcon_ws/install/control_node/lib/python3.10/site-packages'
[5.241s] Level 1:colcon.colcon_core.shell:create_environment_hook('control_node', 'pythonpath')
[5.253s] INFO:colcon.colcon_core.shell:Creating environment hook '/home/jpedr/Documents/Robotics-Nav2-SLAM-Example/ros2_docker/colcon_ws/install/control_node/share/control_node/hook/pythonpath.ps1'
[5.255s] INFO:colcon.colcon_core.shell:Creating environment descriptor '/home/jpedr/Documents/Robotics-Nav2-SLAM-Example/ros2_docker/colcon_ws/install/control_node/share/control_node/hook/pythonpath.dsv'
[5.256s] INFO:colcon.colcon_core.shell:Creating environment hook '/home/jpedr/Documents/Robotics-Nav2-SLAM-Example/ros2_docker/colcon_ws/install/control_node/share/control_node/hook/pythonpath.sh'
[5.259s] Level 1:colcon.colcon_core.environment:checking '/home/jpedr/Documents/Robotics-Nav2-SLAM-Example/ros2_docker/colcon_ws/install/control_node/bin'
[5.259s] Level 1:colcon.colcon_core.environment:create_environment_scripts_only(control_node)
[5.272s] INFO:colcon.colcon_core.shell:Creating package script '/home/jpedr/Documents/Robotics-Nav2-SLAM-Example/ros2_docker/colcon_ws/install/control_node/share/control_node/package.ps1'
[5.275s] INFO:colcon.colcon_core.shell:Creating package descriptor '/home/jpedr/Documents/Robotics-Nav2-SLAM-Example/ros2_docker/colcon_ws/install/control_node/share/control_node/package.dsv'
[5.277s] INFO:colcon.colcon_core.shell:Creating package script '/home/jpedr/Documents/Robotics-Nav2-SLAM-Example/ros2_docker/colcon_ws/install/control_node/share/control_node/package.sh'
[5.280s] INFO:colcon.colcon_core.shell:Creating package script '/home/jpedr/Documents/Robotics-Nav2-SLAM-Example/ros2_docker/colcon_ws/install/control_node/share/control_node/package.bash'
[5.282s] INFO:colcon.colcon_core.shell:Creating package script '/home/jpedr/Documents/Robotics-Nav2-SLAM-Example/ros2_docker/colcon_ws/install/control_node/share/control_node/package.zsh'
[5.284s] Level 1:colcon.colcon_core.environment:create_file_with_runtime_dependencies(/home/jpedr/Documents/Robotics-Nav2-SLAM-Example/ros2_docker/colcon_ws/install/control_node/share/colcon-core/packages/control_node)
[5.301s] Level 1:colcon.colcon_core.environment:checking '/home/jpedr/Documents/Robotics-Nav2-SLAM-Example/ros2_docker/colcon_ws/install/py_marker' for CMake module files
[5.302s] DEBUG:colcon.colcon_core.event_handler.log_command:Invoked command in '/home/jpedr/Documents/Robotics-Nav2-SLAM-Example/ros2_docker/colcon_ws/src/py_marker' returned '0': PYTHONPATH=/home/jpedr/Documents/Robotics-Nav2-SLAM-Example/ros2_docker/colcon_ws/install/py_marker/lib/python3.10/site-packages:${PYTHONPATH} /usr/bin/python3 setup.py egg_info --egg-base ../../build/py_marker build --build-base /home/jpedr/Documents/Robotics-Nav2-SLAM-Example/ros2_docker/colcon_ws/build/py_marker/build install --prefix /home/jpedr/Documents/Robotics-Nav2-SLAM-Example/ros2_docker/colcon_ws/install/py_marker --record /home/jpedr/Documents/Robotics-Nav2-SLAM-Example/ros2_docker/colcon_ws/build/py_marker/install.log --single-version-externally-managed
[5.303s] Level 1:colcon.colcon_core.environment:checking '/home/jpedr/Documents/Robotics-Nav2-SLAM-Example/ros2_docker/colcon_ws/install/py_marker' for CMake config files
[5.304s] Level 1:colcon.colcon_core.environment:checking '/home/jpedr/Documents/Robotics-Nav2-SLAM-Example/ros2_docker/colcon_ws/install/py_marker/lib'
[5.304s] Level 1:colcon.colcon_core.environment:checking '/home/jpedr/Documents/Robotics-Nav2-SLAM-Example/ros2_docker/colcon_ws/install/py_marker/bin'
[5.304s] Level 1:colcon.colcon_core.environment:checking '/home/jpedr/Documents/Robotics-Nav2-SLAM-Example/ros2_docker/colcon_ws/install/py_marker/lib/pkgconfig/py_marker.pc'
[5.305s] Level 1:colcon.colcon_core.environment:checking '/home/jpedr/Documents/Robotics-Nav2-SLAM-Example/ros2_docker/colcon_ws/install/py_marker/lib/python3.10/site-packages'
[5.305s] Level 1:colcon.colcon_core.shell:create_environment_hook('py_marker', 'pythonpath')
[5.312s] INFO:colcon.colcon_core.shell:Creating environment hook '/home/jpedr/Documents/Robotics-Nav2-SLAM-Example/ros2_docker/colcon_ws/install/py_marker/share/py_marker/hook/pythonpath.ps1'
[5.313s] INFO:colcon.colcon_core.shell:Creating environment descriptor '/home/jpedr/Documents/Robotics-Nav2-SLAM-Example/ros2_docker/colcon_ws/install/py_marker/share/py_marker/hook/pythonpath.dsv'
[5.314s] INFO:colcon.colcon_core.shell:Creating environment hook '/home/jpedr/Documents/Robotics-Nav2-SLAM-Example/ros2_docker/colcon_ws/install/py_marker/share/py_marker/hook/pythonpath.sh'
[5.315s] Level 1:colcon.colcon_core.environment:checking '/home/jpedr/Documents/Robotics-Nav2-SLAM-Example/ros2_docker/colcon_ws/install/py_marker/bin'
[5.315s] Level 1:colcon.colcon_core.environment:create_environment_scripts_only(py_marker)
[5.324s] INFO:colcon.colcon_core.shell:Creating package script '/home/jpedr/Documents/Robotics-Nav2-SLAM-Example/ros2_docker/colcon_ws/install/py_marker/share/py_marker/package.ps1'
[5.325s] INFO:colcon.colcon_core.shell:Creating package descriptor '/home/jpedr/Documents/Robotics-Nav2-SLAM-Example/ros2_docker/colcon_ws/install/py_marker/share/py_marker/package.dsv'
[5.325s] INFO:colcon.colcon_core.shell:Creating package script '/home/jpedr/Documents/Robotics-Nav2-SLAM-Example/ros2_docker/colcon_ws/install/py_marker/share/py_marker/package.sh'
[5.326s] INFO:colcon.colcon_core.shell:Creating package script '/home/jpedr/Documents/Robotics-Nav2-SLAM-Example/ros2_docker/colcon_ws/install/py_marker/share/py_marker/package.bash'
[5.327s] INFO:colcon.colcon_core.shell:Creating package script '/home/jpedr/Documents/Robotics-Nav2-SLAM-Example/ros2_docker/colcon_ws/install/py_marker/share/py_marker/package.zsh'
[5.327s] Level 1:colcon.colcon_core.environment:create_file_with_runtime_dependencies(/home/jpedr/Documents/Robotics-Nav2-SLAM-Example/ros2_docker/colcon_ws/install/py_marker/share/colcon-core/packages/py_marker)
[5.339s] Level 1:colcon.colcon_core.environment:checking '/home/jpedr/Documents/Robotics-Nav2-SLAM-Example/ros2_docker/colcon_ws/install/unity_slam_example' for CMake module files
[5.341s] DEBUG:colcon.colcon_core.event_handler.log_command:Invoked command in '/home/jpedr/Documents/Robotics-Nav2-SLAM-Example/ros2_docker/colcon_ws/src/unity_slam_example' returned '0': PYTHONPATH=/home/jpedr/Documents/Robotics-Nav2-SLAM-Example/ros2_docker/colcon_ws/install/unity_slam_example/lib/python3.10/site-packages:${PYTHONPATH} /usr/bin/python3 setup.py egg_info --egg-base ../../build/unity_slam_example build --build-base /home/jpedr/Documents/Robotics-Nav2-SLAM-Example/ros2_docker/colcon_ws/build/unity_slam_example/build install --prefix /home/jpedr/Documents/Robotics-Nav2-SLAM-Example/ros2_docker/colcon_ws/install/unity_slam_example --record /home/jpedr/Documents/Robotics-Nav2-SLAM-Example/ros2_docker/colcon_ws/build/unity_slam_example/install.log --single-version-externally-managed
[5.341s] Level 1:colcon.colcon_core.environment:checking '/home/jpedr/Documents/Robotics-Nav2-SLAM-Example/ros2_docker/colcon_ws/install/unity_slam_example' for CMake config files
[5.342s] Level 1:colcon.colcon_core.environment:checking '/home/jpedr/Documents/Robotics-Nav2-SLAM-Example/ros2_docker/colcon_ws/install/unity_slam_example/lib'
[5.343s] Level 1:colcon.colcon_core.environment:checking '/home/jpedr/Documents/Robotics-Nav2-SLAM-Example/ros2_docker/colcon_ws/install/unity_slam_example/bin'
[5.343s] Level 1:colcon.colcon_core.environment:checking '/home/jpedr/Documents/Robotics-Nav2-SLAM-Example/ros2_docker/colcon_ws/install/unity_slam_example/lib/pkgconfig/unity_slam_example.pc'
[5.343s] Level 1:colcon.colcon_core.environment:checking '/home/jpedr/Documents/Robotics-Nav2-SLAM-Example/ros2_docker/colcon_ws/install/unity_slam_example/lib/python3.10/site-packages'
[5.344s] Level 1:colcon.colcon_core.shell:create_environment_hook('unity_slam_example', 'pythonpath')
[5.352s] INFO:colcon.colcon_core.shell:Creating environment hook '/home/jpedr/Documents/Robotics-Nav2-SLAM-Example/ros2_docker/colcon_ws/install/unity_slam_example/share/unity_slam_example/hook/pythonpath.ps1'
[5.353s] INFO:colcon.colcon_core.shell:Creating environment descriptor '/home/jpedr/Documents/Robotics-Nav2-SLAM-Example/ros2_docker/colcon_ws/install/unity_slam_example/share/unity_slam_example/hook/pythonpath.dsv'
[5.354s] INFO:colcon.colcon_core.shell:Creating environment hook '/home/jpedr/Documents/Robotics-Nav2-SLAM-Example/ros2_docker/colcon_ws/install/unity_slam_example/share/unity_slam_example/hook/pythonpath.sh'
[5.355s] Level 1:colcon.colcon_core.environment:checking '/home/jpedr/Documents/Robotics-Nav2-SLAM-Example/ros2_docker/colcon_ws/install/unity_slam_example/bin'
[5.355s] Level 1:colcon.colcon_core.environment:create_environment_scripts_only(unity_slam_example)
[5.368s] INFO:colcon.colcon_core.shell:Creating package script '/home/jpedr/Documents/Robotics-Nav2-SLAM-Example/ros2_docker/colcon_ws/install/unity_slam_example/share/unity_slam_example/package.ps1'
[5.371s] INFO:colcon.colcon_core.shell:Creating package descriptor '/home/jpedr/Documents/Robotics-Nav2-SLAM-Example/ros2_docker/colcon_ws/install/unity_slam_example/share/unity_slam_example/package.dsv'
[5.372s] INFO:colcon.colcon_core.shell:Creating package script '/home/jpedr/Documents/Robotics-Nav2-SLAM-Example/ros2_docker/colcon_ws/install/unity_slam_example/share/unity_slam_example/package.sh'
[5.373s] INFO:colcon.colcon_core.shell:Creating package script '/home/jpedr/Documents/Robotics-Nav2-SLAM-Example/ros2_docker/colcon_ws/install/unity_slam_example/share/unity_slam_example/package.bash'
[5.374s] INFO:colcon.colcon_core.shell:Creating package script '/home/jpedr/Documents/Robotics-Nav2-SLAM-Example/ros2_docker/colcon_ws/install/unity_slam_example/share/unity_slam_example/package.zsh'
[5.374s] Level 1:colcon.colcon_core.environment:create_file_with_runtime_dependencies(/home/jpedr/Documents/Robotics-Nav2-SLAM-Example/ros2_docker/colcon_ws/install/unity_slam_example/share/colcon-core/packages/unity_slam_example)
[5.384s] Level 1:colcon.colcon_core.environment:checking '/home/jpedr/Documents/Robotics-Nav2-SLAM-Example/ros2_docker/colcon_ws/install/ros_tcp_endpoint' for CMake module files
[5.386s] DEBUG:colcon.colcon_core.event_handler.log_command:Invoked command in '/home/jpedr/Documents/Robotics-Nav2-SLAM-Example/ros2_docker/colcon_ws/src/ROS-TCP-Endpoint' returned '0': PYTHONPATH=/home/jpedr/Documents/Robotics-Nav2-SLAM-Example/ros2_docker/colcon_ws/install/ros_tcp_endpoint/lib/python3.10/site-packages:${PYTHONPATH} /usr/bin/python3 setup.py egg_info --egg-base ../../build/ros_tcp_endpoint build --build-base /home/jpedr/Documents/Robotics-Nav2-SLAM-Example/ros2_docker/colcon_ws/build/ros_tcp_endpoint/build install --prefix /home/jpedr/Documents/Robotics-Nav2-SLAM-Example/ros2_docker/colcon_ws/install/ros_tcp_endpoint --record /home/jpedr/Documents/Robotics-Nav2-SLAM-Example/ros2_docker/colcon_ws/build/ros_tcp_endpoint/install.log --single-version-externally-managed
[5.387s] Level 1:colcon.colcon_core.environment:checking '/home/jpedr/Documents/Robotics-Nav2-SLAM-Example/ros2_docker/colcon_ws/install/ros_tcp_endpoint' for CMake config files
[5.388s] Level 1:colcon.colcon_core.environment:checking '/home/jpedr/Documents/Robotics-Nav2-SLAM-Example/ros2_docker/colcon_ws/install/ros_tcp_endpoint/lib'
[5.388s] Level 1:colcon.colcon_core.environment:checking '/home/jpedr/Documents/Robotics-Nav2-SLAM-Example/ros2_docker/colcon_ws/install/ros_tcp_endpoint/bin'
[5.389s] Level 1:colcon.colcon_core.environment:checking '/home/jpedr/Documents/Robotics-Nav2-SLAM-Example/ros2_docker/colcon_ws/install/ros_tcp_endpoint/lib/pkgconfig/ros_tcp_endpoint.pc'
[5.389s] Level 1:colcon.colcon_core.environment:checking '/home/jpedr/Documents/Robotics-Nav2-SLAM-Example/ros2_docker/colcon_ws/install/ros_tcp_endpoint/lib/python3.10/site-packages'
[5.390s] Level 1:colcon.colcon_core.shell:create_environment_hook('ros_tcp_endpoint', 'pythonpath')
[5.399s] INFO:colcon.colcon_core.shell:Creating environment hook '/home/jpedr/Documents/Robotics-Nav2-SLAM-Example/ros2_docker/colcon_ws/install/ros_tcp_endpoint/share/ros_tcp_endpoint/hook/pythonpath.ps1'
[5.400s] INFO:colcon.colcon_core.shell:Creating environment descriptor '/home/jpedr/Documents/Robotics-Nav2-SLAM-Example/ros2_docker/colcon_ws/install/ros_tcp_endpoint/share/ros_tcp_endpoint/hook/pythonpath.dsv'
[5.401s] INFO:colcon.colcon_core.shell:Creating environment hook '/home/jpedr/Documents/Robotics-Nav2-SLAM-Example/ros2_docker/colcon_ws/install/ros_tcp_endpoint/share/ros_tcp_endpoint/hook/pythonpath.sh'
[5.402s] Level 1:colcon.colcon_core.environment:checking '/home/jpedr/Documents/Robotics-Nav2-SLAM-Example/ros2_docker/colcon_ws/install/ros_tcp_endpoint/bin'
[5.402s] Level 1:colcon.colcon_core.environment:create_environment_scripts_only(ros_tcp_endpoint)
[5.410s] INFO:colcon.colcon_core.shell:Creating package script '/home/jpedr/Documents/Robotics-Nav2-SLAM-Example/ros2_docker/colcon_ws/install/ros_tcp_endpoint/share/ros_tcp_endpoint/package.ps1'
[5.411s] INFO:colcon.colcon_core.shell:Creating package descriptor '/home/jpedr/Documents/Robotics-Nav2-SLAM-Example/ros2_docker/colcon_ws/install/ros_tcp_endpoint/share/ros_tcp_endpoint/package.dsv'
[5.412s] INFO:colcon.colcon_core.shell:Creating package script '/home/jpedr/Documents/Robotics-Nav2-SLAM-Example/ros2_docker/colcon_ws/install/ros_tcp_endpoint/share/ros_tcp_endpoint/package.sh'
[5.413s] INFO:colcon.colcon_core.shell:Creating package script '/home/jpedr/Documents/Robotics-Nav2-SLAM-Example/ros2_docker/colcon_ws/install/ros_tcp_endpoint/share/ros_tcp_endpoint/package.bash'
[5.413s] INFO:colcon.colcon_core.shell:Creating package script '/home/jpedr/Documents/Robotics-Nav2-SLAM-Example/ros2_docker/colcon_ws/install/ros_tcp_endpoint/share/ros_tcp_endpoint/package.zsh'
[5.414s] Level 1:colcon.colcon_core.environment:create_file_with_runtime_dependencies(/home/jpedr/Documents/Robotics-Nav2-SLAM-Example/ros2_docker/colcon_ws/install/ros_tcp_endpoint/share/colcon-core/packages/ros_tcp_endpoint)
[5.414s] DEBUG:colcon.colcon_parallel_executor.executor.parallel:closing loop
[5.415s] DEBUG:colcon.colcon_parallel_executor.executor.parallel:loop closed
[5.415s] DEBUG:colcon.colcon_parallel_executor.executor.parallel:run_until_complete finished with '0'
[5.416s] DEBUG:colcon.colcon_core.event_reactor:joining thread
[5.435s] INFO:colcon.colcon_core.plugin_system:Skipping extension 'colcon_notification.desktop_notification.notify_send': Could not find 'notify-send'
[5.435s] INFO:colcon.colcon_core.plugin_system:Skipping extension 'colcon_notification.desktop_notification.terminal_notifier': Not used on non-Darwin systems
[5.435s] INFO:colcon.colcon_core.plugin_system:Skipping extension 'colcon_notification.desktop_notification.win32': Not used on non-Windows systems
[5.435s] INFO:colcon.colcon_notification.desktop_notification:Sending desktop notification using 'notify2'
[5.457s] DEBUG:colcon.colcon_core.event_reactor:joined thread
[5.469s] INFO:colcon.colcon_core.shell:Creating prefix script '/home/jpedr/Documents/Robotics-Nav2-SLAM-Example/ros2_docker/colcon_ws/install/local_setup.ps1'
[5.472s] INFO:colcon.colcon_core.shell:Creating prefix util module '/home/jpedr/Documents/Robotics-Nav2-SLAM-Example/ros2_docker/colcon_ws/install/_local_setup_util_ps1.py'
[5.474s] INFO:colcon.colcon_core.shell:Creating prefix chain script '/home/jpedr/Documents/Robotics-Nav2-SLAM-Example/ros2_docker/colcon_ws/install/setup.ps1'
[5.482s] INFO:colcon.colcon_core.shell:Creating prefix script '/home/jpedr/Documents/Robotics-Nav2-SLAM-Example/ros2_docker/colcon_ws/install/local_setup.sh'
[5.483s] INFO:colcon.colcon_core.shell:Creating prefix util module '/home/jpedr/Documents/Robotics-Nav2-SLAM-Example/ros2_docker/colcon_ws/install/_local_setup_util_sh.py'
[5.484s] INFO:colcon.colcon_core.shell:Creating prefix chain script '/home/jpedr/Documents/Robotics-Nav2-SLAM-Example/ros2_docker/colcon_ws/install/setup.sh'
[5.492s] INFO:colcon.colcon_core.shell:Creating prefix script '/home/jpedr/Documents/Robotics-Nav2-SLAM-Example/ros2_docker/colcon_ws/install/local_setup.bash'
[5.494s] INFO:colcon.colcon_core.shell:Creating prefix chain script '/home/jpedr/Documents/Robotics-Nav2-SLAM-Example/ros2_docker/colcon_ws/install/setup.bash'
[5.502s] INFO:colcon.colcon_core.shell:Creating prefix script '/home/jpedr/Documents/Robotics-Nav2-SLAM-Example/ros2_docker/colcon_ws/install/local_setup.zsh'
[5.503s] INFO:colcon.colcon_core.shell:Creating prefix chain script '/home/jpedr/Documents/Robotics-Nav2-SLAM-Example/ros2_docker/colcon_ws/install/setup.zsh'
