[2.041s] DEBUG:colcon:Command line arguments: ['/home/jpedr/.local/bin/colcon', 'build']
[2.041s] DEBUG:colcon:Parsed command line arguments: Namespace(log_base=None, log_level=None, verb_name='build', build_base='build', install_base='install', merge_install=False, symlink_install=False, test_result_base=None, continue_on_error=False, executor='parallel', parallel_workers=4, event_handlers=None, ignore_user_meta=False, metas=['./colcon.meta'], base_paths=['.'], packages_ignore=None, packages_ignore_regex=None, paths=None, packages_up_to=None, packages_up_to_regex=None, packages_above=None, packages_above_and_dependencies=None, packages_above_depth=None, packages_select_by_dep=None, packages_skip_by_dep=None, packages_skip_up_to=None, packages_select_build_failed=False, packages_skip_build_finished=False, packages_select_test_failures=False, packages_skip_test_passed=False, packages_select=None, packages_skip=None, packages_select_regex=None, packages_skip_regex=None, packages_start=None, packages_end=None, allow_overriding=[], cmake_args=None, cmake_target=None, cmake_target_skip_unavailable=False, cmake_clean_cache=False, cmake_clean_first=False, cmake_force_configure=False, ament_cmake_args=None, catkin_cmake_args=None, catkin_skip_building_tests=False, verb_parser=<colcon_defaults.argument_parser.defaults.DefaultArgumentsDecorator object at 0x7f2722d3f460>, verb_extension=<colcon_core.verb.build.BuildVerb object at 0x7f2722f721d0>, main=<bound method BuildVerb.main of <colcon_core.verb.build.BuildVerb object at 0x7f2722f721d0>>)
[2.160s] Level 1:colcon.colcon_core.package_discovery:discover_packages(colcon_meta) check parameters
[2.161s] Level 1:colcon.colcon_core.package_discovery:discover_packages(recursive) check parameters
[2.161s] Level 1:colcon.colcon_core.package_discovery:discover_packages(ignore) check parameters
[2.161s] Level 1:colcon.colcon_core.package_discovery:discover_packages(path) check parameters
[2.162s] Level 1:colcon.colcon_core.package_discovery:discover_packages(colcon_meta) discover
[2.162s] Level 1:colcon.colcon_core.package_discovery:discover_packages(recursive) discover
[2.162s] INFO:colcon.colcon_core.package_discovery:Crawling recursively for packages in '/home/jpedr/Documents/Robotics-Nav2-SLAM-Example/ros2_docker/colcon_ws'
[2.163s] Level 1:colcon.colcon_core.package_identification:_identify(.) by extensions ['ignore', 'ignore_ament_install']
[2.163s] Level 1:colcon.colcon_core.package_identification:_identify(.) by extension 'ignore'
[2.163s] Level 1:colcon.colcon_core.package_identification:_identify(.) by extension 'ignore_ament_install'
[2.164s] Level 1:colcon.colcon_core.package_identification:_identify(.) by extensions ['colcon_pkg']
[2.164s] Level 1:colcon.colcon_core.package_identification:_identify(.) by extension 'colcon_pkg'
[2.164s] Level 1:colcon.colcon_core.package_identification:_identify(.) by extensions ['colcon_meta']
[2.164s] Level 1:colcon.colcon_core.package_identification:_identify(.) by extension 'colcon_meta'
[2.165s] Level 1:colcon.colcon_core.package_identification:_identify(.) by extensions ['ros']
[2.165s] Level 1:colcon.colcon_core.package_identification:_identify(.) by extension 'ros'
[2.207s] Level 1:colcon.colcon_core.package_identification:_identify(.) by extensions ['cmake', 'python']
[2.207s] Level 1:colcon.colcon_core.package_identification:_identify(.) by extension 'cmake'
[2.208s] Level 1:colcon.colcon_core.package_identification:_identify(.) by extension 'python'
[2.208s] Level 1:colcon.colcon_core.package_identification:_identify(.) by extensions ['python_setup_py']
[2.208s] Level 1:colcon.colcon_core.package_identification:_identify(.) by extension 'python_setup_py'
[2.209s] Level 1:colcon.colcon_core.package_identification:_identify(build) by extensions ['ignore', 'ignore_ament_install']
[2.210s] Level 1:colcon.colcon_core.package_identification:_identify(build) by extension 'ignore'
[2.210s] Level 1:colcon.colcon_core.package_identification:_identify(build) ignored
[2.210s] Level 1:colcon.colcon_core.package_identification:_identify(install) by extensions ['ignore', 'ignore_ament_install']
[2.211s] Level 1:colcon.colcon_core.package_identification:_identify(install) by extension 'ignore'
[2.211s] Level 1:colcon.colcon_core.package_identification:_identify(install) ignored
[2.211s] Level 1:colcon.colcon_core.package_identification:_identify(log) by extensions ['ignore', 'ignore_ament_install']
[2.212s] Level 1:colcon.colcon_core.package_identification:_identify(log) by extension 'ignore'
[2.212s] Level 1:colcon.colcon_core.package_identification:_identify(log) ignored
[2.212s] Level 1:colcon.colcon_core.package_identification:_identify(src) by extensions ['ignore', 'ignore_ament_install']
[2.212s] Level 1:colcon.colcon_core.package_identification:_identify(src) by extension 'ignore'
[2.213s] Level 1:colcon.colcon_core.package_identification:_identify(src) by extension 'ignore_ament_install'
[2.213s] Level 1:colcon.colcon_core.package_identification:_identify(src) by extensions ['colcon_pkg']
[2.213s] Level 1:colcon.colcon_core.package_identification:_identify(src) by extension 'colcon_pkg'
[2.214s] Level 1:colcon.colcon_core.package_identification:_identify(src) by extensions ['colcon_meta']
[2.214s] Level 1:colcon.colcon_core.package_identification:_identify(src) by extension 'colcon_meta'
[2.214s] Level 1:colcon.colcon_core.package_identification:_identify(src) by extensions ['ros']
[2.214s] Level 1:colcon.colcon_core.package_identification:_identify(src) by extension 'ros'
[2.214s] Level 1:colcon.colcon_core.package_identification:_identify(src) by extensions ['cmake', 'python']
[2.215s] Level 1:colcon.colcon_core.package_identification:_identify(src) by extension 'cmake'
[2.215s] Level 1:colcon.colcon_core.package_identification:_identify(src) by extension 'python'
[2.215s] Level 1:colcon.colcon_core.package_identification:_identify(src) by extensions ['python_setup_py']
[2.216s] Level 1:colcon.colcon_core.package_identification:_identify(src) by extension 'python_setup_py'
[2.216s] Level 1:colcon.colcon_core.package_identification:_identify(src/ROS-TCP-Endpoint) by extensions ['ignore', 'ignore_ament_install']
[2.217s] Level 1:colcon.colcon_core.package_identification:_identify(src/ROS-TCP-Endpoint) by extension 'ignore'
[2.217s] Level 1:colcon.colcon_core.package_identification:_identify(src/ROS-TCP-Endpoint) by extension 'ignore_ament_install'
[2.217s] Level 1:colcon.colcon_core.package_identification:_identify(src/ROS-TCP-Endpoint) by extensions ['colcon_pkg']
[2.218s] Level 1:colcon.colcon_core.package_identification:_identify(src/ROS-TCP-Endpoint) by extension 'colcon_pkg'
[2.218s] Level 1:colcon.colcon_core.package_identification:_identify(src/ROS-TCP-Endpoint) by extensions ['colcon_meta']
[2.218s] Level 1:colcon.colcon_core.package_identification:_identify(src/ROS-TCP-Endpoint) by extension 'colcon_meta'
[2.218s] Level 1:colcon.colcon_core.package_identification:_identify(src/ROS-TCP-Endpoint) by extensions ['ros']
[2.219s] Level 1:colcon.colcon_core.package_identification:_identify(src/ROS-TCP-Endpoint) by extension 'ros'
[2.227s] DEBUG:colcon.colcon_core.package_identification:Package 'src/ROS-TCP-Endpoint' with type 'ros.ament_python' and name 'ros_tcp_endpoint'
[2.228s] Level 1:colcon.colcon_core.package_identification:_identify(src/control_node) by extensions ['ignore', 'ignore_ament_install']
[2.228s] Level 1:colcon.colcon_core.package_identification:_identify(src/control_node) by extension 'ignore'
[2.228s] Level 1:colcon.colcon_core.package_identification:_identify(src/control_node) by extension 'ignore_ament_install'
[2.228s] Level 1:colcon.colcon_core.package_identification:_identify(src/control_node) by extensions ['colcon_pkg']
[2.228s] Level 1:colcon.colcon_core.package_identification:_identify(src/control_node) by extension 'colcon_pkg'
[2.228s] Level 1:colcon.colcon_core.package_identification:_identify(src/control_node) by extensions ['colcon_meta']
[2.229s] Level 1:colcon.colcon_core.package_identification:_identify(src/control_node) by extension 'colcon_meta'
[2.229s] Level 1:colcon.colcon_core.package_identification:_identify(src/control_node) by extensions ['ros']
[2.229s] Level 1:colcon.colcon_core.package_identification:_identify(src/control_node) by extension 'ros'
[2.230s] DEBUG:colcon.colcon_core.package_identification:Package 'src/control_node' with type 'ros.ament_python' and name 'control_node'
[2.232s] Level 1:colcon.colcon_core.package_identification:_identify(src/py_marker) by extensions ['ignore', 'ignore_ament_install']
[2.232s] Level 1:colcon.colcon_core.package_identification:_identify(src/py_marker) by extension 'ignore'
[2.233s] Level 1:colcon.colcon_core.package_identification:_identify(src/py_marker) by extension 'ignore_ament_install'
[2.233s] Level 1:colcon.colcon_core.package_identification:_identify(src/py_marker) by extensions ['colcon_pkg']
[2.234s] Level 1:colcon.colcon_core.package_identification:_identify(src/py_marker) by extension 'colcon_pkg'
[2.234s] Level 1:colcon.colcon_core.package_identification:_identify(src/py_marker) by extensions ['colcon_meta']
[2.234s] Level 1:colcon.colcon_core.package_identification:_identify(src/py_marker) by extension 'colcon_meta'
[2.234s] Level 1:colcon.colcon_core.package_identification:_identify(src/py_marker) by extensions ['ros']
[2.234s] Level 1:colcon.colcon_core.package_identification:_identify(src/py_marker) by extension 'ros'
[2.235s] DEBUG:colcon.colcon_core.package_identification:Package 'src/py_marker' with type 'ros.ament_python' and name 'py_marker'
[2.236s] Level 1:colcon.colcon_core.package_identification:_identify(src/unity_slam_example) by extensions ['ignore', 'ignore_ament_install']
[2.236s] Level 1:colcon.colcon_core.package_identification:_identify(src/unity_slam_example) by extension 'ignore'
[2.236s] Level 1:colcon.colcon_core.package_identification:_identify(src/unity_slam_example) by extension 'ignore_ament_install'
[2.236s] Level 1:colcon.colcon_core.package_identification:_identify(src/unity_slam_example) by extensions ['colcon_pkg']
[2.236s] Level 1:colcon.colcon_core.package_identification:_identify(src/unity_slam_example) by extension 'colcon_pkg'
[2.236s] Level 1:colcon.colcon_core.package_identification:_identify(src/unity_slam_example) by extensions ['colcon_meta']
[2.236s] Level 1:colcon.colcon_core.package_identification:_identify(src/unity_slam_example) by extension 'colcon_meta'
[2.237s] Level 1:colcon.colcon_core.package_identification:_identify(src/unity_slam_example) by extensions ['ros']
[2.237s] Level 1:colcon.colcon_core.package_identification:_identify(src/unity_slam_example) by extension 'ros'
[2.238s] DEBUG:colcon.colcon_core.package_identification:Package 'src/unity_slam_example' with type 'ros.ament_python' and name 'unity_slam_example'
[2.239s] Level 1:colcon.colcon_core.package_discovery:discover_packages(recursive) using defaults
[2.239s] Level 1:colcon.colcon_core.package_discovery:discover_packages(ignore) discover
[2.239s] Level 1:colcon.colcon_core.package_discovery:discover_packages(ignore) using defaults
[2.240s] Level 1:colcon.colcon_core.package_discovery:discover_packages(path) discover
[2.240s] Level 1:colcon.colcon_core.package_discovery:discover_packages(path) using defaults
[2.370s] Level 1:colcon.colcon_core.package_discovery:discover_packages(prefix_path) check parameters
[2.370s] Level 1:colcon.colcon_core.package_discovery:discover_packages(prefix_path) discover
[2.406s] DEBUG:colcon.colcon_installed_package_information.package_discovery:Found 4 installed packages in /home/jpedr/Documents/Robotics-Nav2-SLAM-Example/ros2_docker/colcon_ws/install
[2.424s] DEBUG:colcon.colcon_installed_package_information.package_discovery:Found 313 installed packages in /opt/ros/humble
[2.431s] Level 1:colcon.colcon_core.package_discovery:discover_packages(prefix_path) using defaults
[2.713s] Level 5:colcon.colcon_core.verb:set package 'control_node' build argument 'cmake_args' from command line to 'None'
[2.713s] Level 5:colcon.colcon_core.verb:set package 'control_node' build argument 'cmake_target' from command line to 'None'
[2.713s] Level 5:colcon.colcon_core.verb:set package 'control_node' build argument 'cmake_target_skip_unavailable' from command line to 'False'
[2.713s] Level 5:colcon.colcon_core.verb:set package 'control_node' build argument 'cmake_clean_cache' from command line to 'False'
[2.713s] Level 5:colcon.colcon_core.verb:set package 'control_node' build argument 'cmake_clean_first' from command line to 'False'
[2.713s] Level 5:colcon.colcon_core.verb:set package 'control_node' build argument 'cmake_force_configure' from command line to 'False'
[2.714s] Level 5:colcon.colcon_core.verb:set package 'control_node' build argument 'ament_cmake_args' from command line to 'None'
[2.714s] Level 5:colcon.colcon_core.verb:set package 'control_node' build argument 'catkin_cmake_args' from command line to 'None'
[2.714s] Level 5:colcon.colcon_core.verb:set package 'control_node' build argument 'catkin_skip_building_tests' from command line to 'False'
[2.714s] DEBUG:colcon.colcon_core.verb:Building package 'control_node' with the following arguments: {'ament_cmake_args': None, 'build_base': '/home/jpedr/Documents/Robotics-Nav2-SLAM-Example/ros2_docker/colcon_ws/build/control_node', 'catkin_cmake_args': None, 'catkin_skip_building_tests': False, 'cmake_args': None, 'cmake_clean_cache': False, 'cmake_clean_first': False, 'cmake_force_configure': False, 'cmake_target': None, 'cmake_target_skip_unavailable': False, 'install_base': '/home/jpedr/Documents/Robotics-Nav2-SLAM-Example/ros2_docker/colcon_ws/install/control_node', 'merge_install': False, 'path': '/home/jpedr/Documents/Robotics-Nav2-SLAM-Example/ros2_docker/colcon_ws/src/control_node', 'symlink_install': False, 'test_result_base': None}
[2.739s] Level 5:colcon.colcon_core.verb:set package 'py_marker' build argument 'cmake_args' from command line to 'None'
[2.739s] Level 5:colcon.colcon_core.verb:set package 'py_marker' build argument 'cmake_target' from command line to 'None'
[2.739s] Level 5:colcon.colcon_core.verb:set package 'py_marker' build argument 'cmake_target_skip_unavailable' from command line to 'False'
[2.740s] Level 5:colcon.colcon_core.verb:set package 'py_marker' build argument 'cmake_clean_cache' from command line to 'False'
[2.740s] Level 5:colcon.colcon_core.verb:set package 'py_marker' build argument 'cmake_clean_first' from command line to 'False'
[2.740s] Level 5:colcon.colcon_core.verb:set package 'py_marker' build argument 'cmake_force_configure' from command line to 'False'
[2.740s] Level 5:colcon.colcon_core.verb:set package 'py_marker' build argument 'ament_cmake_args' from command line to 'None'
[2.740s] Level 5:colcon.colcon_core.verb:set package 'py_marker' build argument 'catkin_cmake_args' from command line to 'None'
[2.741s] Level 5:colcon.colcon_core.verb:set package 'py_marker' build argument 'catkin_skip_building_tests' from command line to 'False'
[2.741s] DEBUG:colcon.colcon_core.verb:Building package 'py_marker' with the following arguments: {'ament_cmake_args': None, 'build_base': '/home/jpedr/Documents/Robotics-Nav2-SLAM-Example/ros2_docker/colcon_ws/build/py_marker', 'catkin_cmake_args': None, 'catkin_skip_building_tests': False, 'cmake_args': None, 'cmake_clean_cache': False, 'cmake_clean_first': False, 'cmake_force_configure': False, 'cmake_target': None, 'cmake_target_skip_unavailable': False, 'install_base': '/home/jpedr/Documents/Robotics-Nav2-SLAM-Example/ros2_docker/colcon_ws/install/py_marker', 'merge_install': False, 'path': '/home/jpedr/Documents/Robotics-Nav2-SLAM-Example/ros2_docker/colcon_ws/src/py_marker', 'symlink_install': False, 'test_result_base': None}
[2.766s] Level 5:colcon.colcon_core.verb:set package 'ros_tcp_endpoint' build argument 'cmake_args' from command line to 'None'
[2.766s] Level 5:colcon.colcon_core.verb:set package 'ros_tcp_endpoint' build argument 'cmake_target' from command line to 'None'
[2.766s] Level 5:colcon.colcon_core.verb:set package 'ros_tcp_endpoint' build argument 'cmake_target_skip_unavailable' from command line to 'False'
[2.767s] Level 5:colcon.colcon_core.verb:set package 'ros_tcp_endpoint' build argument 'cmake_clean_cache' from command line to 'False'
[2.767s] Level 5:colcon.colcon_core.verb:set package 'ros_tcp_endpoint' build argument 'cmake_clean_first' from command line to 'False'
[2.768s] Level 5:colcon.colcon_core.verb:set package 'ros_tcp_endpoint' build argument 'cmake_force_configure' from command line to 'False'
[2.768s] Level 5:colcon.colcon_core.verb:set package 'ros_tcp_endpoint' build argument 'ament_cmake_args' from command line to 'None'
[2.769s] Level 5:colcon.colcon_core.verb:set package 'ros_tcp_endpoint' build argument 'catkin_cmake_args' from command line to 'None'
[2.769s] Level 5:colcon.colcon_core.verb:set package 'ros_tcp_endpoint' build argument 'catkin_skip_building_tests' from command line to 'False'
[2.769s] DEBUG:colcon.colcon_core.verb:Building package 'ros_tcp_endpoint' with the following arguments: {'ament_cmake_args': None, 'build_base': '/home/jpedr/Documents/Robotics-Nav2-SLAM-Example/ros2_docker/colcon_ws/build/ros_tcp_endpoint', 'catkin_cmake_args': None, 'catkin_skip_building_tests': False, 'cmake_args': None, 'cmake_clean_cache': False, 'cmake_clean_first': False, 'cmake_force_configure': False, 'cmake_target': None, 'cmake_target_skip_unavailable': False, 'install_base': '/home/jpedr/Documents/Robotics-Nav2-SLAM-Example/ros2_docker/colcon_ws/install/ros_tcp_endpoint', 'merge_install': False, 'path': '/home/jpedr/Documents/Robotics-Nav2-SLAM-Example/ros2_docker/colcon_ws/src/ROS-TCP-Endpoint', 'symlink_install': False, 'test_result_base': None}
[2.796s] Level 5:colcon.colcon_core.verb:set package 'unity_slam_example' build argument 'cmake_args' from command line to 'None'
[2.797s] Level 5:colcon.colcon_core.verb:set package 'unity_slam_example' build argument 'cmake_target' from command line to 'None'
[2.797s] Level 5:colcon.colcon_core.verb:set package 'unity_slam_example' build argument 'cmake_target_skip_unavailable' from command line to 'False'
[2.797s] Level 5:colcon.colcon_core.verb:set package 'unity_slam_example' build argument 'cmake_clean_cache' from command line to 'False'
[2.798s] Level 5:colcon.colcon_core.verb:set package 'unity_slam_example' build argument 'cmake_clean_first' from command line to 'False'
[2.798s] Level 5:colcon.colcon_core.verb:set package 'unity_slam_example' build argument 'cmake_force_configure' from command line to 'False'
[2.798s] Level 5:colcon.colcon_core.verb:set package 'unity_slam_example' build argument 'ament_cmake_args' from command line to 'None'
[2.798s] Level 5:colcon.colcon_core.verb:set package 'unity_slam_example' build argument 'catkin_cmake_args' from command line to 'None'
[2.798s] Level 5:colcon.colcon_core.verb:set package 'unity_slam_example' build argument 'catkin_skip_building_tests' from command line to 'False'
[2.799s] DEBUG:colcon.colcon_core.verb:Building package 'unity_slam_example' with the following arguments: {'ament_cmake_args': None, 'build_base': '/home/jpedr/Documents/Robotics-Nav2-SLAM-Example/ros2_docker/colcon_ws/build/unity_slam_example', 'catkin_cmake_args': None, 'catkin_skip_building_tests': False, 'cmake_args': None, 'cmake_clean_cache': False, 'cmake_clean_first': False, 'cmake_force_configure': False, 'cmake_target': None, 'cmake_target_skip_unavailable': False, 'install_base': '/home/jpedr/Documents/Robotics-Nav2-SLAM-Example/ros2_docker/colcon_ws/install/unity_slam_example', 'merge_install': False, 'path': '/home/jpedr/Documents/Robotics-Nav2-SLAM-Example/ros2_docker/colcon_ws/src/unity_slam_example', 'symlink_install': False, 'test_result_base': None}
[2.805s] INFO:colcon.colcon_core.executor:Executing jobs using 'parallel' executor
[2.852s] DEBUG:colcon.colcon_parallel_executor.executor.parallel:run_until_complete
[2.854s] INFO:colcon.colcon_ros.task.ament_python.build:Building ROS package in '/home/jpedr/Documents/Robotics-Nav2-SLAM-Example/ros2_docker/colcon_ws/src/control_node' with build type 'ament_python'
[2.855s] Level 1:colcon.colcon_core.shell:create_environment_hook('control_node', 'ament_prefix_path')
[2.885s] INFO:colcon.colcon_core.plugin_system:Skipping extension 'colcon_core.shell.bat': Not used on non-Windows systems
[2.885s] INFO:colcon.colcon_core.shell:Creating environment hook '/home/jpedr/Documents/Robotics-Nav2-SLAM-Example/ros2_docker/colcon_ws/install/control_node/share/control_node/hook/ament_prefix_path.ps1'
[2.889s] INFO:colcon.colcon_core.shell:Creating environment descriptor '/home/jpedr/Documents/Robotics-Nav2-SLAM-Example/ros2_docker/colcon_ws/install/control_node/share/control_node/hook/ament_prefix_path.dsv'
[2.891s] INFO:colcon.colcon_core.shell:Creating environment hook '/home/jpedr/Documents/Robotics-Nav2-SLAM-Example/ros2_docker/colcon_ws/install/control_node/share/control_node/hook/ament_prefix_path.sh'
[2.908s] INFO:colcon.colcon_core.shell:Skip shell extension 'powershell' for command environment: Not usable outside of PowerShell
[2.908s] DEBUG:colcon.colcon_core.shell:Skip shell extension 'dsv' for command environment
[2.956s] INFO:colcon.colcon_ros.task.ament_python.build:Building ROS package in '/home/jpedr/Documents/Robotics-Nav2-SLAM-Example/ros2_docker/colcon_ws/src/py_marker' with build type 'ament_python'
[2.956s] Level 1:colcon.colcon_core.shell:create_environment_hook('py_marker', 'ament_prefix_path')
[2.980s] INFO:colcon.colcon_core.shell:Creating environment hook '/home/jpedr/Documents/Robotics-Nav2-SLAM-Example/ros2_docker/colcon_ws/install/py_marker/share/py_marker/hook/ament_prefix_path.ps1'
[2.981s] INFO:colcon.colcon_core.shell:Creating environment descriptor '/home/jpedr/Documents/Robotics-Nav2-SLAM-Example/ros2_docker/colcon_ws/install/py_marker/share/py_marker/hook/ament_prefix_path.dsv'
[2.982s] INFO:colcon.colcon_core.shell:Creating environment hook '/home/jpedr/Documents/Robotics-Nav2-SLAM-Example/ros2_docker/colcon_ws/install/py_marker/share/py_marker/hook/ament_prefix_path.sh'
[3.000s] INFO:colcon.colcon_core.shell:Skip shell extension 'powershell' for command environment: Not usable outside of PowerShell
[3.001s] DEBUG:colcon.colcon_core.shell:Skip shell extension 'dsv' for command environment
[3.048s] INFO:colcon.colcon_ros.task.ament_python.build:Building ROS package in '/home/jpedr/Documents/Robotics-Nav2-SLAM-Example/ros2_docker/colcon_ws/src/ROS-TCP-Endpoint' with build type 'ament_python'
[3.048s] Level 1:colcon.colcon_core.shell:create_environment_hook('ros_tcp_endpoint', 'ament_prefix_path')
[3.070s] INFO:colcon.colcon_core.shell:Creating environment hook '/home/jpedr/Documents/Robotics-Nav2-SLAM-Example/ros2_docker/colcon_ws/install/ros_tcp_endpoint/share/ros_tcp_endpoint/hook/ament_prefix_path.ps1'
[3.072s] INFO:colcon.colcon_core.shell:Creating environment descriptor '/home/jpedr/Documents/Robotics-Nav2-SLAM-Example/ros2_docker/colcon_ws/install/ros_tcp_endpoint/share/ros_tcp_endpoint/hook/ament_prefix_path.dsv'
[3.074s] INFO:colcon.colcon_core.shell:Creating environment hook '/home/jpedr/Documents/Robotics-Nav2-SLAM-Example/ros2_docker/colcon_ws/install/ros_tcp_endpoint/share/ros_tcp_endpoint/hook/ament_prefix_path.sh'
[3.090s] INFO:colcon.colcon_core.shell:Skip shell extension 'powershell' for command environment: Not usable outside of PowerShell
[3.091s] DEBUG:colcon.colcon_core.shell:Skip shell extension 'dsv' for command environment
[3.138s] INFO:colcon.colcon_ros.task.ament_python.build:Building ROS package in '/home/jpedr/Documents/Robotics-Nav2-SLAM-Example/ros2_docker/colcon_ws/src/unity_slam_example' with build type 'ament_python'
[3.139s] Level 1:colcon.colcon_core.shell:create_environment_hook('unity_slam_example', 'ament_prefix_path')
[3.155s] INFO:colcon.colcon_core.shell:Creating environment hook '/home/jpedr/Documents/Robotics-Nav2-SLAM-Example/ros2_docker/colcon_ws/install/unity_slam_example/share/unity_slam_example/hook/ament_prefix_path.ps1'
[3.158s] INFO:colcon.colcon_core.shell:Creating environment descriptor '/home/jpedr/Documents/Robotics-Nav2-SLAM-Example/ros2_docker/colcon_ws/install/unity_slam_example/share/unity_slam_example/hook/ament_prefix_path.dsv'
[3.160s] INFO:colcon.colcon_core.shell:Creating environment hook '/home/jpedr/Documents/Robotics-Nav2-SLAM-Example/ros2_docker/colcon_ws/install/unity_slam_example/share/unity_slam_example/hook/ament_prefix_path.sh'
[3.178s] INFO:colcon.colcon_core.shell:Skip shell extension 'powershell' for command environment: Not usable outside of PowerShell
[3.178s] DEBUG:colcon.colcon_core.shell:Skip shell extension 'dsv' for command environment
[4.285s] INFO:colcon.colcon_core.task.python.build:Building Python package in '/home/jpedr/Documents/Robotics-Nav2-SLAM-Example/ros2_docker/colcon_ws/src/control_node'
[4.304s] INFO:colcon.colcon_core.shell:Skip shell extension 'powershell' for command environment: Not usable outside of PowerShell
[4.305s] DEBUG:colcon.colcon_core.shell:Skip shell extension 'dsv' for command environment
[5.446s] INFO:colcon.colcon_core.task.python.build:Building Python package in '/home/jpedr/Documents/Robotics-Nav2-SLAM-Example/ros2_docker/colcon_ws/src/py_marker'
[5.465s] INFO:colcon.colcon_core.shell:Skip shell extension 'powershell' for command environment: Not usable outside of PowerShell
[5.465s] DEBUG:colcon.colcon_core.shell:Skip shell extension 'dsv' for command environment
[6.562s] INFO:colcon.colcon_core.task.python.build:Building Python package in '/home/jpedr/Documents/Robotics-Nav2-SLAM-Example/ros2_docker/colcon_ws/src/ROS-TCP-Endpoint'
[6.583s] INFO:colcon.colcon_core.shell:Skip shell extension 'powershell' for command environment: Not usable outside of PowerShell
[6.584s] DEBUG:colcon.colcon_core.shell:Skip shell extension 'dsv' for command environment
[7.638s] INFO:colcon.colcon_core.task.python.build:Building Python package in '/home/jpedr/Documents/Robotics-Nav2-SLAM-Example/ros2_docker/colcon_ws/src/unity_slam_example'
[7.651s] INFO:colcon.colcon_core.shell:Skip shell extension 'powershell' for command environment: Not usable outside of PowerShell
[7.651s] DEBUG:colcon.colcon_core.shell:Skip shell extension 'dsv' for command environment
[8.774s] DEBUG:colcon.colcon_core.event_handler.log_command:Invoking command in '/home/jpedr/Documents/Robotics-Nav2-SLAM-Example/ros2_docker/colcon_ws/src/ROS-TCP-Endpoint': PYTHONPATH=/home/jpedr/Documents/Robotics-Nav2-SLAM-Example/ros2_docker/colcon_ws/install/ros_tcp_endpoint/lib/python3.10/site-packages:${PYTHONPATH} /usr/bin/python3 setup.py egg_info --egg-base ../../build/ros_tcp_endpoint build --build-base /home/jpedr/Documents/Robotics-Nav2-SLAM-Example/ros2_docker/colcon_ws/build/ros_tcp_endpoint/build install --prefix /home/jpedr/Documents/Robotics-Nav2-SLAM-Example/ros2_docker/colcon_ws/install/ros_tcp_endpoint --record /home/jpedr/Documents/Robotics-Nav2-SLAM-Example/ros2_docker/colcon_ws/build/ros_tcp_endpoint/install.log --single-version-externally-managed
[8.903s] DEBUG:colcon.colcon_core.event_handler.log_command:Invoking command in '/home/jpedr/Documents/Robotics-Nav2-SLAM-Example/ros2_docker/colcon_ws/src/py_marker': PYTHONPATH=/home/jpedr/Documents/Robotics-Nav2-SLAM-Example/ros2_docker/colcon_ws/install/py_marker/lib/python3.10/site-packages:${PYTHONPATH} /usr/bin/python3 setup.py egg_info --egg-base ../../build/py_marker build --build-base /home/jpedr/Documents/Robotics-Nav2-SLAM-Example/ros2_docker/colcon_ws/build/py_marker/build install --prefix /home/jpedr/Documents/Robotics-Nav2-SLAM-Example/ros2_docker/colcon_ws/install/py_marker --record /home/jpedr/Documents/Robotics-Nav2-SLAM-Example/ros2_docker/colcon_ws/build/py_marker/install.log --single-version-externally-managed
[8.918s] DEBUG:colcon.colcon_core.event_handler.log_command:Invoking command in '/home/jpedr/Documents/Robotics-Nav2-SLAM-Example/ros2_docker/colcon_ws/src/control_node': PYTHONPATH=/home/jpedr/Documents/Robotics-Nav2-SLAM-Example/ros2_docker/colcon_ws/install/control_node/lib/python3.10/site-packages:${PYTHONPATH} /usr/bin/python3 setup.py egg_info --egg-base ../../build/control_node build --build-base /home/jpedr/Documents/Robotics-Nav2-SLAM-Example/ros2_docker/colcon_ws/build/control_node/build install --prefix /home/jpedr/Documents/Robotics-Nav2-SLAM-Example/ros2_docker/colcon_ws/install/control_node --record /home/jpedr/Documents/Robotics-Nav2-SLAM-Example/ros2_docker/colcon_ws/build/control_node/install.log --single-version-externally-managed
[8.987s] DEBUG:colcon.colcon_core.event_handler.log_command:Invoking command in '/home/jpedr/Documents/Robotics-Nav2-SLAM-Example/ros2_docker/colcon_ws/src/unity_slam_example': PYTHONPATH=/home/jpedr/Documents/Robotics-Nav2-SLAM-Example/ros2_docker/colcon_ws/install/unity_slam_example/lib/python3.10/site-packages:${PYTHONPATH} /usr/bin/python3 setup.py egg_info --egg-base ../../build/unity_slam_example build --build-base /home/jpedr/Documents/Robotics-Nav2-SLAM-Example/ros2_docker/colcon_ws/build/unity_slam_example/build install --prefix /home/jpedr/Documents/Robotics-Nav2-SLAM-Example/ros2_docker/colcon_ws/install/unity_slam_example --record /home/jpedr/Documents/Robotics-Nav2-SLAM-Example/ros2_docker/colcon_ws/build/unity_slam_example/install.log --single-version-externally-managed
[9.816s] DEBUG:colcon.colcon_core.event_handler.log_command:Invoked command in '/home/jpedr/Documents/Robotics-Nav2-SLAM-Example/ros2_docker/colcon_ws/src/control_node' returned '0': PYTHONPATH=/home/jpedr/Documents/Robotics-Nav2-SLAM-Example/ros2_docker/colcon_ws/install/control_node/lib/python3.10/site-packages:${PYTHONPATH} /usr/bin/python3 setup.py egg_info --egg-base ../../build/control_node build --build-base /home/jpedr/Documents/Robotics-Nav2-SLAM-Example/ros2_docker/colcon_ws/build/control_node/build install --prefix /home/jpedr/Documents/Robotics-Nav2-SLAM-Example/ros2_docker/colcon_ws/install/control_node --record /home/jpedr/Documents/Robotics-Nav2-SLAM-Example/ros2_docker/colcon_ws/build/control_node/install.log --single-version-externally-managed
[9.862s] Level 1:colcon.colcon_core.environment:checking '/home/jpedr/Documents/Robotics-Nav2-SLAM-Example/ros2_docker/colcon_ws/install/control_node' for CMake module files
[9.864s] Level 1:colcon.colcon_core.environment:checking '/home/jpedr/Documents/Robotics-Nav2-SLAM-Example/ros2_docker/colcon_ws/install/control_node' for CMake config files
[9.865s] Level 1:colcon.colcon_core.environment:checking '/home/jpedr/Documents/Robotics-Nav2-SLAM-Example/ros2_docker/colcon_ws/install/control_node/lib'
[9.866s] Level 1:colcon.colcon_core.environment:checking '/home/jpedr/Documents/Robotics-Nav2-SLAM-Example/ros2_docker/colcon_ws/install/control_node/bin'
[9.866s] Level 1:colcon.colcon_core.environment:checking '/home/jpedr/Documents/Robotics-Nav2-SLAM-Example/ros2_docker/colcon_ws/install/control_node/lib/pkgconfig/control_node.pc'
[9.866s] Level 1:colcon.colcon_core.environment:checking '/home/jpedr/Documents/Robotics-Nav2-SLAM-Example/ros2_docker/colcon_ws/install/control_node/lib/python3.10/site-packages'
[9.867s] Level 1:colcon.colcon_core.shell:create_environment_hook('control_node', 'pythonpath')
[9.893s] INFO:colcon.colcon_core.shell:Creating environment hook '/home/jpedr/Documents/Robotics-Nav2-SLAM-Example/ros2_docker/colcon_ws/install/control_node/share/control_node/hook/pythonpath.ps1'
[9.895s] INFO:colcon.colcon_core.shell:Creating environment descriptor '/home/jpedr/Documents/Robotics-Nav2-SLAM-Example/ros2_docker/colcon_ws/install/control_node/share/control_node/hook/pythonpath.dsv'
[9.897s] INFO:colcon.colcon_core.shell:Creating environment hook '/home/jpedr/Documents/Robotics-Nav2-SLAM-Example/ros2_docker/colcon_ws/install/control_node/share/control_node/hook/pythonpath.sh'
[9.899s] Level 1:colcon.colcon_core.environment:checking '/home/jpedr/Documents/Robotics-Nav2-SLAM-Example/ros2_docker/colcon_ws/install/control_node/bin'
[9.899s] Level 1:colcon.colcon_core.environment:create_environment_scripts_only(control_node)
[9.915s] INFO:colcon.colcon_core.shell:Creating package script '/home/jpedr/Documents/Robotics-Nav2-SLAM-Example/ros2_docker/colcon_ws/install/control_node/share/control_node/package.ps1'
[9.918s] INFO:colcon.colcon_core.shell:Creating package descriptor '/home/jpedr/Documents/Robotics-Nav2-SLAM-Example/ros2_docker/colcon_ws/install/control_node/share/control_node/package.dsv'
[9.920s] INFO:colcon.colcon_core.shell:Creating package script '/home/jpedr/Documents/Robotics-Nav2-SLAM-Example/ros2_docker/colcon_ws/install/control_node/share/control_node/package.sh'
[9.922s] INFO:colcon.colcon_core.shell:Creating package script '/home/jpedr/Documents/Robotics-Nav2-SLAM-Example/ros2_docker/colcon_ws/install/control_node/share/control_node/package.bash'
[9.924s] INFO:colcon.colcon_core.shell:Creating package script '/home/jpedr/Documents/Robotics-Nav2-SLAM-Example/ros2_docker/colcon_ws/install/control_node/share/control_node/package.zsh'
[9.926s] Level 1:colcon.colcon_core.environment:create_file_with_runtime_dependencies(/home/jpedr/Documents/Robotics-Nav2-SLAM-Example/ros2_docker/colcon_ws/install/control_node/share/colcon-core/packages/control_node)
[9.935s] DEBUG:colcon.colcon_core.event_handler.log_command:Invoked command in '/home/jpedr/Documents/Robotics-Nav2-SLAM-Example/ros2_docker/colcon_ws/src/ROS-TCP-Endpoint' returned '0': PYTHONPATH=/home/jpedr/Documents/Robotics-Nav2-SLAM-Example/ros2_docker/colcon_ws/install/ros_tcp_endpoint/lib/python3.10/site-packages:${PYTHONPATH} /usr/bin/python3 setup.py egg_info --egg-base ../../build/ros_tcp_endpoint build --build-base /home/jpedr/Documents/Robotics-Nav2-SLAM-Example/ros2_docker/colcon_ws/build/ros_tcp_endpoint/build install --prefix /home/jpedr/Documents/Robotics-Nav2-SLAM-Example/ros2_docker/colcon_ws/install/ros_tcp_endpoint --record /home/jpedr/Documents/Robotics-Nav2-SLAM-Example/ros2_docker/colcon_ws/build/ros_tcp_endpoint/install.log --single-version-externally-managed
[9.952s] Level 1:colcon.colcon_core.environment:checking '/home/jpedr/Documents/Robotics-Nav2-SLAM-Example/ros2_docker/colcon_ws/install/ros_tcp_endpoint' for CMake module files
[9.953s] Level 1:colcon.colcon_core.environment:checking '/home/jpedr/Documents/Robotics-Nav2-SLAM-Example/ros2_docker/colcon_ws/install/ros_tcp_endpoint' for CMake config files
[9.955s] Level 1:colcon.colcon_core.environment:checking '/home/jpedr/Documents/Robotics-Nav2-SLAM-Example/ros2_docker/colcon_ws/install/ros_tcp_endpoint/lib'
[9.955s] Level 1:colcon.colcon_core.environment:checking '/home/jpedr/Documents/Robotics-Nav2-SLAM-Example/ros2_docker/colcon_ws/install/ros_tcp_endpoint/bin'
[9.956s] Level 1:colcon.colcon_core.environment:checking '/home/jpedr/Documents/Robotics-Nav2-SLAM-Example/ros2_docker/colcon_ws/install/ros_tcp_endpoint/lib/pkgconfig/ros_tcp_endpoint.pc'
[9.957s] Level 1:colcon.colcon_core.environment:checking '/home/jpedr/Documents/Robotics-Nav2-SLAM-Example/ros2_docker/colcon_ws/install/ros_tcp_endpoint/lib/python3.10/site-packages'
[9.957s] Level 1:colcon.colcon_core.shell:create_environment_hook('ros_tcp_endpoint', 'pythonpath')
[9.970s] INFO:colcon.colcon_core.shell:Creating environment hook '/home/jpedr/Documents/Robotics-Nav2-SLAM-Example/ros2_docker/colcon_ws/install/ros_tcp_endpoint/share/ros_tcp_endpoint/hook/pythonpath.ps1'
[9.973s] INFO:colcon.colcon_core.shell:Creating environment descriptor '/home/jpedr/Documents/Robotics-Nav2-SLAM-Example/ros2_docker/colcon_ws/install/ros_tcp_endpoint/share/ros_tcp_endpoint/hook/pythonpath.dsv'
[9.976s] INFO:colcon.colcon_core.shell:Creating environment hook '/home/jpedr/Documents/Robotics-Nav2-SLAM-Example/ros2_docker/colcon_ws/install/ros_tcp_endpoint/share/ros_tcp_endpoint/hook/pythonpath.sh'
[9.979s] Level 1:colcon.colcon_core.environment:checking '/home/jpedr/Documents/Robotics-Nav2-SLAM-Example/ros2_docker/colcon_ws/install/ros_tcp_endpoint/bin'
[9.980s] Level 1:colcon.colcon_core.environment:create_environment_scripts_only(ros_tcp_endpoint)
[9.995s] INFO:colcon.colcon_core.shell:Creating package script '/home/jpedr/Documents/Robotics-Nav2-SLAM-Example/ros2_docker/colcon_ws/install/ros_tcp_endpoint/share/ros_tcp_endpoint/package.ps1'
[9.997s] INFO:colcon.colcon_core.shell:Creating package descriptor '/home/jpedr/Documents/Robotics-Nav2-SLAM-Example/ros2_docker/colcon_ws/install/ros_tcp_endpoint/share/ros_tcp_endpoint/package.dsv'
[10.000s] INFO:colcon.colcon_core.shell:Creating package script '/home/jpedr/Documents/Robotics-Nav2-SLAM-Example/ros2_docker/colcon_ws/install/ros_tcp_endpoint/share/ros_tcp_endpoint/package.sh'
[10.002s] INFO:colcon.colcon_core.shell:Creating package script '/home/jpedr/Documents/Robotics-Nav2-SLAM-Example/ros2_docker/colcon_ws/install/ros_tcp_endpoint/share/ros_tcp_endpoint/package.bash'
[10.004s] INFO:colcon.colcon_core.shell:Creating package script '/home/jpedr/Documents/Robotics-Nav2-SLAM-Example/ros2_docker/colcon_ws/install/ros_tcp_endpoint/share/ros_tcp_endpoint/package.zsh'
[10.006s] Level 1:colcon.colcon_core.environment:create_file_with_runtime_dependencies(/home/jpedr/Documents/Robotics-Nav2-SLAM-Example/ros2_docker/colcon_ws/install/ros_tcp_endpoint/share/colcon-core/packages/ros_tcp_endpoint)
[10.023s] DEBUG:colcon.colcon_core.event_handler.log_command:Invoked command in '/home/jpedr/Documents/Robotics-Nav2-SLAM-Example/ros2_docker/colcon_ws/src/py_marker' returned '0': PYTHONPATH=/home/jpedr/Documents/Robotics-Nav2-SLAM-Example/ros2_docker/colcon_ws/install/py_marker/lib/python3.10/site-packages:${PYTHONPATH} /usr/bin/python3 setup.py egg_info --egg-base ../../build/py_marker build --build-base /home/jpedr/Documents/Robotics-Nav2-SLAM-Example/ros2_docker/colcon_ws/build/py_marker/build install --prefix /home/jpedr/Documents/Robotics-Nav2-SLAM-Example/ros2_docker/colcon_ws/install/py_marker --record /home/jpedr/Documents/Robotics-Nav2-SLAM-Example/ros2_docker/colcon_ws/build/py_marker/install.log --single-version-externally-managed
[10.039s] Level 1:colcon.colcon_core.environment:checking '/home/jpedr/Documents/Robotics-Nav2-SLAM-Example/ros2_docker/colcon_ws/install/py_marker' for CMake module files
[10.040s] Level 1:colcon.colcon_core.environment:checking '/home/jpedr/Documents/Robotics-Nav2-SLAM-Example/ros2_docker/colcon_ws/install/py_marker' for CMake config files
[10.041s] Level 1:colcon.colcon_core.environment:checking '/home/jpedr/Documents/Robotics-Nav2-SLAM-Example/ros2_docker/colcon_ws/install/py_marker/lib'
[10.041s] Level 1:colcon.colcon_core.environment:checking '/home/jpedr/Documents/Robotics-Nav2-SLAM-Example/ros2_docker/colcon_ws/install/py_marker/bin'
[10.042s] Level 1:colcon.colcon_core.environment:checking '/home/jpedr/Documents/Robotics-Nav2-SLAM-Example/ros2_docker/colcon_ws/install/py_marker/lib/pkgconfig/py_marker.pc'
[10.042s] Level 1:colcon.colcon_core.environment:checking '/home/jpedr/Documents/Robotics-Nav2-SLAM-Example/ros2_docker/colcon_ws/install/py_marker/lib/python3.10/site-packages'
[10.043s] Level 1:colcon.colcon_core.shell:create_environment_hook('py_marker', 'pythonpath')
[10.060s] INFO:colcon.colcon_core.shell:Creating environment hook '/home/jpedr/Documents/Robotics-Nav2-SLAM-Example/ros2_docker/colcon_ws/install/py_marker/share/py_marker/hook/pythonpath.ps1'
[10.062s] INFO:colcon.colcon_core.shell:Creating environment descriptor '/home/jpedr/Documents/Robotics-Nav2-SLAM-Example/ros2_docker/colcon_ws/install/py_marker/share/py_marker/hook/pythonpath.dsv'
[10.063s] INFO:colcon.colcon_core.shell:Creating environment hook '/home/jpedr/Documents/Robotics-Nav2-SLAM-Example/ros2_docker/colcon_ws/install/py_marker/share/py_marker/hook/pythonpath.sh'
[10.065s] Level 1:colcon.colcon_core.environment:checking '/home/jpedr/Documents/Robotics-Nav2-SLAM-Example/ros2_docker/colcon_ws/install/py_marker/bin'
[10.065s] Level 1:colcon.colcon_core.environment:create_environment_scripts_only(py_marker)
[10.080s] INFO:colcon.colcon_core.shell:Creating package script '/home/jpedr/Documents/Robotics-Nav2-SLAM-Example/ros2_docker/colcon_ws/install/py_marker/share/py_marker/package.ps1'
[10.081s] INFO:colcon.colcon_core.shell:Creating package descriptor '/home/jpedr/Documents/Robotics-Nav2-SLAM-Example/ros2_docker/colcon_ws/install/py_marker/share/py_marker/package.dsv'
[10.083s] INFO:colcon.colcon_core.shell:Creating package script '/home/jpedr/Documents/Robotics-Nav2-SLAM-Example/ros2_docker/colcon_ws/install/py_marker/share/py_marker/package.sh'
[10.084s] INFO:colcon.colcon_core.shell:Creating package script '/home/jpedr/Documents/Robotics-Nav2-SLAM-Example/ros2_docker/colcon_ws/install/py_marker/share/py_marker/package.bash'
[10.086s] INFO:colcon.colcon_core.shell:Creating package script '/home/jpedr/Documents/Robotics-Nav2-SLAM-Example/ros2_docker/colcon_ws/install/py_marker/share/py_marker/package.zsh'
[10.087s] Level 1:colcon.colcon_core.environment:create_file_with_runtime_dependencies(/home/jpedr/Documents/Robotics-Nav2-SLAM-Example/ros2_docker/colcon_ws/install/py_marker/share/colcon-core/packages/py_marker)
[10.119s] Level 1:colcon.colcon_core.environment:checking '/home/jpedr/Documents/Robotics-Nav2-SLAM-Example/ros2_docker/colcon_ws/install/unity_slam_example' for CMake module files
[10.121s] DEBUG:colcon.colcon_core.event_handler.log_command:Invoked command in '/home/jpedr/Documents/Robotics-Nav2-SLAM-Example/ros2_docker/colcon_ws/src/unity_slam_example' returned '0': PYTHONPATH=/home/jpedr/Documents/Robotics-Nav2-SLAM-Example/ros2_docker/colcon_ws/install/unity_slam_example/lib/python3.10/site-packages:${PYTHONPATH} /usr/bin/python3 setup.py egg_info --egg-base ../../build/unity_slam_example build --build-base /home/jpedr/Documents/Robotics-Nav2-SLAM-Example/ros2_docker/colcon_ws/build/unity_slam_example/build install --prefix /home/jpedr/Documents/Robotics-Nav2-SLAM-Example/ros2_docker/colcon_ws/install/unity_slam_example --record /home/jpedr/Documents/Robotics-Nav2-SLAM-Example/ros2_docker/colcon_ws/build/unity_slam_example/install.log --single-version-externally-managed
[10.121s] Level 1:colcon.colcon_core.environment:checking '/home/jpedr/Documents/Robotics-Nav2-SLAM-Example/ros2_docker/colcon_ws/install/unity_slam_example' for CMake config files
[10.123s] Level 1:colcon.colcon_core.environment:checking '/home/jpedr/Documents/Robotics-Nav2-SLAM-Example/ros2_docker/colcon_ws/install/unity_slam_example/lib'
[10.123s] Level 1:colcon.colcon_core.environment:checking '/home/jpedr/Documents/Robotics-Nav2-SLAM-Example/ros2_docker/colcon_ws/install/unity_slam_example/bin'
[10.123s] Level 1:colcon.colcon_core.environment:checking '/home/jpedr/Documents/Robotics-Nav2-SLAM-Example/ros2_docker/colcon_ws/install/unity_slam_example/lib/pkgconfig/unity_slam_example.pc'
[10.124s] Level 1:colcon.colcon_core.environment:checking '/home/jpedr/Documents/Robotics-Nav2-SLAM-Example/ros2_docker/colcon_ws/install/unity_slam_example/lib/python3.10/site-packages'
[10.125s] Level 1:colcon.colcon_core.shell:create_environment_hook('unity_slam_example', 'pythonpath')
[10.140s] INFO:colcon.colcon_core.shell:Creating environment hook '/home/jpedr/Documents/Robotics-Nav2-SLAM-Example/ros2_docker/colcon_ws/install/unity_slam_example/share/unity_slam_example/hook/pythonpath.ps1'
[10.142s] INFO:colcon.colcon_core.shell:Creating environment descriptor '/home/jpedr/Documents/Robotics-Nav2-SLAM-Example/ros2_docker/colcon_ws/install/unity_slam_example/share/unity_slam_example/hook/pythonpath.dsv'
[10.143s] INFO:colcon.colcon_core.shell:Creating environment hook '/home/jpedr/Documents/Robotics-Nav2-SLAM-Example/ros2_docker/colcon_ws/install/unity_slam_example/share/unity_slam_example/hook/pythonpath.sh'
[10.145s] Level 1:colcon.colcon_core.environment:checking '/home/jpedr/Documents/Robotics-Nav2-SLAM-Example/ros2_docker/colcon_ws/install/unity_slam_example/bin'
[10.145s] Level 1:colcon.colcon_core.environment:create_environment_scripts_only(unity_slam_example)
[10.165s] INFO:colcon.colcon_core.shell:Creating package script '/home/jpedr/Documents/Robotics-Nav2-SLAM-Example/ros2_docker/colcon_ws/install/unity_slam_example/share/unity_slam_example/package.ps1'
[10.170s] INFO:colcon.colcon_core.shell:Creating package descriptor '/home/jpedr/Documents/Robotics-Nav2-SLAM-Example/ros2_docker/colcon_ws/install/unity_slam_example/share/unity_slam_example/package.dsv'
[10.171s] INFO:colcon.colcon_core.shell:Creating package script '/home/jpedr/Documents/Robotics-Nav2-SLAM-Example/ros2_docker/colcon_ws/install/unity_slam_example/share/unity_slam_example/package.sh'
[10.172s] INFO:colcon.colcon_core.shell:Creating package script '/home/jpedr/Documents/Robotics-Nav2-SLAM-Example/ros2_docker/colcon_ws/install/unity_slam_example/share/unity_slam_example/package.bash'
[10.173s] INFO:colcon.colcon_core.shell:Creating package script '/home/jpedr/Documents/Robotics-Nav2-SLAM-Example/ros2_docker/colcon_ws/install/unity_slam_example/share/unity_slam_example/package.zsh'
[10.175s] Level 1:colcon.colcon_core.environment:create_file_with_runtime_dependencies(/home/jpedr/Documents/Robotics-Nav2-SLAM-Example/ros2_docker/colcon_ws/install/unity_slam_example/share/colcon-core/packages/unity_slam_example)
[10.176s] DEBUG:colcon.colcon_parallel_executor.executor.parallel:closing loop
[10.177s] DEBUG:colcon.colcon_parallel_executor.executor.parallel:loop closed
[10.177s] DEBUG:colcon.colcon_parallel_executor.executor.parallel:run_until_complete finished with '0'
[10.178s] DEBUG:colcon.colcon_core.event_reactor:joining thread
[10.211s] INFO:colcon.colcon_core.plugin_system:Skipping extension 'colcon_notification.desktop_notification.notify_send': Could not find 'notify-send'
[10.212s] INFO:colcon.colcon_core.plugin_system:Skipping extension 'colcon_notification.desktop_notification.terminal_notifier': Not used on non-Darwin systems
[10.212s] INFO:colcon.colcon_core.plugin_system:Skipping extension 'colcon_notification.desktop_notification.win32': Not used on non-Windows systems
[10.212s] INFO:colcon.colcon_notification.desktop_notification:Sending desktop notification using 'notify2'
[10.249s] DEBUG:colcon.colcon_core.event_reactor:joined thread
[10.267s] INFO:colcon.colcon_core.shell:Creating prefix script '/home/jpedr/Documents/Robotics-Nav2-SLAM-Example/ros2_docker/colcon_ws/install/local_setup.ps1'
[10.272s] INFO:colcon.colcon_core.shell:Creating prefix util module '/home/jpedr/Documents/Robotics-Nav2-SLAM-Example/ros2_docker/colcon_ws/install/_local_setup_util_ps1.py'
[10.277s] INFO:colcon.colcon_core.shell:Creating prefix chain script '/home/jpedr/Documents/Robotics-Nav2-SLAM-Example/ros2_docker/colcon_ws/install/setup.ps1'
[10.292s] INFO:colcon.colcon_core.shell:Creating prefix script '/home/jpedr/Documents/Robotics-Nav2-SLAM-Example/ros2_docker/colcon_ws/install/local_setup.sh'
[10.294s] INFO:colcon.colcon_core.shell:Creating prefix util module '/home/jpedr/Documents/Robotics-Nav2-SLAM-Example/ros2_docker/colcon_ws/install/_local_setup_util_sh.py'
[10.296s] INFO:colcon.colcon_core.shell:Creating prefix chain script '/home/jpedr/Documents/Robotics-Nav2-SLAM-Example/ros2_docker/colcon_ws/install/setup.sh'
[10.316s] INFO:colcon.colcon_core.shell:Creating prefix script '/home/jpedr/Documents/Robotics-Nav2-SLAM-Example/ros2_docker/colcon_ws/install/local_setup.bash'
[10.320s] INFO:colcon.colcon_core.shell:Creating prefix chain script '/home/jpedr/Documents/Robotics-Nav2-SLAM-Example/ros2_docker/colcon_ws/install/setup.bash'
[10.338s] INFO:colcon.colcon_core.shell:Creating prefix script '/home/jpedr/Documents/Robotics-Nav2-SLAM-Example/ros2_docker/colcon_ws/install/local_setup.zsh'
[10.341s] INFO:colcon.colcon_core.shell:Creating prefix chain script '/home/jpedr/Documents/Robotics-Nav2-SLAM-Example/ros2_docker/colcon_ws/install/setup.zsh'
