[3.005s] Invoking command in '/home/jpedr/Documents/Robotics-Nav2-SLAM-Example/ros2_docker/colcon_ws/src/unity_slam_example': PYTHONPATH=/home/jpedr/Documents/Robotics-Nav2-SLAM-Example/ros2_docker/colcon_ws/install/unity_slam_example/lib/python3.10/site-packages:${PYTHONPATH} /usr/bin/python3 setup.py egg_info --egg-base ../../build/unity_slam_example build --build-base /home/jpedr/Documents/Robotics-Nav2-SLAM-Example/ros2_docker/colcon_ws/build/unity_slam_example/build install --prefix /home/jpedr/Documents/Robotics-Nav2-SLAM-Example/ros2_docker/colcon_ws/install/unity_slam_example --record /home/jpedr/Documents/Robotics-Nav2-SLAM-Example/ros2_docker/colcon_ws/build/unity_slam_example/install.log --single-version-externally-managed
[3.771s] /usr/lib/python3/dist-packages/setuptools/dist.py:723: UserWarning: Usage of dash-separated 'script-dir' will not be supported in future versions. Please use the underscore name 'script_dir' instead
[3.771s]   warnings.warn(
[3.772s] /usr/lib/python3/dist-packages/setuptools/dist.py:723: UserWarning: Usage of dash-separated 'install-scripts' will not be supported in future versions. Please use the underscore name 'install_scripts' instead
[3.772s]   warnings.warn(
[3.805s] running egg_info
[3.810s] writing ../../build/unity_slam_example/unity_slam_example.egg-info/PKG-INFO
[3.810s] writing dependency_links to ../../build/unity_slam_example/unity_slam_example.egg-info/dependency_links.txt
[3.810s] writing requirements to ../../build/unity_slam_example/unity_slam_example.egg-info/requires.txt
[3.811s] writing top-level names to ../../build/unity_slam_example/unity_slam_example.egg-info/top_level.txt
[3.815s] reading manifest file '../../build/unity_slam_example/unity_slam_example.egg-info/SOURCES.txt'
[3.818s] writing manifest file '../../build/unity_slam_example/unity_slam_example.egg-info/SOURCES.txt'
[3.818s] running build
[3.818s] running install
[3.819s] /usr/lib/python3/dist-packages/setuptools/command/install.py:34: SetuptoolsDeprecationWarning: setup.py install is deprecated. Use build and pip and other standards-based tools.
[3.819s]   warnings.warn(
[3.819s] running install_data
[3.820s] running install_egg_info
[3.831s] removing '/home/jpedr/Documents/Robotics-Nav2-SLAM-Example/ros2_docker/colcon_ws/install/unity_slam_example/lib/python3.10/site-packages/unity_slam_example-0.0.1-py3.10.egg-info' (and everything under it)
[3.831s] Copying ../../build/unity_slam_example/unity_slam_example.egg-info to /home/jpedr/Documents/Robotics-Nav2-SLAM-Example/ros2_docker/colcon_ws/install/unity_slam_example/lib/python3.10/site-packages/unity_slam_example-0.0.1-py3.10.egg-info
[3.831s] running install_scripts
[3.884s] writing list of installed files to '/home/jpedr/Documents/Robotics-Nav2-SLAM-Example/ros2_docker/colcon_ws/build/unity_slam_example/install.log'
[3.968s] Invoked command in '/home/jpedr/Documents/Robotics-Nav2-SLAM-Example/ros2_docker/colcon_ws/src/unity_slam_example' returned '0': PYTHONPATH=/home/jpedr/Documents/Robotics-Nav2-SLAM-Example/ros2_docker/colcon_ws/install/unity_slam_example/lib/python3.10/site-packages:${PYTHONPATH} /usr/bin/python3 setup.py egg_info --egg-base ../../build/unity_slam_example build --build-base /home/jpedr/Documents/Robotics-Nav2-SLAM-Example/ros2_docker/colcon_ws/build/unity_slam_example/build install --prefix /home/jpedr/Documents/Robotics-Nav2-SLAM-Example/ros2_docker/colcon_ws/install/unity_slam_example --record /home/jpedr/Documents/Robotics-Nav2-SLAM-Example/ros2_docker/colcon_ws/build/unity_slam_example/install.log --single-version-externally-managed
