[0.271s] Invoking command in '/home/jpedr/Documents/Robotics-Nav2-SLAM-Example/ros2_docker/colcon_ws/build/custom_interfaces': CMAKE_PREFIX_PATH=${CMAKE_PREFIX_PATH}:/home/jpedr/Documents/Robotics-Nav2-SLAM-Example/ros2_docker/colcon_ws/install/unity_slam_example:/home/jpedr/Documents/Robotics-Nav2-SLAM-Example/ros2_docker/colcon_ws/install/ros_tcp_endpoint:/home/jpedr/Documents/Robotics-Nav2-SLAM-Example/ros2_docker/colcon_ws/install/py_marker:/home/jpedr/Documents/Robotics-Nav2-SLAM-Example/ros2_docker/colcon_ws/install/control_node:/opt/ros/humble /usr/bin/cmake --build /home/jpedr/Documents/Robotics-Nav2-SLAM-Example/ros2_docker/colcon_ws/build/custom_interfaces -- -j4 -l4
[1.360s] [  2%] Built target custom_interfaces__cpp
[1.361s] [  2%] Built target ament_cmake_python_copy_custom_interfaces
[1.361s] [ 12%] Built target custom_interfaces__rosidl_typesupport_fastrtps_cpp
[1.361s] [ 23%] Built target custom_interfaces__rosidl_typesupport_introspection_cpp
[1.720s] running egg_info
[1.723s] writing custom_interfaces.egg-info/PKG-INFO
[1.725s] writing dependency_links to custom_interfaces.egg-info/dependency_links.txt
[1.726s] writing top-level names to custom_interfaces.egg-info/top_level.txt
[1.741s] reading manifest file 'custom_interfaces.egg-info/SOURCES.txt'
[1.744s] writing manifest file 'custom_interfaces.egg-info/SOURCES.txt'
[1.843s] [ 23%] Built target ament_cmake_python_build_custom_interfaces_egg
[1.923s] [ 33%] Built target custom_interfaces__rosidl_typesupport_cpp
[2.008s] [ 43%] Built target custom_interfaces__rosidl_generator_c
[2.090s] [ 53%] Built target custom_interfaces__rosidl_typesupport_fastrtps_c
[2.165s] [ 64%] Built target custom_interfaces__rosidl_typesupport_c
[2.251s] [ 74%] Built target custom_interfaces__rosidl_typesupport_introspection_c
[2.363s] [ 74%] Built target custom_interfaces
[2.435s] [ 76%] Built target custom_interfaces__py
[2.638s] [ 84%] Built target custom_interfaces__rosidl_generator_py
[2.969s] [ 89%] Built target custom_interfaces__rosidl_typesupport_fastrtps_c__pyext
[3.164s] [ 94%] Built target custom_interfaces__rosidl_typesupport_c__pyext
[3.456s] [100%] Built target custom_interfaces__rosidl_typesupport_introspection_c__pyext
[3.579s] Invoked command in '/home/jpedr/Documents/Robotics-Nav2-SLAM-Example/ros2_docker/colcon_ws/build/custom_interfaces' returned '0': CMAKE_PREFIX_PATH=${CMAKE_PREFIX_PATH}:/home/jpedr/Documents/Robotics-Nav2-SLAM-Example/ros2_docker/colcon_ws/install/unity_slam_example:/home/jpedr/Documents/Robotics-Nav2-SLAM-Example/ros2_docker/colcon_ws/install/ros_tcp_endpoint:/home/jpedr/Documents/Robotics-Nav2-SLAM-Example/ros2_docker/colcon_ws/install/py_marker:/home/jpedr/Documents/Robotics-Nav2-SLAM-Example/ros2_docker/colcon_ws/install/control_node:/opt/ros/humble /usr/bin/cmake --build /home/jpedr/Documents/Robotics-Nav2-SLAM-Example/ros2_docker/colcon_ws/build/custom_interfaces -- -j4 -l4
[4.505s] Invoking command in '/home/jpedr/Documents/Robotics-Nav2-SLAM-Example/ros2_docker/colcon_ws/build/custom_interfaces': CMAKE_PREFIX_PATH=${CMAKE_PREFIX_PATH}:/home/jpedr/Documents/Robotics-Nav2-SLAM-Example/ros2_docker/colcon_ws/install/unity_slam_example:/home/jpedr/Documents/Robotics-Nav2-SLAM-Example/ros2_docker/colcon_ws/install/ros_tcp_endpoint:/home/jpedr/Documents/Robotics-Nav2-SLAM-Example/ros2_docker/colcon_ws/install/py_marker:/home/jpedr/Documents/Robotics-Nav2-SLAM-Example/ros2_docker/colcon_ws/install/control_node:/opt/ros/humble /usr/bin/cmake --install /home/jpedr/Documents/Robotics-Nav2-SLAM-Example/ros2_docker/colcon_ws/build/custom_interfaces
[4.525s] -- Install configuration: ""
[4.525s] -- Up-to-date: /home/jpedr/Documents/Robotics-Nav2-SLAM-Example/ros2_docker/colcon_ws/install/custom_interfaces/share/ament_index/resource_index/rosidl_interfaces/custom_interfaces
[4.526s] -- Up-to-date: /home/jpedr/Documents/Robotics-Nav2-SLAM-Example/ros2_docker/colcon_ws/install/custom_interfaces/include/custom_interfaces/custom_interfaces
[4.526s] -- Up-to-date: /home/jpedr/Documents/Robotics-Nav2-SLAM-Example/ros2_docker/colcon_ws/install/custom_interfaces/include/custom_interfaces/custom_interfaces/msg
[4.528s] -- Up-to-date: /home/jpedr/Documents/Robotics-Nav2-SLAM-Example/ros2_docker/colcon_ws/install/custom_interfaces/include/custom_interfaces/custom_interfaces/msg/rosidl_generator_c__visibility_control.h
[4.528s] -- Up-to-date: /home/jpedr/Documents/Robotics-Nav2-SLAM-Example/ros2_docker/colcon_ws/install/custom_interfaces/include/custom_interfaces/custom_interfaces/msg/iotdevicerequest.h
[4.528s] -- Up-to-date: /home/jpedr/Documents/Robotics-Nav2-SLAM-Example/ros2_docker/colcon_ws/install/custom_interfaces/include/custom_interfaces/custom_interfaces/msg/iot_device_request.h
[4.529s] -- Up-to-date: /home/jpedr/Documents/Robotics-Nav2-SLAM-Example/ros2_docker/colcon_ws/install/custom_interfaces/include/custom_interfaces/custom_interfaces/msg/iotbattery.h
[4.529s] -- Up-to-date: /home/jpedr/Documents/Robotics-Nav2-SLAM-Example/ros2_docker/colcon_ws/install/custom_interfaces/include/custom_interfaces/custom_interfaces/msg/detail
[4.529s] -- Up-to-date: /home/jpedr/Documents/Robotics-Nav2-SLAM-Example/ros2_docker/colcon_ws/install/custom_interfaces/include/custom_interfaces/custom_interfaces/msg/detail/iotbattery__functions.h
[4.530s] -- Up-to-date: /home/jpedr/Documents/Robotics-Nav2-SLAM-Example/ros2_docker/colcon_ws/install/custom_interfaces/include/custom_interfaces/custom_interfaces/msg/detail/iotdevicerequest__type_support.h
[4.530s] -- Up-to-date: /home/jpedr/Documents/Robotics-Nav2-SLAM-Example/ros2_docker/colcon_ws/install/custom_interfaces/include/custom_interfaces/custom_interfaces/msg/detail/iot_device_request__type_support.h
[4.533s] -- Up-to-date: /home/jpedr/Documents/Robotics-Nav2-SLAM-Example/ros2_docker/colcon_ws/install/custom_interfaces/include/custom_interfaces/custom_interfaces/msg/detail/iotdevicerequest__struct.h
[4.533s] -- Up-to-date: /home/jpedr/Documents/Robotics-Nav2-SLAM-Example/ros2_docker/colcon_ws/install/custom_interfaces/include/custom_interfaces/custom_interfaces/msg/detail/iot_battery__struct.h
[4.534s] -- Up-to-date: /home/jpedr/Documents/Robotics-Nav2-SLAM-Example/ros2_docker/colcon_ws/install/custom_interfaces/include/custom_interfaces/custom_interfaces/msg/detail/iotbattery__type_support.h
[4.534s] -- Up-to-date: /home/jpedr/Documents/Robotics-Nav2-SLAM-Example/ros2_docker/colcon_ws/install/custom_interfaces/include/custom_interfaces/custom_interfaces/msg/detail/iotbattery__struct.h
[4.535s] -- Up-to-date: /home/jpedr/Documents/Robotics-Nav2-SLAM-Example/ros2_docker/colcon_ws/install/custom_interfaces/include/custom_interfaces/custom_interfaces/msg/detail/iot_battery__functions.h
[4.535s] -- Up-to-date: /home/jpedr/Documents/Robotics-Nav2-SLAM-Example/ros2_docker/colcon_ws/install/custom_interfaces/include/custom_interfaces/custom_interfaces/msg/detail/iot_device_request__functions.h
[4.536s] -- Up-to-date: /home/jpedr/Documents/Robotics-Nav2-SLAM-Example/ros2_docker/colcon_ws/install/custom_interfaces/include/custom_interfaces/custom_interfaces/msg/detail/iotdevicerequest__functions.c
[4.536s] -- Up-to-date: /home/jpedr/Documents/Robotics-Nav2-SLAM-Example/ros2_docker/colcon_ws/install/custom_interfaces/include/custom_interfaces/custom_interfaces/msg/detail/iotdevicerequest__functions.h
[4.536s] -- Up-to-date: /home/jpedr/Documents/Robotics-Nav2-SLAM-Example/ros2_docker/colcon_ws/install/custom_interfaces/include/custom_interfaces/custom_interfaces/msg/detail/iot_battery__type_support.h
[4.536s] -- Up-to-date: /home/jpedr/Documents/Robotics-Nav2-SLAM-Example/ros2_docker/colcon_ws/install/custom_interfaces/include/custom_interfaces/custom_interfaces/msg/detail/iot_battery__functions.c
[4.537s] -- Up-to-date: /home/jpedr/Documents/Robotics-Nav2-SLAM-Example/ros2_docker/colcon_ws/install/custom_interfaces/include/custom_interfaces/custom_interfaces/msg/detail/iot_device_request__struct.h
[4.537s] -- Up-to-date: /home/jpedr/Documents/Robotics-Nav2-SLAM-Example/ros2_docker/colcon_ws/install/custom_interfaces/include/custom_interfaces/custom_interfaces/msg/detail/iot_device_request__functions.c
[4.537s] -- Up-to-date: /home/jpedr/Documents/Robotics-Nav2-SLAM-Example/ros2_docker/colcon_ws/install/custom_interfaces/include/custom_interfaces/custom_interfaces/msg/detail/iotbattery__functions.c
[4.538s] -- Up-to-date: /home/jpedr/Documents/Robotics-Nav2-SLAM-Example/ros2_docker/colcon_ws/install/custom_interfaces/include/custom_interfaces/custom_interfaces/msg/iot_battery.h
[4.538s] -- Up-to-date: /home/jpedr/Documents/Robotics-Nav2-SLAM-Example/ros2_docker/colcon_ws/install/custom_interfaces/share/custom_interfaces/environment/library_path.sh
[4.538s] -- Up-to-date: /home/jpedr/Documents/Robotics-Nav2-SLAM-Example/ros2_docker/colcon_ws/install/custom_interfaces/share/custom_interfaces/environment/library_path.dsv
[4.539s] -- Up-to-date: /home/jpedr/Documents/Robotics-Nav2-SLAM-Example/ros2_docker/colcon_ws/install/custom_interfaces/lib/libcustom_interfaces__rosidl_generator_c.so
[4.539s] -- Up-to-date: /home/jpedr/Documents/Robotics-Nav2-SLAM-Example/ros2_docker/colcon_ws/install/custom_interfaces/include/custom_interfaces/custom_interfaces
[4.539s] -- Up-to-date: /home/jpedr/Documents/Robotics-Nav2-SLAM-Example/ros2_docker/colcon_ws/install/custom_interfaces/include/custom_interfaces/custom_interfaces/msg
[4.540s] -- Up-to-date: /home/jpedr/Documents/Robotics-Nav2-SLAM-Example/ros2_docker/colcon_ws/install/custom_interfaces/include/custom_interfaces/custom_interfaces/msg/rosidl_typesupport_fastrtps_c__visibility_control.h
[4.540s] -- Up-to-date: /home/jpedr/Documents/Robotics-Nav2-SLAM-Example/ros2_docker/colcon_ws/install/custom_interfaces/include/custom_interfaces/custom_interfaces/msg/detail
[4.540s] -- Up-to-date: /home/jpedr/Documents/Robotics-Nav2-SLAM-Example/ros2_docker/colcon_ws/install/custom_interfaces/include/custom_interfaces/custom_interfaces/msg/detail/iotdevicerequest__rosidl_typesupport_fastrtps_c.h
[4.541s] -- Up-to-date: /home/jpedr/Documents/Robotics-Nav2-SLAM-Example/ros2_docker/colcon_ws/install/custom_interfaces/include/custom_interfaces/custom_interfaces/msg/detail/iot_device_request__rosidl_typesupport_fastrtps_c.h
[4.541s] -- Up-to-date: /home/jpedr/Documents/Robotics-Nav2-SLAM-Example/ros2_docker/colcon_ws/install/custom_interfaces/include/custom_interfaces/custom_interfaces/msg/detail/iotbattery__rosidl_typesupport_fastrtps_c.h
[4.541s] -- Up-to-date: /home/jpedr/Documents/Robotics-Nav2-SLAM-Example/ros2_docker/colcon_ws/install/custom_interfaces/include/custom_interfaces/custom_interfaces/msg/detail/iot_battery__rosidl_typesupport_fastrtps_c.h
[4.541s] -- Up-to-date: /home/jpedr/Documents/Robotics-Nav2-SLAM-Example/ros2_docker/colcon_ws/install/custom_interfaces/lib/libcustom_interfaces__rosidl_typesupport_fastrtps_c.so
[4.542s] -- Up-to-date: /home/jpedr/Documents/Robotics-Nav2-SLAM-Example/ros2_docker/colcon_ws/install/custom_interfaces/include/custom_interfaces/custom_interfaces
[4.542s] -- Up-to-date: /home/jpedr/Documents/Robotics-Nav2-SLAM-Example/ros2_docker/colcon_ws/install/custom_interfaces/include/custom_interfaces/custom_interfaces/msg
[4.543s] -- Up-to-date: /home/jpedr/Documents/Robotics-Nav2-SLAM-Example/ros2_docker/colcon_ws/install/custom_interfaces/include/custom_interfaces/custom_interfaces/msg/detail
[4.543s] -- Up-to-date: /home/jpedr/Documents/Robotics-Nav2-SLAM-Example/ros2_docker/colcon_ws/install/custom_interfaces/include/custom_interfaces/custom_interfaces/msg/detail/iot_battery__rosidl_typesupport_introspection_c.h
[4.544s] -- Up-to-date: /home/jpedr/Documents/Robotics-Nav2-SLAM-Example/ros2_docker/colcon_ws/install/custom_interfaces/include/custom_interfaces/custom_interfaces/msg/detail/iotbattery__rosidl_typesupport_introspection_c.h
[4.544s] -- Up-to-date: /home/jpedr/Documents/Robotics-Nav2-SLAM-Example/ros2_docker/colcon_ws/install/custom_interfaces/include/custom_interfaces/custom_interfaces/msg/detail/iotdevicerequest__rosidl_typesupport_introspection_c.h
[4.544s] -- Up-to-date: /home/jpedr/Documents/Robotics-Nav2-SLAM-Example/ros2_docker/colcon_ws/install/custom_interfaces/include/custom_interfaces/custom_interfaces/msg/detail/iotbattery__type_support.c
[4.545s] -- Up-to-date: /home/jpedr/Documents/Robotics-Nav2-SLAM-Example/ros2_docker/colcon_ws/install/custom_interfaces/include/custom_interfaces/custom_interfaces/msg/detail/iot_device_request__type_support.c
[4.545s] -- Up-to-date: /home/jpedr/Documents/Robotics-Nav2-SLAM-Example/ros2_docker/colcon_ws/install/custom_interfaces/include/custom_interfaces/custom_interfaces/msg/detail/iot_battery__type_support.c
[4.545s] -- Up-to-date: /home/jpedr/Documents/Robotics-Nav2-SLAM-Example/ros2_docker/colcon_ws/install/custom_interfaces/include/custom_interfaces/custom_interfaces/msg/detail/iot_device_request__rosidl_typesupport_introspection_c.h
[4.545s] -- Up-to-date: /home/jpedr/Documents/Robotics-Nav2-SLAM-Example/ros2_docker/colcon_ws/install/custom_interfaces/include/custom_interfaces/custom_interfaces/msg/detail/iotdevicerequest__type_support.c
[4.546s] -- Up-to-date: /home/jpedr/Documents/Robotics-Nav2-SLAM-Example/ros2_docker/colcon_ws/install/custom_interfaces/include/custom_interfaces/custom_interfaces/msg/rosidl_typesupport_introspection_c__visibility_control.h
[4.546s] -- Up-to-date: /home/jpedr/Documents/Robotics-Nav2-SLAM-Example/ros2_docker/colcon_ws/install/custom_interfaces/lib/libcustom_interfaces__rosidl_typesupport_introspection_c.so
[4.546s] -- Up-to-date: /home/jpedr/Documents/Robotics-Nav2-SLAM-Example/ros2_docker/colcon_ws/install/custom_interfaces/lib/libcustom_interfaces__rosidl_typesupport_c.so
[4.547s] -- Up-to-date: /home/jpedr/Documents/Robotics-Nav2-SLAM-Example/ros2_docker/colcon_ws/install/custom_interfaces/include/custom_interfaces/custom_interfaces
[4.547s] -- Up-to-date: /home/jpedr/Documents/Robotics-Nav2-SLAM-Example/ros2_docker/colcon_ws/install/custom_interfaces/include/custom_interfaces/custom_interfaces/msg
[4.547s] -- Up-to-date: /home/jpedr/Documents/Robotics-Nav2-SLAM-Example/ros2_docker/colcon_ws/install/custom_interfaces/include/custom_interfaces/custom_interfaces/msg/iot_device_request.hpp
[4.548s] -- Up-to-date: /home/jpedr/Documents/Robotics-Nav2-SLAM-Example/ros2_docker/colcon_ws/install/custom_interfaces/include/custom_interfaces/custom_interfaces/msg/iot_battery.hpp
[4.548s] -- Up-to-date: /home/jpedr/Documents/Robotics-Nav2-SLAM-Example/ros2_docker/colcon_ws/install/custom_interfaces/include/custom_interfaces/custom_interfaces/msg/iotbattery.hpp
[4.548s] -- Up-to-date: /home/jpedr/Documents/Robotics-Nav2-SLAM-Example/ros2_docker/colcon_ws/install/custom_interfaces/include/custom_interfaces/custom_interfaces/msg/detail
[4.549s] -- Up-to-date: /home/jpedr/Documents/Robotics-Nav2-SLAM-Example/ros2_docker/colcon_ws/install/custom_interfaces/include/custom_interfaces/custom_interfaces/msg/detail/iot_battery__traits.hpp
[4.549s] -- Up-to-date: /home/jpedr/Documents/Robotics-Nav2-SLAM-Example/ros2_docker/colcon_ws/install/custom_interfaces/include/custom_interfaces/custom_interfaces/msg/detail/iotbattery__traits.hpp
[4.549s] -- Up-to-date: /home/jpedr/Documents/Robotics-Nav2-SLAM-Example/ros2_docker/colcon_ws/install/custom_interfaces/include/custom_interfaces/custom_interfaces/msg/detail/iot_device_request__struct.hpp
[4.550s] -- Up-to-date: /home/jpedr/Documents/Robotics-Nav2-SLAM-Example/ros2_docker/colcon_ws/install/custom_interfaces/include/custom_interfaces/custom_interfaces/msg/detail/iotbattery__struct.hpp
[4.550s] -- Up-to-date: /home/jpedr/Documents/Robotics-Nav2-SLAM-Example/ros2_docker/colcon_ws/install/custom_interfaces/include/custom_interfaces/custom_interfaces/msg/detail/iot_device_request__builder.hpp
[4.550s] -- Up-to-date: /home/jpedr/Documents/Robotics-Nav2-SLAM-Example/ros2_docker/colcon_ws/install/custom_interfaces/include/custom_interfaces/custom_interfaces/msg/detail/iotdevicerequest__traits.hpp
[4.551s] -- Up-to-date: /home/jpedr/Documents/Robotics-Nav2-SLAM-Example/ros2_docker/colcon_ws/install/custom_interfaces/include/custom_interfaces/custom_interfaces/msg/detail/iot_device_request__traits.hpp
[4.551s] -- Up-to-date: /home/jpedr/Documents/Robotics-Nav2-SLAM-Example/ros2_docker/colcon_ws/install/custom_interfaces/include/custom_interfaces/custom_interfaces/msg/detail/iotdevicerequest__builder.hpp
[4.551s] -- Up-to-date: /home/jpedr/Documents/Robotics-Nav2-SLAM-Example/ros2_docker/colcon_ws/install/custom_interfaces/include/custom_interfaces/custom_interfaces/msg/detail/iot_battery__builder.hpp
[4.551s] -- Up-to-date: /home/jpedr/Documents/Robotics-Nav2-SLAM-Example/ros2_docker/colcon_ws/install/custom_interfaces/include/custom_interfaces/custom_interfaces/msg/detail/iotbattery__builder.hpp
[4.551s] -- Up-to-date: /home/jpedr/Documents/Robotics-Nav2-SLAM-Example/ros2_docker/colcon_ws/install/custom_interfaces/include/custom_interfaces/custom_interfaces/msg/detail/iot_battery__struct.hpp
[4.551s] -- Up-to-date: /home/jpedr/Documents/Robotics-Nav2-SLAM-Example/ros2_docker/colcon_ws/install/custom_interfaces/include/custom_interfaces/custom_interfaces/msg/detail/iotdevicerequest__struct.hpp
[4.552s] -- Up-to-date: /home/jpedr/Documents/Robotics-Nav2-SLAM-Example/ros2_docker/colcon_ws/install/custom_interfaces/include/custom_interfaces/custom_interfaces/msg/iotdevicerequest.hpp
[4.553s] -- Up-to-date: /home/jpedr/Documents/Robotics-Nav2-SLAM-Example/ros2_docker/colcon_ws/install/custom_interfaces/include/custom_interfaces/custom_interfaces
[4.554s] -- Up-to-date: /home/jpedr/Documents/Robotics-Nav2-SLAM-Example/ros2_docker/colcon_ws/install/custom_interfaces/include/custom_interfaces/custom_interfaces/msg
[4.554s] -- Up-to-date: /home/jpedr/Documents/Robotics-Nav2-SLAM-Example/ros2_docker/colcon_ws/install/custom_interfaces/include/custom_interfaces/custom_interfaces/msg/detail
[4.554s] -- Up-to-date: /home/jpedr/Documents/Robotics-Nav2-SLAM-Example/ros2_docker/colcon_ws/install/custom_interfaces/include/custom_interfaces/custom_interfaces/msg/detail/iotbattery__rosidl_typesupport_fastrtps_cpp.hpp
[4.555s] -- Up-to-date: /home/jpedr/Documents/Robotics-Nav2-SLAM-Example/ros2_docker/colcon_ws/install/custom_interfaces/include/custom_interfaces/custom_interfaces/msg/detail/iotdevicerequest__rosidl_typesupport_fastrtps_cpp.hpp
[4.555s] -- Up-to-date: /home/jpedr/Documents/Robotics-Nav2-SLAM-Example/ros2_docker/colcon_ws/install/custom_interfaces/include/custom_interfaces/custom_interfaces/msg/detail/dds_fastrtps
[4.556s] -- Up-to-date: /home/jpedr/Documents/Robotics-Nav2-SLAM-Example/ros2_docker/colcon_ws/install/custom_interfaces/include/custom_interfaces/custom_interfaces/msg/detail/iot_battery__rosidl_typesupport_fastrtps_cpp.hpp
[4.557s] -- Up-to-date: /home/jpedr/Documents/Robotics-Nav2-SLAM-Example/ros2_docker/colcon_ws/install/custom_interfaces/include/custom_interfaces/custom_interfaces/msg/detail/iot_device_request__rosidl_typesupport_fastrtps_cpp.hpp
[4.557s] -- Up-to-date: /home/jpedr/Documents/Robotics-Nav2-SLAM-Example/ros2_docker/colcon_ws/install/custom_interfaces/include/custom_interfaces/custom_interfaces/msg/rosidl_typesupport_fastrtps_cpp__visibility_control.h
[4.557s] -- Up-to-date: /home/jpedr/Documents/Robotics-Nav2-SLAM-Example/ros2_docker/colcon_ws/install/custom_interfaces/lib/libcustom_interfaces__rosidl_typesupport_fastrtps_cpp.so
[4.558s] -- Up-to-date: /home/jpedr/Documents/Robotics-Nav2-SLAM-Example/ros2_docker/colcon_ws/install/custom_interfaces/include/custom_interfaces/custom_interfaces
[4.558s] -- Up-to-date: /home/jpedr/Documents/Robotics-Nav2-SLAM-Example/ros2_docker/colcon_ws/install/custom_interfaces/include/custom_interfaces/custom_interfaces/msg
[4.558s] -- Up-to-date: /home/jpedr/Documents/Robotics-Nav2-SLAM-Example/ros2_docker/colcon_ws/install/custom_interfaces/include/custom_interfaces/custom_interfaces/msg/detail
[4.564s] -- Up-to-date: /home/jpedr/Documents/Robotics-Nav2-SLAM-Example/ros2_docker/colcon_ws/install/custom_interfaces/include/custom_interfaces/custom_interfaces/msg/detail/iotbattery__type_support.cpp
[4.564s] -- Up-to-date: /home/jpedr/Documents/Robotics-Nav2-SLAM-Example/ros2_docker/colcon_ws/install/custom_interfaces/include/custom_interfaces/custom_interfaces/msg/detail/iot_device_request__type_support.cpp
[4.564s] -- Up-to-date: /home/jpedr/Documents/Robotics-Nav2-SLAM-Example/ros2_docker/colcon_ws/install/custom_interfaces/include/custom_interfaces/custom_interfaces/msg/detail/iotdevicerequest__rosidl_typesupport_introspection_cpp.hpp
[4.565s] -- Up-to-date: /home/jpedr/Documents/Robotics-Nav2-SLAM-Example/ros2_docker/colcon_ws/install/custom_interfaces/include/custom_interfaces/custom_interfaces/msg/detail/iotdevicerequest__type_support.cpp
[4.565s] -- Up-to-date: /home/jpedr/Documents/Robotics-Nav2-SLAM-Example/ros2_docker/colcon_ws/install/custom_interfaces/include/custom_interfaces/custom_interfaces/msg/detail/iot_battery__rosidl_typesupport_introspection_cpp.hpp
[4.565s] -- Up-to-date: /home/jpedr/Documents/Robotics-Nav2-SLAM-Example/ros2_docker/colcon_ws/install/custom_interfaces/include/custom_interfaces/custom_interfaces/msg/detail/iot_device_request__rosidl_typesupport_introspection_cpp.hpp
[4.565s] -- Up-to-date: /home/jpedr/Documents/Robotics-Nav2-SLAM-Example/ros2_docker/colcon_ws/install/custom_interfaces/include/custom_interfaces/custom_interfaces/msg/detail/iotbattery__rosidl_typesupport_introspection_cpp.hpp
[4.565s] -- Up-to-date: /home/jpedr/Documents/Robotics-Nav2-SLAM-Example/ros2_docker/colcon_ws/install/custom_interfaces/include/custom_interfaces/custom_interfaces/msg/detail/iot_battery__type_support.cpp
[4.566s] -- Up-to-date: /home/jpedr/Documents/Robotics-Nav2-SLAM-Example/ros2_docker/colcon_ws/install/custom_interfaces/lib/libcustom_interfaces__rosidl_typesupport_introspection_cpp.so
[4.566s] -- Up-to-date: /home/jpedr/Documents/Robotics-Nav2-SLAM-Example/ros2_docker/colcon_ws/install/custom_interfaces/lib/libcustom_interfaces__rosidl_typesupport_cpp.so
[4.566s] -- Up-to-date: /home/jpedr/Documents/Robotics-Nav2-SLAM-Example/ros2_docker/colcon_ws/install/custom_interfaces/share/custom_interfaces/environment/pythonpath.sh
[4.566s] -- Up-to-date: /home/jpedr/Documents/Robotics-Nav2-SLAM-Example/ros2_docker/colcon_ws/install/custom_interfaces/share/custom_interfaces/environment/pythonpath.dsv
[4.566s] -- Up-to-date: /home/jpedr/Documents/Robotics-Nav2-SLAM-Example/ros2_docker/colcon_ws/install/custom_interfaces/local/lib/python3.10/dist-packages/custom_interfaces-0.0.0-py3.10.egg-info
[4.567s] -- Installing: /home/jpedr/Documents/Robotics-Nav2-SLAM-Example/ros2_docker/colcon_ws/install/custom_interfaces/local/lib/python3.10/dist-packages/custom_interfaces-0.0.0-py3.10.egg-info/top_level.txt
[4.567s] -- Installing: /home/jpedr/Documents/Robotics-Nav2-SLAM-Example/ros2_docker/colcon_ws/install/custom_interfaces/local/lib/python3.10/dist-packages/custom_interfaces-0.0.0-py3.10.egg-info/PKG-INFO
[4.567s] -- Installing: /home/jpedr/Documents/Robotics-Nav2-SLAM-Example/ros2_docker/colcon_ws/install/custom_interfaces/local/lib/python3.10/dist-packages/custom_interfaces-0.0.0-py3.10.egg-info/SOURCES.txt
[4.567s] -- Installing: /home/jpedr/Documents/Robotics-Nav2-SLAM-Example/ros2_docker/colcon_ws/install/custom_interfaces/local/lib/python3.10/dist-packages/custom_interfaces-0.0.0-py3.10.egg-info/dependency_links.txt
[4.567s] -- Up-to-date: /home/jpedr/Documents/Robotics-Nav2-SLAM-Example/ros2_docker/colcon_ws/install/custom_interfaces/local/lib/python3.10/dist-packages/custom_interfaces
[4.568s] -- Up-to-date: /home/jpedr/Documents/Robotics-Nav2-SLAM-Example/ros2_docker/colcon_ws/install/custom_interfaces/local/lib/python3.10/dist-packages/custom_interfaces/_custom_interfaces_s.ep.rosidl_typesupport_c.c
[4.568s] -- Up-to-date: /home/jpedr/Documents/Robotics-Nav2-SLAM-Example/ros2_docker/colcon_ws/install/custom_interfaces/local/lib/python3.10/dist-packages/custom_interfaces/custom_interfaces_s__rosidl_typesupport_introspection_c.cpython-310-x86_64-linux-gnu.so
[4.568s] -- Up-to-date: /home/jpedr/Documents/Robotics-Nav2-SLAM-Example/ros2_docker/colcon_ws/install/custom_interfaces/local/lib/python3.10/dist-packages/custom_interfaces/libcustom_interfaces__rosidl_generator_py.so
[4.568s] -- Up-to-date: /home/jpedr/Documents/Robotics-Nav2-SLAM-Example/ros2_docker/colcon_ws/install/custom_interfaces/local/lib/python3.10/dist-packages/custom_interfaces/_custom_interfaces_s.ep.rosidl_typesupport_introspection_c.c
[4.568s] -- Up-to-date: /home/jpedr/Documents/Robotics-Nav2-SLAM-Example/ros2_docker/colcon_ws/install/custom_interfaces/local/lib/python3.10/dist-packages/custom_interfaces/msg
[4.569s] -- Up-to-date: /home/jpedr/Documents/Robotics-Nav2-SLAM-Example/ros2_docker/colcon_ws/install/custom_interfaces/local/lib/python3.10/dist-packages/custom_interfaces/msg/_iot_battery.py
[4.569s] -- Up-to-date: /home/jpedr/Documents/Robotics-Nav2-SLAM-Example/ros2_docker/colcon_ws/install/custom_interfaces/local/lib/python3.10/dist-packages/custom_interfaces/msg/_iotbattery_s.c
[4.569s] -- Up-to-date: /home/jpedr/Documents/Robotics-Nav2-SLAM-Example/ros2_docker/colcon_ws/install/custom_interfaces/local/lib/python3.10/dist-packages/custom_interfaces/msg/_iotbattery.py
[4.569s] -- Up-to-date: /home/jpedr/Documents/Robotics-Nav2-SLAM-Example/ros2_docker/colcon_ws/install/custom_interfaces/local/lib/python3.10/dist-packages/custom_interfaces/msg/_iotdevicerequest_s.c
[4.569s] -- Up-to-date: /home/jpedr/Documents/Robotics-Nav2-SLAM-Example/ros2_docker/colcon_ws/install/custom_interfaces/local/lib/python3.10/dist-packages/custom_interfaces/msg/__init__.py
[4.570s] -- Up-to-date: /home/jpedr/Documents/Robotics-Nav2-SLAM-Example/ros2_docker/colcon_ws/install/custom_interfaces/local/lib/python3.10/dist-packages/custom_interfaces/msg/_iot_device_request_s.c
[4.570s] -- Up-to-date: /home/jpedr/Documents/Robotics-Nav2-SLAM-Example/ros2_docker/colcon_ws/install/custom_interfaces/local/lib/python3.10/dist-packages/custom_interfaces/msg/_iot_battery_s.c
[4.570s] -- Up-to-date: /home/jpedr/Documents/Robotics-Nav2-SLAM-Example/ros2_docker/colcon_ws/install/custom_interfaces/local/lib/python3.10/dist-packages/custom_interfaces/msg/_iotdevicerequest.py
[4.570s] -- Up-to-date: /home/jpedr/Documents/Robotics-Nav2-SLAM-Example/ros2_docker/colcon_ws/install/custom_interfaces/local/lib/python3.10/dist-packages/custom_interfaces/msg/_iot_device_request.py
[4.570s] -- Up-to-date: /home/jpedr/Documents/Robotics-Nav2-SLAM-Example/ros2_docker/colcon_ws/install/custom_interfaces/local/lib/python3.10/dist-packages/custom_interfaces/custom_interfaces_s__rosidl_typesupport_fastrtps_c.cpython-310-x86_64-linux-gnu.so
[4.571s] -- Up-to-date: /home/jpedr/Documents/Robotics-Nav2-SLAM-Example/ros2_docker/colcon_ws/install/custom_interfaces/local/lib/python3.10/dist-packages/custom_interfaces/__init__.py
[4.571s] -- Up-to-date: /home/jpedr/Documents/Robotics-Nav2-SLAM-Example/ros2_docker/colcon_ws/install/custom_interfaces/local/lib/python3.10/dist-packages/custom_interfaces/_custom_interfaces_s.ep.rosidl_typesupport_fastrtps_c.c
[4.571s] -- Up-to-date: /home/jpedr/Documents/Robotics-Nav2-SLAM-Example/ros2_docker/colcon_ws/install/custom_interfaces/local/lib/python3.10/dist-packages/custom_interfaces/custom_interfaces_s__rosidl_typesupport_c.cpython-310-x86_64-linux-gnu.so
[4.721s] Listing '/home/jpedr/Documents/Robotics-Nav2-SLAM-Example/ros2_docker/colcon_ws/install/custom_interfaces/local/lib/python3.10/dist-packages/custom_interfaces'...
[4.722s] Listing '/home/jpedr/Documents/Robotics-Nav2-SLAM-Example/ros2_docker/colcon_ws/install/custom_interfaces/local/lib/python3.10/dist-packages/custom_interfaces/msg'...
[4.773s] -- Up-to-date: /home/jpedr/Documents/Robotics-Nav2-SLAM-Example/ros2_docker/colcon_ws/install/custom_interfaces/local/lib/python3.10/dist-packages/custom_interfaces/custom_interfaces_s__rosidl_typesupport_fastrtps_c.cpython-310-x86_64-linux-gnu.so
[4.774s] -- Up-to-date: /home/jpedr/Documents/Robotics-Nav2-SLAM-Example/ros2_docker/colcon_ws/install/custom_interfaces/local/lib/python3.10/dist-packages/custom_interfaces/custom_interfaces_s__rosidl_typesupport_introspection_c.cpython-310-x86_64-linux-gnu.so
[4.775s] -- Up-to-date: /home/jpedr/Documents/Robotics-Nav2-SLAM-Example/ros2_docker/colcon_ws/install/custom_interfaces/local/lib/python3.10/dist-packages/custom_interfaces/custom_interfaces_s__rosidl_typesupport_c.cpython-310-x86_64-linux-gnu.so
[4.776s] -- Up-to-date: /home/jpedr/Documents/Robotics-Nav2-SLAM-Example/ros2_docker/colcon_ws/install/custom_interfaces/lib/libcustom_interfaces__rosidl_generator_py.so
[4.777s] -- Up-to-date: /home/jpedr/Documents/Robotics-Nav2-SLAM-Example/ros2_docker/colcon_ws/install/custom_interfaces/share/custom_interfaces/msg/IotBattery.idl
[4.777s] -- Up-to-date: /home/jpedr/Documents/Robotics-Nav2-SLAM-Example/ros2_docker/colcon_ws/install/custom_interfaces/share/custom_interfaces/msg/IotDeviceRequest.idl
[4.778s] -- Up-to-date: /home/jpedr/Documents/Robotics-Nav2-SLAM-Example/ros2_docker/colcon_ws/install/custom_interfaces/share/custom_interfaces/msg/IotBattery.msg
[4.778s] -- Up-to-date: /home/jpedr/Documents/Robotics-Nav2-SLAM-Example/ros2_docker/colcon_ws/install/custom_interfaces/share/custom_interfaces/msg/IotDeviceRequest.msg
[4.778s] -- Up-to-date: /home/jpedr/Documents/Robotics-Nav2-SLAM-Example/ros2_docker/colcon_ws/install/custom_interfaces/share/ament_index/resource_index/package_run_dependencies/custom_interfaces
[4.779s] -- Up-to-date: /home/jpedr/Documents/Robotics-Nav2-SLAM-Example/ros2_docker/colcon_ws/install/custom_interfaces/share/ament_index/resource_index/parent_prefix_path/custom_interfaces
[4.779s] -- Up-to-date: /home/jpedr/Documents/Robotics-Nav2-SLAM-Example/ros2_docker/colcon_ws/install/custom_interfaces/share/custom_interfaces/environment/ament_prefix_path.sh
[4.779s] -- Up-to-date: /home/jpedr/Documents/Robotics-Nav2-SLAM-Example/ros2_docker/colcon_ws/install/custom_interfaces/share/custom_interfaces/environment/ament_prefix_path.dsv
[4.780s] -- Up-to-date: /home/jpedr/Documents/Robotics-Nav2-SLAM-Example/ros2_docker/colcon_ws/install/custom_interfaces/share/custom_interfaces/environment/path.sh
[4.780s] -- Up-to-date: /home/jpedr/Documents/Robotics-Nav2-SLAM-Example/ros2_docker/colcon_ws/install/custom_interfaces/share/custom_interfaces/environment/path.dsv
[4.780s] -- Up-to-date: /home/jpedr/Documents/Robotics-Nav2-SLAM-Example/ros2_docker/colcon_ws/install/custom_interfaces/share/custom_interfaces/local_setup.bash
[4.780s] -- Up-to-date: /home/jpedr/Documents/Robotics-Nav2-SLAM-Example/ros2_docker/colcon_ws/install/custom_interfaces/share/custom_interfaces/local_setup.sh
[4.780s] -- Up-to-date: /home/jpedr/Documents/Robotics-Nav2-SLAM-Example/ros2_docker/colcon_ws/install/custom_interfaces/share/custom_interfaces/local_setup.zsh
[4.783s] -- Up-to-date: /home/jpedr/Documents/Robotics-Nav2-SLAM-Example/ros2_docker/colcon_ws/install/custom_interfaces/share/custom_interfaces/local_setup.dsv
[4.784s] -- Installing: /home/jpedr/Documents/Robotics-Nav2-SLAM-Example/ros2_docker/colcon_ws/install/custom_interfaces/share/custom_interfaces/package.dsv
[4.787s] -- Up-to-date: /home/jpedr/Documents/Robotics-Nav2-SLAM-Example/ros2_docker/colcon_ws/install/custom_interfaces/share/ament_index/resource_index/packages/custom_interfaces
[4.789s] -- Up-to-date: /home/jpedr/Documents/Robotics-Nav2-SLAM-Example/ros2_docker/colcon_ws/install/custom_interfaces/share/custom_interfaces/cmake/export_custom_interfaces__rosidl_generator_cExport.cmake
[4.790s] -- Up-to-date: /home/jpedr/Documents/Robotics-Nav2-SLAM-Example/ros2_docker/colcon_ws/install/custom_interfaces/share/custom_interfaces/cmake/export_custom_interfaces__rosidl_generator_cExport-noconfig.cmake
[4.790s] -- Up-to-date: /home/jpedr/Documents/Robotics-Nav2-SLAM-Example/ros2_docker/colcon_ws/install/custom_interfaces/share/custom_interfaces/cmake/export_custom_interfaces__rosidl_typesupport_fastrtps_cExport.cmake
[4.790s] -- Up-to-date: /home/jpedr/Documents/Robotics-Nav2-SLAM-Example/ros2_docker/colcon_ws/install/custom_interfaces/share/custom_interfaces/cmake/export_custom_interfaces__rosidl_typesupport_fastrtps_cExport-noconfig.cmake
[4.790s] -- Up-to-date: /home/jpedr/Documents/Robotics-Nav2-SLAM-Example/ros2_docker/colcon_ws/install/custom_interfaces/share/custom_interfaces/cmake/custom_interfaces__rosidl_typesupport_introspection_cExport.cmake
[4.794s] -- Up-to-date: /home/jpedr/Documents/Robotics-Nav2-SLAM-Example/ros2_docker/colcon_ws/install/custom_interfaces/share/custom_interfaces/cmake/custom_interfaces__rosidl_typesupport_introspection_cExport-noconfig.cmake
[4.807s] -- Up-to-date: /home/jpedr/Documents/Robotics-Nav2-SLAM-Example/ros2_docker/colcon_ws/install/custom_interfaces/share/custom_interfaces/cmake/custom_interfaces__rosidl_typesupport_cExport.cmake
[4.808s] -- Up-to-date: /home/jpedr/Documents/Robotics-Nav2-SLAM-Example/ros2_docker/colcon_ws/install/custom_interfaces/share/custom_interfaces/cmake/custom_interfaces__rosidl_typesupport_cExport-noconfig.cmake
[4.809s] -- Up-to-date: /home/jpedr/Documents/Robotics-Nav2-SLAM-Example/ros2_docker/colcon_ws/install/custom_interfaces/share/custom_interfaces/cmake/export_custom_interfaces__rosidl_generator_cppExport.cmake
[4.809s] -- Up-to-date: /home/jpedr/Documents/Robotics-Nav2-SLAM-Example/ros2_docker/colcon_ws/install/custom_interfaces/share/custom_interfaces/cmake/export_custom_interfaces__rosidl_typesupport_fastrtps_cppExport.cmake
[4.810s] -- Up-to-date: /home/jpedr/Documents/Robotics-Nav2-SLAM-Example/ros2_docker/colcon_ws/install/custom_interfaces/share/custom_interfaces/cmake/export_custom_interfaces__rosidl_typesupport_fastrtps_cppExport-noconfig.cmake
[4.810s] -- Up-to-date: /home/jpedr/Documents/Robotics-Nav2-SLAM-Example/ros2_docker/colcon_ws/install/custom_interfaces/share/custom_interfaces/cmake/custom_interfaces__rosidl_typesupport_introspection_cppExport.cmake
[4.810s] -- Up-to-date: /home/jpedr/Documents/Robotics-Nav2-SLAM-Example/ros2_docker/colcon_ws/install/custom_interfaces/share/custom_interfaces/cmake/custom_interfaces__rosidl_typesupport_introspection_cppExport-noconfig.cmake
[4.810s] -- Up-to-date: /home/jpedr/Documents/Robotics-Nav2-SLAM-Example/ros2_docker/colcon_ws/install/custom_interfaces/share/custom_interfaces/cmake/custom_interfaces__rosidl_typesupport_cppExport.cmake
[4.811s] -- Up-to-date: /home/jpedr/Documents/Robotics-Nav2-SLAM-Example/ros2_docker/colcon_ws/install/custom_interfaces/share/custom_interfaces/cmake/custom_interfaces__rosidl_typesupport_cppExport-noconfig.cmake
[4.811s] -- Up-to-date: /home/jpedr/Documents/Robotics-Nav2-SLAM-Example/ros2_docker/colcon_ws/install/custom_interfaces/share/custom_interfaces/cmake/export_custom_interfaces__rosidl_generator_pyExport.cmake
[4.811s] -- Up-to-date: /home/jpedr/Documents/Robotics-Nav2-SLAM-Example/ros2_docker/colcon_ws/install/custom_interfaces/share/custom_interfaces/cmake/export_custom_interfaces__rosidl_generator_pyExport-noconfig.cmake
[4.811s] -- Up-to-date: /home/jpedr/Documents/Robotics-Nav2-SLAM-Example/ros2_docker/colcon_ws/install/custom_interfaces/share/custom_interfaces/cmake/rosidl_cmake-extras.cmake
[4.811s] -- Up-to-date: /home/jpedr/Documents/Robotics-Nav2-SLAM-Example/ros2_docker/colcon_ws/install/custom_interfaces/share/custom_interfaces/cmake/ament_cmake_export_include_directories-extras.cmake
[4.812s] -- Up-to-date: /home/jpedr/Documents/Robotics-Nav2-SLAM-Example/ros2_docker/colcon_ws/install/custom_interfaces/share/custom_interfaces/cmake/ament_cmake_export_libraries-extras.cmake
[4.812s] -- Up-to-date: /home/jpedr/Documents/Robotics-Nav2-SLAM-Example/ros2_docker/colcon_ws/install/custom_interfaces/share/custom_interfaces/cmake/ament_cmake_export_targets-extras.cmake
[4.812s] -- Up-to-date: /home/jpedr/Documents/Robotics-Nav2-SLAM-Example/ros2_docker/colcon_ws/install/custom_interfaces/share/custom_interfaces/cmake/rosidl_cmake_export_typesupport_targets-extras.cmake
[4.812s] -- Up-to-date: /home/jpedr/Documents/Robotics-Nav2-SLAM-Example/ros2_docker/colcon_ws/install/custom_interfaces/share/custom_interfaces/cmake/ament_cmake_export_dependencies-extras.cmake
[4.813s] -- Up-to-date: /home/jpedr/Documents/Robotics-Nav2-SLAM-Example/ros2_docker/colcon_ws/install/custom_interfaces/share/custom_interfaces/cmake/rosidl_cmake_export_typesupport_libraries-extras.cmake
[4.813s] -- Up-to-date: /home/jpedr/Documents/Robotics-Nav2-SLAM-Example/ros2_docker/colcon_ws/install/custom_interfaces/share/custom_interfaces/cmake/custom_interfacesConfig.cmake
[4.813s] -- Up-to-date: /home/jpedr/Documents/Robotics-Nav2-SLAM-Example/ros2_docker/colcon_ws/install/custom_interfaces/share/custom_interfaces/cmake/custom_interfacesConfig-version.cmake
[4.813s] -- Up-to-date: /home/jpedr/Documents/Robotics-Nav2-SLAM-Example/ros2_docker/colcon_ws/install/custom_interfaces/share/custom_interfaces/package.xml
[4.905s] Invoked command in '/home/jpedr/Documents/Robotics-Nav2-SLAM-Example/ros2_docker/colcon_ws/build/custom_interfaces' returned '0': CMAKE_PREFIX_PATH=${CMAKE_PREFIX_PATH}:/home/jpedr/Documents/Robotics-Nav2-SLAM-Example/ros2_docker/colcon_ws/install/unity_slam_example:/home/jpedr/Documents/Robotics-Nav2-SLAM-Example/ros2_docker/colcon_ws/install/ros_tcp_endpoint:/home/jpedr/Documents/Robotics-Nav2-SLAM-Example/ros2_docker/colcon_ws/install/py_marker:/home/jpedr/Documents/Robotics-Nav2-SLAM-Example/ros2_docker/colcon_ws/install/control_node:/opt/ros/humble /usr/bin/cmake --install /home/jpedr/Documents/Robotics-Nav2-SLAM-Example/ros2_docker/colcon_ws/build/custom_interfaces
