[3.334s] Invoking command in '/home/jpedr/Documents/Robotics-Nav2-SLAM-Example/ros2_docker/colcon_ws/src/control_node': PYTHONPATH=/home/jpedr/Documents/Robotics-Nav2-SLAM-Example/ros2_docker/colcon_ws/install/control_node/lib/python3.10/site-packages:${PYTHONPATH} /usr/bin/python3 setup.py egg_info --egg-base ../../build/control_node build --build-base /home/jpedr/Documents/Robotics-Nav2-SLAM-Example/ros2_docker/colcon_ws/build/control_node/build install --prefix /home/jpedr/Documents/Robotics-Nav2-SLAM-Example/ros2_docker/colcon_ws/install/control_node --record /home/jpedr/Documents/Robotics-Nav2-SLAM-Example/ros2_docker/colcon_ws/build/control_node/install.log --single-version-externally-managed
[4.129s] running egg_info
[4.131s] writing ../../build/control_node/control_node.egg-info/PKG-INFO
[4.135s] writing dependency_links to ../../build/control_node/control_node.egg-info/dependency_links.txt
[4.135s] writing entry points to ../../build/control_node/control_node.egg-info/entry_points.txt
[4.136s] writing requirements to ../../build/control_node/control_node.egg-info/requires.txt
[4.136s] writing top-level names to ../../build/control_node/control_node.egg-info/top_level.txt
[4.143s] reading manifest file '../../build/control_node/control_node.egg-info/SOURCES.txt'
[4.147s] writing manifest file '../../build/control_node/control_node.egg-info/SOURCES.txt'
[4.147s] running build
[4.147s] running build_py
[4.149s] running install
[4.149s] /usr/lib/python3/dist-packages/setuptools/command/install.py:34: SetuptoolsDeprecationWarning: setup.py install is deprecated. Use build and pip and other standards-based tools.
[4.150s]   warnings.warn(
[4.151s] running install_lib
[4.157s] running install_data
[4.159s] running install_egg_info
[4.163s] removing '/home/jpedr/Documents/Robotics-Nav2-SLAM-Example/ros2_docker/colcon_ws/install/control_node/lib/python3.10/site-packages/control_node-0.0.0-py3.10.egg-info' (and everything under it)
[4.164s] Copying ../../build/control_node/control_node.egg-info to /home/jpedr/Documents/Robotics-Nav2-SLAM-Example/ros2_docker/colcon_ws/install/control_node/lib/python3.10/site-packages/control_node-0.0.0-py3.10.egg-info
[4.167s] running install_scripts
[4.229s] Installing control script to /home/jpedr/Documents/Robotics-Nav2-SLAM-Example/ros2_docker/colcon_ws/install/control_node/lib/control_node
[4.230s] writing list of installed files to '/home/jpedr/Documents/Robotics-Nav2-SLAM-Example/ros2_docker/colcon_ws/build/control_node/install.log'
[4.383s] Invoked command in '/home/jpedr/Documents/Robotics-Nav2-SLAM-Example/ros2_docker/colcon_ws/src/control_node' returned '0': PYTHONPATH=/home/jpedr/Documents/Robotics-Nav2-SLAM-Example/ros2_docker/colcon_ws/install/control_node/lib/python3.10/site-packages:${PYTHONPATH} /usr/bin/python3 setup.py egg_info --egg-base ../../build/control_node build --build-base /home/jpedr/Documents/Robotics-Nav2-SLAM-Example/ros2_docker/colcon_ws/build/control_node/build install --prefix /home/jpedr/Documents/Robotics-Nav2-SLAM-Example/ros2_docker/colcon_ws/install/control_node --record /home/jpedr/Documents/Robotics-Nav2-SLAM-Example/ros2_docker/colcon_ws/build/control_node/install.log --single-version-externally-managed
