[1.791s] Invoking command in '/home/jpedr/Documents/Robotics-Nav2-SLAM-Example/ros2_docker/colcon_ws/src/ROS-TCP-Endpoint': PYTHONPATH=/home/jpedr/Documents/Robotics-Nav2-SLAM-Example/ros2_docker/install/ros_tcp_endpoint/lib/python3.10/site-packages:${PYTHONPATH} /usr/bin/python3 setup.py egg_info --egg-base ../../../build/ros_tcp_endpoint build --build-base /home/jpedr/Documents/Robotics-Nav2-SLAM-Example/ros2_docker/build/ros_tcp_endpoint/build install --prefix /home/jpedr/Documents/Robotics-Nav2-SLAM-Example/ros2_docker/install/ros_tcp_endpoint --record /home/jpedr/Documents/Robotics-Nav2-SLAM-Example/ros2_docker/build/ros_tcp_endpoint/install.log --single-version-externally-managed
[2.188s] /usr/lib/python3/dist-packages/setuptools/dist.py:723: UserWarning: Usage of dash-separated 'script-dir' will not be supported in future versions. Please use the underscore name 'script_dir' instead
[2.189s]   warnings.warn(
[2.189s] /usr/lib/python3/dist-packages/setuptools/dist.py:723: UserWarning: Usage of dash-separated 'install-scripts' will not be supported in future versions. Please use the underscore name 'install_scripts' instead
[2.189s]   warnings.warn(
[2.202s] running egg_info
[2.205s] creating ../../../build/ros_tcp_endpoint/ros_tcp_endpoint.egg-info
[2.205s] writing ../../../build/ros_tcp_endpoint/ros_tcp_endpoint.egg-info/PKG-INFO
[2.206s] writing dependency_links to ../../../build/ros_tcp_endpoint/ros_tcp_endpoint.egg-info/dependency_links.txt
[2.206s] writing entry points to ../../../build/ros_tcp_endpoint/ros_tcp_endpoint.egg-info/entry_points.txt
[2.206s] writing requirements to ../../../build/ros_tcp_endpoint/ros_tcp_endpoint.egg-info/requires.txt
[2.206s] writing top-level names to ../../../build/ros_tcp_endpoint/ros_tcp_endpoint.egg-info/top_level.txt
[2.207s] writing manifest file '../../../build/ros_tcp_endpoint/ros_tcp_endpoint.egg-info/SOURCES.txt'
[2.212s] reading manifest file '../../../build/ros_tcp_endpoint/ros_tcp_endpoint.egg-info/SOURCES.txt'
[2.213s] adding license file 'LICENSE'
[2.214s] writing manifest file '../../../build/ros_tcp_endpoint/ros_tcp_endpoint.egg-info/SOURCES.txt'
[2.214s] running build
[2.215s] running build_py
[2.215s] creating /home/jpedr/Documents/Robotics-Nav2-SLAM-Example/ros2_docker/build/ros_tcp_endpoint/build
[2.215s] creating /home/jpedr/Documents/Robotics-Nav2-SLAM-Example/ros2_docker/build/ros_tcp_endpoint/build/lib
[2.216s] creating /home/jpedr/Documents/Robotics-Nav2-SLAM-Example/ros2_docker/build/ros_tcp_endpoint/build/lib/ros_tcp_endpoint
[2.216s] copying ros_tcp_endpoint/communication.py -> /home/jpedr/Documents/Robotics-Nav2-SLAM-Example/ros2_docker/build/ros_tcp_endpoint/build/lib/ros_tcp_endpoint
[2.216s] copying ros_tcp_endpoint/publisher.py -> /home/jpedr/Documents/Robotics-Nav2-SLAM-Example/ros2_docker/build/ros_tcp_endpoint/build/lib/ros_tcp_endpoint
[2.216s] copying ros_tcp_endpoint/thread_pauser.py -> /home/jpedr/Documents/Robotics-Nav2-SLAM-Example/ros2_docker/build/ros_tcp_endpoint/build/lib/ros_tcp_endpoint
[2.217s] copying ros_tcp_endpoint/subscriber.py -> /home/jpedr/Documents/Robotics-Nav2-SLAM-Example/ros2_docker/build/ros_tcp_endpoint/build/lib/ros_tcp_endpoint
[2.217s] copying ros_tcp_endpoint/exceptions.py -> /home/jpedr/Documents/Robotics-Nav2-SLAM-Example/ros2_docker/build/ros_tcp_endpoint/build/lib/ros_tcp_endpoint
[2.217s] copying ros_tcp_endpoint/__init__.py -> /home/jpedr/Documents/Robotics-Nav2-SLAM-Example/ros2_docker/build/ros_tcp_endpoint/build/lib/ros_tcp_endpoint
[2.218s] copying ros_tcp_endpoint/client.py -> /home/jpedr/Documents/Robotics-Nav2-SLAM-Example/ros2_docker/build/ros_tcp_endpoint/build/lib/ros_tcp_endpoint
[2.219s] copying ros_tcp_endpoint/default_server_endpoint.py -> /home/jpedr/Documents/Robotics-Nav2-SLAM-Example/ros2_docker/build/ros_tcp_endpoint/build/lib/ros_tcp_endpoint
[2.219s] copying ros_tcp_endpoint/tcp_sender.py -> /home/jpedr/Documents/Robotics-Nav2-SLAM-Example/ros2_docker/build/ros_tcp_endpoint/build/lib/ros_tcp_endpoint
[2.220s] copying ros_tcp_endpoint/service.py -> /home/jpedr/Documents/Robotics-Nav2-SLAM-Example/ros2_docker/build/ros_tcp_endpoint/build/lib/ros_tcp_endpoint
[2.221s] copying ros_tcp_endpoint/server.py -> /home/jpedr/Documents/Robotics-Nav2-SLAM-Example/ros2_docker/build/ros_tcp_endpoint/build/lib/ros_tcp_endpoint
[2.221s] copying ros_tcp_endpoint/unity_service.py -> /home/jpedr/Documents/Robotics-Nav2-SLAM-Example/ros2_docker/build/ros_tcp_endpoint/build/lib/ros_tcp_endpoint
[2.222s] running install
[2.222s] /usr/lib/python3/dist-packages/setuptools/command/install.py:34: SetuptoolsDeprecationWarning: setup.py install is deprecated. Use build and pip and other standards-based tools.
[2.223s]   warnings.warn(
[2.223s] running install_lib
[2.224s] creating /home/jpedr/Documents/Robotics-Nav2-SLAM-Example/ros2_docker/install/ros_tcp_endpoint/lib/python3.10/site-packages/ros_tcp_endpoint
[2.225s] copying /home/jpedr/Documents/Robotics-Nav2-SLAM-Example/ros2_docker/build/ros_tcp_endpoint/build/lib/ros_tcp_endpoint/communication.py -> /home/jpedr/Documents/Robotics-Nav2-SLAM-Example/ros2_docker/install/ros_tcp_endpoint/lib/python3.10/site-packages/ros_tcp_endpoint
[2.225s] copying /home/jpedr/Documents/Robotics-Nav2-SLAM-Example/ros2_docker/build/ros_tcp_endpoint/build/lib/ros_tcp_endpoint/publisher.py -> /home/jpedr/Documents/Robotics-Nav2-SLAM-Example/ros2_docker/install/ros_tcp_endpoint/lib/python3.10/site-packages/ros_tcp_endpoint
[2.225s] copying /home/jpedr/Documents/Robotics-Nav2-SLAM-Example/ros2_docker/build/ros_tcp_endpoint/build/lib/ros_tcp_endpoint/thread_pauser.py -> /home/jpedr/Documents/Robotics-Nav2-SLAM-Example/ros2_docker/install/ros_tcp_endpoint/lib/python3.10/site-packages/ros_tcp_endpoint
[2.226s] copying /home/jpedr/Documents/Robotics-Nav2-SLAM-Example/ros2_docker/build/ros_tcp_endpoint/build/lib/ros_tcp_endpoint/subscriber.py -> /home/jpedr/Documents/Robotics-Nav2-SLAM-Example/ros2_docker/install/ros_tcp_endpoint/lib/python3.10/site-packages/ros_tcp_endpoint
[2.226s] copying /home/jpedr/Documents/Robotics-Nav2-SLAM-Example/ros2_docker/build/ros_tcp_endpoint/build/lib/ros_tcp_endpoint/exceptions.py -> /home/jpedr/Documents/Robotics-Nav2-SLAM-Example/ros2_docker/install/ros_tcp_endpoint/lib/python3.10/site-packages/ros_tcp_endpoint
[2.226s] copying /home/jpedr/Documents/Robotics-Nav2-SLAM-Example/ros2_docker/build/ros_tcp_endpoint/build/lib/ros_tcp_endpoint/__init__.py -> /home/jpedr/Documents/Robotics-Nav2-SLAM-Example/ros2_docker/install/ros_tcp_endpoint/lib/python3.10/site-packages/ros_tcp_endpoint
[2.226s] copying /home/jpedr/Documents/Robotics-Nav2-SLAM-Example/ros2_docker/build/ros_tcp_endpoint/build/lib/ros_tcp_endpoint/client.py -> /home/jpedr/Documents/Robotics-Nav2-SLAM-Example/ros2_docker/install/ros_tcp_endpoint/lib/python3.10/site-packages/ros_tcp_endpoint
[2.227s] copying /home/jpedr/Documents/Robotics-Nav2-SLAM-Example/ros2_docker/build/ros_tcp_endpoint/build/lib/ros_tcp_endpoint/default_server_endpoint.py -> /home/jpedr/Documents/Robotics-Nav2-SLAM-Example/ros2_docker/install/ros_tcp_endpoint/lib/python3.10/site-packages/ros_tcp_endpoint
[2.227s] copying /home/jpedr/Documents/Robotics-Nav2-SLAM-Example/ros2_docker/build/ros_tcp_endpoint/build/lib/ros_tcp_endpoint/tcp_sender.py -> /home/jpedr/Documents/Robotics-Nav2-SLAM-Example/ros2_docker/install/ros_tcp_endpoint/lib/python3.10/site-packages/ros_tcp_endpoint
[2.227s] copying /home/jpedr/Documents/Robotics-Nav2-SLAM-Example/ros2_docker/build/ros_tcp_endpoint/build/lib/ros_tcp_endpoint/service.py -> /home/jpedr/Documents/Robotics-Nav2-SLAM-Example/ros2_docker/install/ros_tcp_endpoint/lib/python3.10/site-packages/ros_tcp_endpoint
[2.227s] copying /home/jpedr/Documents/Robotics-Nav2-SLAM-Example/ros2_docker/build/ros_tcp_endpoint/build/lib/ros_tcp_endpoint/server.py -> /home/jpedr/Documents/Robotics-Nav2-SLAM-Example/ros2_docker/install/ros_tcp_endpoint/lib/python3.10/site-packages/ros_tcp_endpoint
[2.228s] copying /home/jpedr/Documents/Robotics-Nav2-SLAM-Example/ros2_docker/build/ros_tcp_endpoint/build/lib/ros_tcp_endpoint/unity_service.py -> /home/jpedr/Documents/Robotics-Nav2-SLAM-Example/ros2_docker/install/ros_tcp_endpoint/lib/python3.10/site-packages/ros_tcp_endpoint
[2.228s] byte-compiling /home/jpedr/Documents/Robotics-Nav2-SLAM-Example/ros2_docker/install/ros_tcp_endpoint/lib/python3.10/site-packages/ros_tcp_endpoint/communication.py to communication.cpython-310.pyc
[2.228s] byte-compiling /home/jpedr/Documents/Robotics-Nav2-SLAM-Example/ros2_docker/install/ros_tcp_endpoint/lib/python3.10/site-packages/ros_tcp_endpoint/publisher.py to publisher.cpython-310.pyc
[2.229s] byte-compiling /home/jpedr/Documents/Robotics-Nav2-SLAM-Example/ros2_docker/install/ros_tcp_endpoint/lib/python3.10/site-packages/ros_tcp_endpoint/thread_pauser.py to thread_pauser.cpython-310.pyc
[2.230s] byte-compiling /home/jpedr/Documents/Robotics-Nav2-SLAM-Example/ros2_docker/install/ros_tcp_endpoint/lib/python3.10/site-packages/ros_tcp_endpoint/subscriber.py to subscriber.cpython-310.pyc
[2.230s] byte-compiling /home/jpedr/Documents/Robotics-Nav2-SLAM-Example/ros2_docker/install/ros_tcp_endpoint/lib/python3.10/site-packages/ros_tcp_endpoint/exceptions.py to exceptions.cpython-310.pyc
[2.231s] byte-compiling /home/jpedr/Documents/Robotics-Nav2-SLAM-Example/ros2_docker/install/ros_tcp_endpoint/lib/python3.10/site-packages/ros_tcp_endpoint/__init__.py to __init__.cpython-310.pyc
[2.232s] byte-compiling /home/jpedr/Documents/Robotics-Nav2-SLAM-Example/ros2_docker/install/ros_tcp_endpoint/lib/python3.10/site-packages/ros_tcp_endpoint/client.py to client.cpython-310.pyc
[2.234s] byte-compiling /home/jpedr/Documents/Robotics-Nav2-SLAM-Example/ros2_docker/install/ros_tcp_endpoint/lib/python3.10/site-packages/ros_tcp_endpoint/default_server_endpoint.py to default_server_endpoint.cpython-310.pyc
[2.235s] byte-compiling /home/jpedr/Documents/Robotics-Nav2-SLAM-Example/ros2_docker/install/ros_tcp_endpoint/lib/python3.10/site-packages/ros_tcp_endpoint/tcp_sender.py to tcp_sender.cpython-310.pyc
[2.237s] byte-compiling /home/jpedr/Documents/Robotics-Nav2-SLAM-Example/ros2_docker/install/ros_tcp_endpoint/lib/python3.10/site-packages/ros_tcp_endpoint/service.py to service.cpython-310.pyc
[2.237s] byte-compiling /home/jpedr/Documents/Robotics-Nav2-SLAM-Example/ros2_docker/install/ros_tcp_endpoint/lib/python3.10/site-packages/ros_tcp_endpoint/server.py to server.cpython-310.pyc
[2.240s] byte-compiling /home/jpedr/Documents/Robotics-Nav2-SLAM-Example/ros2_docker/install/ros_tcp_endpoint/lib/python3.10/site-packages/ros_tcp_endpoint/unity_service.py to unity_service.cpython-310.pyc
[2.241s] running install_data
[2.242s] creating /home/jpedr/Documents/Robotics-Nav2-SLAM-Example/ros2_docker/install/ros_tcp_endpoint/share/ament_index
[2.242s] creating /home/jpedr/Documents/Robotics-Nav2-SLAM-Example/ros2_docker/install/ros_tcp_endpoint/share/ament_index/resource_index
[2.243s] creating /home/jpedr/Documents/Robotics-Nav2-SLAM-Example/ros2_docker/install/ros_tcp_endpoint/share/ament_index/resource_index/packages
[2.243s] copying resource/ros_tcp_endpoint -> /home/jpedr/Documents/Robotics-Nav2-SLAM-Example/ros2_docker/install/ros_tcp_endpoint/share/ament_index/resource_index/packages
[2.243s] copying package.xml -> /home/jpedr/Documents/Robotics-Nav2-SLAM-Example/ros2_docker/install/ros_tcp_endpoint/share/ros_tcp_endpoint
[2.244s] creating /home/jpedr/Documents/Robotics-Nav2-SLAM-Example/ros2_docker/install/ros_tcp_endpoint/share/ros_tcp_endpoint/launch
[2.244s] copying launch/endpoint.py -> /home/jpedr/Documents/Robotics-Nav2-SLAM-Example/ros2_docker/install/ros_tcp_endpoint/share/ros_tcp_endpoint/launch
[2.244s] running install_egg_info
[2.247s] Copying ../../../build/ros_tcp_endpoint/ros_tcp_endpoint.egg-info to /home/jpedr/Documents/Robotics-Nav2-SLAM-Example/ros2_docker/install/ros_tcp_endpoint/lib/python3.10/site-packages/ros_tcp_endpoint-0.0.1-py3.10.egg-info
[2.249s] running install_scripts
[2.282s] Installing default_server_endpoint script to /home/jpedr/Documents/Robotics-Nav2-SLAM-Example/ros2_docker/install/ros_tcp_endpoint/lib/ros_tcp_endpoint
[2.283s] writing list of installed files to '/home/jpedr/Documents/Robotics-Nav2-SLAM-Example/ros2_docker/build/ros_tcp_endpoint/install.log'
[2.334s] Invoked command in '/home/jpedr/Documents/Robotics-Nav2-SLAM-Example/ros2_docker/colcon_ws/src/ROS-TCP-Endpoint' returned '0': PYTHONPATH=/home/jpedr/Documents/Robotics-Nav2-SLAM-Example/ros2_docker/install/ros_tcp_endpoint/lib/python3.10/site-packages:${PYTHONPATH} /usr/bin/python3 setup.py egg_info --egg-base ../../../build/ros_tcp_endpoint build --build-base /home/jpedr/Documents/Robotics-Nav2-SLAM-Example/ros2_docker/build/ros_tcp_endpoint/build install --prefix /home/jpedr/Documents/Robotics-Nav2-SLAM-Example/ros2_docker/install/ros_tcp_endpoint --record /home/jpedr/Documents/Robotics-Nav2-SLAM-Example/ros2_docker/build/ros_tcp_endpoint/install.log --single-version-externally-managed
