[6.313s] Invoking command in '/home/jpedr/Documents/Robotics-Nav2-SLAM-Example/ros2_docker/colcon_ws/src/py_marker': PYTHONPATH=/home/jpedr/Documents/Robotics-Nav2-SLAM-Example/ros2_docker/colcon_ws/install/py_marker/lib/python3.10/site-packages:${PYTHONPATH} /usr/bin/python3 setup.py egg_info --egg-base ../../build/py_marker build --build-base /home/jpedr/Documents/Robotics-Nav2-SLAM-Example/ros2_docker/colcon_ws/build/py_marker/build install --prefix /home/jpedr/Documents/Robotics-Nav2-SLAM-Example/ros2_docker/colcon_ws/install/py_marker --record /home/jpedr/Documents/Robotics-Nav2-SLAM-Example/ros2_docker/colcon_ws/build/py_marker/install.log --single-version-externally-managed
[7.732s] running egg_info
[7.734s] writing ../../build/py_marker/py_marker.egg-info/PKG-INFO
[7.738s] writing dependency_links to ../../build/py_marker/py_marker.egg-info/dependency_links.txt
[7.740s] writing entry points to ../../build/py_marker/py_marker.egg-info/entry_points.txt
[7.741s] writing requirements to ../../build/py_marker/py_marker.egg-info/requires.txt
[7.742s] writing top-level names to ../../build/py_marker/py_marker.egg-info/top_level.txt
[7.748s] reading manifest file '../../build/py_marker/py_marker.egg-info/SOURCES.txt'
[7.751s] writing manifest file '../../build/py_marker/py_marker.egg-info/SOURCES.txt'
[7.753s] running build
[7.753s] running build_py
[7.755s] copying py_marker/py_marker.py -> /home/jpedr/Documents/Robotics-Nav2-SLAM-Example/ros2_docker/colcon_ws/build/py_marker/build/lib/py_marker
[7.756s] running install
[7.757s] /usr/lib/python3/dist-packages/setuptools/command/install.py:34: SetuptoolsDeprecationWarning: setup.py install is deprecated. Use build and pip and other standards-based tools.
[7.758s]   warnings.warn(
[7.760s] running install_lib
[7.763s] copying /home/jpedr/Documents/Robotics-Nav2-SLAM-Example/ros2_docker/colcon_ws/build/py_marker/build/lib/py_marker/py_marker.py -> /home/jpedr/Documents/Robotics-Nav2-SLAM-Example/ros2_docker/colcon_ws/install/py_marker/lib/python3.10/site-packages/py_marker
[7.765s] byte-compiling /home/jpedr/Documents/Robotics-Nav2-SLAM-Example/ros2_docker/colcon_ws/install/py_marker/lib/python3.10/site-packages/py_marker/py_marker.py to py_marker.cpython-310.pyc
[7.769s] running install_data
[7.773s] running install_egg_info
[7.779s] removing '/home/jpedr/Documents/Robotics-Nav2-SLAM-Example/ros2_docker/colcon_ws/install/py_marker/lib/python3.10/site-packages/py_marker-0.0.0-py3.10.egg-info' (and everything under it)
[7.785s] Copying ../../build/py_marker/py_marker.egg-info to /home/jpedr/Documents/Robotics-Nav2-SLAM-Example/ros2_docker/colcon_ws/install/py_marker/lib/python3.10/site-packages/py_marker-0.0.0-py3.10.egg-info
[7.799s] running install_scripts
[7.922s] Installing marker script to /home/jpedr/Documents/Robotics-Nav2-SLAM-Example/ros2_docker/colcon_ws/install/py_marker/lib/py_marker
[7.923s] writing list of installed files to '/home/jpedr/Documents/Robotics-Nav2-SLAM-Example/ros2_docker/colcon_ws/build/py_marker/install.log'
[8.037s] Invoked command in '/home/jpedr/Documents/Robotics-Nav2-SLAM-Example/ros2_docker/colcon_ws/src/py_marker' returned '0': PYTHONPATH=/home/jpedr/Documents/Robotics-Nav2-SLAM-Example/ros2_docker/colcon_ws/install/py_marker/lib/python3.10/site-packages:${PYTHONPATH} /usr/bin/python3 setup.py egg_info --egg-base ../../build/py_marker build --build-base /home/jpedr/Documents/Robotics-Nav2-SLAM-Example/ros2_docker/colcon_ws/build/py_marker/build install --prefix /home/jpedr/Documents/Robotics-Nav2-SLAM-Example/ros2_docker/colcon_ws/install/py_marker --record /home/jpedr/Documents/Robotics-Nav2-SLAM-Example/ros2_docker/colcon_ws/build/py_marker/install.log --single-version-externally-managed
