[3.026s] Invoking command in '/home/jpedr/Documents/Robotics-Nav2-SLAM-Example/ros2_docker/colcon_ws/src/py_marker': PYTHONPATH=/home/jpedr/Documents/Robotics-Nav2-SLAM-Example/ros2_docker/colcon_ws/install/py_marker/lib/python3.10/site-packages:${PYTHONPATH} /usr/bin/python3 setup.py egg_info --egg-base ../../build/py_marker build --build-base /home/jpedr/Documents/Robotics-Nav2-SLAM-Example/ros2_docker/colcon_ws/build/py_marker/build install --prefix /home/jpedr/Documents/Robotics-Nav2-SLAM-Example/ros2_docker/colcon_ws/install/py_marker --record /home/jpedr/Documents/Robotics-Nav2-SLAM-Example/ros2_docker/colcon_ws/build/py_marker/install.log --single-version-externally-managed
[3.735s] running egg_info
[3.737s] writing ../../build/py_marker/py_marker.egg-info/PKG-INFO
[3.740s] writing dependency_links to ../../build/py_marker/py_marker.egg-info/dependency_links.txt
[3.741s] writing entry points to ../../build/py_marker/py_marker.egg-info/entry_points.txt
[3.744s] writing requirements to ../../build/py_marker/py_marker.egg-info/requires.txt
[3.745s] writing top-level names to ../../build/py_marker/py_marker.egg-info/top_level.txt
[3.747s] reading manifest file '../../build/py_marker/py_marker.egg-info/SOURCES.txt'
[3.750s] writing manifest file '../../build/py_marker/py_marker.egg-info/SOURCES.txt'
[3.750s] running build
[3.750s] running build_py
[3.751s] running install
[3.752s] /usr/lib/python3/dist-packages/setuptools/command/install.py:34: SetuptoolsDeprecationWarning: setup.py install is deprecated. Use build and pip and other standards-based tools.
[3.752s]   warnings.warn(
[3.752s] running install_lib
[3.755s] running install_data
[3.757s] running install_egg_info
[3.761s] removing '/home/jpedr/Documents/Robotics-Nav2-SLAM-Example/ros2_docker/colcon_ws/install/py_marker/lib/python3.10/site-packages/py_marker-0.0.0-py3.10.egg-info' (and everything under it)
[3.765s] Copying ../../build/py_marker/py_marker.egg-info to /home/jpedr/Documents/Robotics-Nav2-SLAM-Example/ros2_docker/colcon_ws/install/py_marker/lib/python3.10/site-packages/py_marker-0.0.0-py3.10.egg-info
[3.767s] running install_scripts
[3.820s] Installing marker script to /home/jpedr/Documents/Robotics-Nav2-SLAM-Example/ros2_docker/colcon_ws/install/py_marker/lib/py_marker
[3.821s] writing list of installed files to '/home/jpedr/Documents/Robotics-Nav2-SLAM-Example/ros2_docker/colcon_ws/build/py_marker/install.log'
[4.007s] Invoked command in '/home/jpedr/Documents/Robotics-Nav2-SLAM-Example/ros2_docker/colcon_ws/src/py_marker' returned '0': PYTHONPATH=/home/jpedr/Documents/Robotics-Nav2-SLAM-Example/ros2_docker/colcon_ws/install/py_marker/lib/python3.10/site-packages:${PYTHONPATH} /usr/bin/python3 setup.py egg_info --egg-base ../../build/py_marker build --build-base /home/jpedr/Documents/Robotics-Nav2-SLAM-Example/ros2_docker/colcon_ws/build/py_marker/build install --prefix /home/jpedr/Documents/Robotics-Nav2-SLAM-Example/ros2_docker/colcon_ws/install/py_marker --record /home/jpedr/Documents/Robotics-Nav2-SLAM-Example/ros2_docker/colcon_ws/build/py_marker/install.log --single-version-externally-managed
