[3.861s] Invoking command in '/home/jpedr/Documents/Robotics-Nav2-SLAM-Example/ros2_docker/colcon_ws/src/ROS-TCP-Endpoint': PYTHONPATH=/home/jpedr/Documents/Robotics-Nav2-SLAM-Example/ros2_docker/colcon_ws/install/ros_tcp_endpoint/lib/python3.10/site-packages:${PYTHONPATH} /usr/bin/python3 setup.py egg_info --egg-base ../../build/ros_tcp_endpoint build --build-base /home/jpedr/Documents/Robotics-Nav2-SLAM-Example/ros2_docker/colcon_ws/build/ros_tcp_endpoint/build install --prefix /home/jpedr/Documents/Robotics-Nav2-SLAM-Example/ros2_docker/colcon_ws/install/ros_tcp_endpoint --record /home/jpedr/Documents/Robotics-Nav2-SLAM-Example/ros2_docker/colcon_ws/build/ros_tcp_endpoint/install.log --single-version-externally-managed
[4.778s] /usr/lib/python3/dist-packages/setuptools/dist.py:723: UserWarning: Usage of dash-separated 'script-dir' will not be supported in future versions. Please use the underscore name 'script_dir' instead
[4.779s]   warnings.warn(
[4.779s] /usr/lib/python3/dist-packages/setuptools/dist.py:723: UserWarning: Usage of dash-separated 'install-scripts' will not be supported in future versions. Please use the underscore name 'install_scripts' instead
[4.779s]   warnings.warn(
[4.811s] running egg_info
[4.812s] writing ../../build/ros_tcp_endpoint/ros_tcp_endpoint.egg-info/PKG-INFO
[4.812s] writing dependency_links to ../../build/ros_tcp_endpoint/ros_tcp_endpoint.egg-info/dependency_links.txt
[4.813s] writing entry points to ../../build/ros_tcp_endpoint/ros_tcp_endpoint.egg-info/entry_points.txt
[4.813s] writing requirements to ../../build/ros_tcp_endpoint/ros_tcp_endpoint.egg-info/requires.txt
[4.813s] writing top-level names to ../../build/ros_tcp_endpoint/ros_tcp_endpoint.egg-info/top_level.txt
[4.817s] reading manifest file '../../build/ros_tcp_endpoint/ros_tcp_endpoint.egg-info/SOURCES.txt'
[4.818s] adding license file 'LICENSE'
[4.821s] writing manifest file '../../build/ros_tcp_endpoint/ros_tcp_endpoint.egg-info/SOURCES.txt'
[4.821s] running build
[4.822s] running build_py
[4.824s] running install
[4.825s] /usr/lib/python3/dist-packages/setuptools/command/install.py:34: SetuptoolsDeprecationWarning: setup.py install is deprecated. Use build and pip and other standards-based tools.
[4.825s]   warnings.warn(
[4.825s] running install_lib
[4.829s] running install_data
[4.831s] running install_egg_info
[4.841s] removing '/home/jpedr/Documents/Robotics-Nav2-SLAM-Example/ros2_docker/colcon_ws/install/ros_tcp_endpoint/lib/python3.10/site-packages/ros_tcp_endpoint-0.0.1-py3.10.egg-info' (and everything under it)
[4.841s] Copying ../../build/ros_tcp_endpoint/ros_tcp_endpoint.egg-info to /home/jpedr/Documents/Robotics-Nav2-SLAM-Example/ros2_docker/colcon_ws/install/ros_tcp_endpoint/lib/python3.10/site-packages/ros_tcp_endpoint-0.0.1-py3.10.egg-info
[4.842s] running install_scripts
[4.903s] Installing default_server_endpoint script to /home/jpedr/Documents/Robotics-Nav2-SLAM-Example/ros2_docker/colcon_ws/install/ros_tcp_endpoint/lib/ros_tcp_endpoint
[4.904s] writing list of installed files to '/home/jpedr/Documents/Robotics-Nav2-SLAM-Example/ros2_docker/colcon_ws/build/ros_tcp_endpoint/install.log'
[4.974s] Invoked command in '/home/jpedr/Documents/Robotics-Nav2-SLAM-Example/ros2_docker/colcon_ws/src/ROS-TCP-Endpoint' returned '0': PYTHONPATH=/home/jpedr/Documents/Robotics-Nav2-SLAM-Example/ros2_docker/colcon_ws/install/ros_tcp_endpoint/lib/python3.10/site-packages:${PYTHONPATH} /usr/bin/python3 setup.py egg_info --egg-base ../../build/ros_tcp_endpoint build --build-base /home/jpedr/Documents/Robotics-Nav2-SLAM-Example/ros2_docker/colcon_ws/build/ros_tcp_endpoint/build install --prefix /home/jpedr/Documents/Robotics-Nav2-SLAM-Example/ros2_docker/colcon_ws/install/ros_tcp_endpoint --record /home/jpedr/Documents/Robotics-Nav2-SLAM-Example/ros2_docker/colcon_ws/build/ros_tcp_endpoint/install.log --single-version-externally-managed
