[3.830s] Invoking command in '/home/jpedr/Documents/Robotics-Nav2-SLAM-Example/ros2_docker/colcon_ws/src/py_marker': PYTHONPATH=/home/jpedr/Documents/Robotics-Nav2-SLAM-Example/ros2_docker/colcon_ws/install/py_marker/lib/python3.10/site-packages:${PYTHONPATH} /usr/bin/python3 setup.py egg_info --egg-base ../../build/py_marker build --build-base /home/jpedr/Documents/Robotics-Nav2-SLAM-Example/ros2_docker/colcon_ws/build/py_marker/build install --prefix /home/jpedr/Documents/Robotics-Nav2-SLAM-Example/ros2_docker/colcon_ws/install/py_marker --record /home/jpedr/Documents/Robotics-Nav2-SLAM-Example/ros2_docker/colcon_ws/build/py_marker/install.log --single-version-externally-managed
[4.828s] running egg_info
[4.831s] writing ../../build/py_marker/py_marker.egg-info/PKG-INFO
[4.844s] writing dependency_links to ../../build/py_marker/py_marker.egg-info/dependency_links.txt
[4.845s] writing entry points to ../../build/py_marker/py_marker.egg-info/entry_points.txt
[4.845s] writing requirements to ../../build/py_marker/py_marker.egg-info/requires.txt
[4.846s] writing top-level names to ../../build/py_marker/py_marker.egg-info/top_level.txt
[4.850s] reading manifest file '../../build/py_marker/py_marker.egg-info/SOURCES.txt'
[4.853s] writing manifest file '../../build/py_marker/py_marker.egg-info/SOURCES.txt'
[4.853s] running build
[4.854s] running build_py
[4.855s] copying py_marker/py_marker.py -> /home/jpedr/Documents/Robotics-Nav2-SLAM-Example/ros2_docker/colcon_ws/build/py_marker/build/lib/py_marker
[4.862s] running install
[4.863s] /usr/lib/python3/dist-packages/setuptools/command/install.py:34: SetuptoolsDeprecationWarning: setup.py install is deprecated. Use build and pip and other standards-based tools.
[4.863s]   warnings.warn(
[4.866s] running install_lib
[4.867s] copying /home/jpedr/Documents/Robotics-Nav2-SLAM-Example/ros2_docker/colcon_ws/build/py_marker/build/lib/py_marker/py_marker.py -> /home/jpedr/Documents/Robotics-Nav2-SLAM-Example/ros2_docker/colcon_ws/install/py_marker/lib/python3.10/site-packages/py_marker
[4.878s] byte-compiling /home/jpedr/Documents/Robotics-Nav2-SLAM-Example/ros2_docker/colcon_ws/install/py_marker/lib/python3.10/site-packages/py_marker/py_marker.py to py_marker.cpython-310.pyc
[4.881s] running install_data
[4.882s] running install_egg_info
[4.882s] removing '/home/jpedr/Documents/Robotics-Nav2-SLAM-Example/ros2_docker/colcon_ws/install/py_marker/lib/python3.10/site-packages/py_marker-0.0.0-py3.10.egg-info' (and everything under it)
[4.882s] Copying ../../build/py_marker/py_marker.egg-info to /home/jpedr/Documents/Robotics-Nav2-SLAM-Example/ros2_docker/colcon_ws/install/py_marker/lib/python3.10/site-packages/py_marker-0.0.0-py3.10.egg-info
[4.882s] running install_scripts
[4.955s] Installing marker script to /home/jpedr/Documents/Robotics-Nav2-SLAM-Example/ros2_docker/colcon_ws/install/py_marker/lib/py_marker
[4.955s] writing list of installed files to '/home/jpedr/Documents/Robotics-Nav2-SLAM-Example/ros2_docker/colcon_ws/build/py_marker/install.log'
[5.134s] Invoked command in '/home/jpedr/Documents/Robotics-Nav2-SLAM-Example/ros2_docker/colcon_ws/src/py_marker' returned '0': PYTHONPATH=/home/jpedr/Documents/Robotics-Nav2-SLAM-Example/ros2_docker/colcon_ws/install/py_marker/lib/python3.10/site-packages:${PYTHONPATH} /usr/bin/python3 setup.py egg_info --egg-base ../../build/py_marker build --build-base /home/jpedr/Documents/Robotics-Nav2-SLAM-Example/ros2_docker/colcon_ws/build/py_marker/build install --prefix /home/jpedr/Documents/Robotics-Nav2-SLAM-Example/ros2_docker/colcon_ws/install/py_marker --record /home/jpedr/Documents/Robotics-Nav2-SLAM-Example/ros2_docker/colcon_ws/build/py_marker/install.log --single-version-externally-managed
