[1.112s] DEBUG:colcon:Command line arguments: ['/home/jpedr/.local/bin/colcon', 'build']
[1.112s] DEBUG:colcon:Parsed command line arguments: Namespace(log_base=None, log_level=None, verb_name='build', build_base='build', install_base='install', merge_install=False, symlink_install=False, test_result_base=None, continue_on_error=False, executor='parallel', parallel_workers=4, event_handlers=None, ignore_user_meta=False, metas=['./colcon.meta'], base_paths=['.'], packages_ignore=None, packages_ignore_regex=None, paths=None, packages_up_to=None, packages_up_to_regex=None, packages_above=None, packages_above_and_dependencies=None, packages_above_depth=None, packages_select_by_dep=None, packages_skip_by_dep=None, packages_skip_up_to=None, packages_select_build_failed=False, packages_skip_build_finished=False, packages_select_test_failures=False, packages_skip_test_passed=False, packages_select=None, packages_skip=None, packages_select_regex=None, packages_skip_regex=None, packages_start=None, packages_end=None, allow_overriding=[], cmake_args=None, cmake_target=None, cmake_target_skip_unavailable=False, cmake_clean_cache=False, cmake_clean_first=False, cmake_force_configure=False, ament_cmake_args=None, catkin_cmake_args=None, catkin_skip_building_tests=False, verb_parser=<colcon_defaults.argument_parser.defaults.DefaultArgumentsDecorator object at 0x7f942f547b80>, verb_extension=<colcon_core.verb.build.BuildVerb object at 0x7f9430044220>, main=<bound method BuildVerb.main of <colcon_core.verb.build.BuildVerb object at 0x7f9430044220>>)
[1.188s] Level 1:colcon.colcon_core.package_discovery:discover_packages(colcon_meta) check parameters
[1.188s] Level 1:colcon.colcon_core.package_discovery:discover_packages(recursive) check parameters
[1.188s] Level 1:colcon.colcon_core.package_discovery:discover_packages(ignore) check parameters
[1.188s] Level 1:colcon.colcon_core.package_discovery:discover_packages(path) check parameters
[1.189s] Level 1:colcon.colcon_core.package_discovery:discover_packages(colcon_meta) discover
[1.189s] Level 1:colcon.colcon_core.package_discovery:discover_packages(recursive) discover
[1.189s] INFO:colcon.colcon_core.package_discovery:Crawling recursively for packages in '/home/jpedr/Documents/Robotics-Nav2-SLAM-Example/ros2_docker/colcon_ws'
[1.189s] Level 1:colcon.colcon_core.package_identification:_identify(.) by extensions ['ignore', 'ignore_ament_install']
[1.190s] Level 1:colcon.colcon_core.package_identification:_identify(.) by extension 'ignore'
[1.190s] Level 1:colcon.colcon_core.package_identification:_identify(.) by extension 'ignore_ament_install'
[1.190s] Level 1:colcon.colcon_core.package_identification:_identify(.) by extensions ['colcon_pkg']
[1.190s] Level 1:colcon.colcon_core.package_identification:_identify(.) by extension 'colcon_pkg'
[1.190s] Level 1:colcon.colcon_core.package_identification:_identify(.) by extensions ['colcon_meta']
[1.190s] Level 1:colcon.colcon_core.package_identification:_identify(.) by extension 'colcon_meta'
[1.191s] Level 1:colcon.colcon_core.package_identification:_identify(.) by extensions ['ros']
[1.191s] Level 1:colcon.colcon_core.package_identification:_identify(.) by extension 'ros'
[1.231s] Level 1:colcon.colcon_core.package_identification:_identify(.) by extensions ['cmake', 'python']
[1.232s] Level 1:colcon.colcon_core.package_identification:_identify(.) by extension 'cmake'
[1.232s] Level 1:colcon.colcon_core.package_identification:_identify(.) by extension 'python'
[1.232s] Level 1:colcon.colcon_core.package_identification:_identify(.) by extensions ['python_setup_py']
[1.232s] Level 1:colcon.colcon_core.package_identification:_identify(.) by extension 'python_setup_py'
[1.232s] Level 1:colcon.colcon_core.package_identification:_identify(build) by extensions ['ignore', 'ignore_ament_install']
[1.233s] Level 1:colcon.colcon_core.package_identification:_identify(build) by extension 'ignore'
[1.233s] Level 1:colcon.colcon_core.package_identification:_identify(build) ignored
[1.233s] Level 1:colcon.colcon_core.package_identification:_identify(install) by extensions ['ignore', 'ignore_ament_install']
[1.233s] Level 1:colcon.colcon_core.package_identification:_identify(install) by extension 'ignore'
[1.234s] Level 1:colcon.colcon_core.package_identification:_identify(install) ignored
[1.234s] Level 1:colcon.colcon_core.package_identification:_identify(log) by extensions ['ignore', 'ignore_ament_install']
[1.234s] Level 1:colcon.colcon_core.package_identification:_identify(log) by extension 'ignore'
[1.234s] Level 1:colcon.colcon_core.package_identification:_identify(log) ignored
[1.235s] Level 1:colcon.colcon_core.package_identification:_identify(src) by extensions ['ignore', 'ignore_ament_install']
[1.235s] Level 1:colcon.colcon_core.package_identification:_identify(src) by extension 'ignore'
[1.235s] Level 1:colcon.colcon_core.package_identification:_identify(src) by extension 'ignore_ament_install'
[1.235s] Level 1:colcon.colcon_core.package_identification:_identify(src) by extensions ['colcon_pkg']
[1.235s] Level 1:colcon.colcon_core.package_identification:_identify(src) by extension 'colcon_pkg'
[1.235s] Level 1:colcon.colcon_core.package_identification:_identify(src) by extensions ['colcon_meta']
[1.235s] Level 1:colcon.colcon_core.package_identification:_identify(src) by extension 'colcon_meta'
[1.236s] Level 1:colcon.colcon_core.package_identification:_identify(src) by extensions ['ros']
[1.236s] Level 1:colcon.colcon_core.package_identification:_identify(src) by extension 'ros'
[1.236s] Level 1:colcon.colcon_core.package_identification:_identify(src) by extensions ['cmake', 'python']
[1.236s] Level 1:colcon.colcon_core.package_identification:_identify(src) by extension 'cmake'
[1.236s] Level 1:colcon.colcon_core.package_identification:_identify(src) by extension 'python'
[1.236s] Level 1:colcon.colcon_core.package_identification:_identify(src) by extensions ['python_setup_py']
[1.236s] Level 1:colcon.colcon_core.package_identification:_identify(src) by extension 'python_setup_py'
[1.237s] Level 1:colcon.colcon_core.package_identification:_identify(src/ROS-TCP-Endpoint) by extensions ['ignore', 'ignore_ament_install']
[1.237s] Level 1:colcon.colcon_core.package_identification:_identify(src/ROS-TCP-Endpoint) by extension 'ignore'
[1.237s] Level 1:colcon.colcon_core.package_identification:_identify(src/ROS-TCP-Endpoint) by extension 'ignore_ament_install'
[1.237s] Level 1:colcon.colcon_core.package_identification:_identify(src/ROS-TCP-Endpoint) by extensions ['colcon_pkg']
[1.237s] Level 1:colcon.colcon_core.package_identification:_identify(src/ROS-TCP-Endpoint) by extension 'colcon_pkg'
[1.237s] Level 1:colcon.colcon_core.package_identification:_identify(src/ROS-TCP-Endpoint) by extensions ['colcon_meta']
[1.237s] Level 1:colcon.colcon_core.package_identification:_identify(src/ROS-TCP-Endpoint) by extension 'colcon_meta'
[1.238s] Level 1:colcon.colcon_core.package_identification:_identify(src/ROS-TCP-Endpoint) by extensions ['ros']
[1.238s] Level 1:colcon.colcon_core.package_identification:_identify(src/ROS-TCP-Endpoint) by extension 'ros'
[1.245s] DEBUG:colcon.colcon_core.package_identification:Package 'src/ROS-TCP-Endpoint' with type 'ros.ament_python' and name 'ros_tcp_endpoint'
[1.245s] Level 1:colcon.colcon_core.package_identification:_identify(src/control_node) by extensions ['ignore', 'ignore_ament_install']
[1.246s] Level 1:colcon.colcon_core.package_identification:_identify(src/control_node) by extension 'ignore'
[1.246s] Level 1:colcon.colcon_core.package_identification:_identify(src/control_node) by extension 'ignore_ament_install'
[1.246s] Level 1:colcon.colcon_core.package_identification:_identify(src/control_node) by extensions ['colcon_pkg']
[1.246s] Level 1:colcon.colcon_core.package_identification:_identify(src/control_node) by extension 'colcon_pkg'
[1.246s] Level 1:colcon.colcon_core.package_identification:_identify(src/control_node) by extensions ['colcon_meta']
[1.246s] Level 1:colcon.colcon_core.package_identification:_identify(src/control_node) by extension 'colcon_meta'
[1.246s] Level 1:colcon.colcon_core.package_identification:_identify(src/control_node) by extensions ['ros']
[1.246s] Level 1:colcon.colcon_core.package_identification:_identify(src/control_node) by extension 'ros'
[1.249s] DEBUG:colcon.colcon_core.package_identification:Package 'src/control_node' with type 'ros.ament_python' and name 'control_node'
[1.249s] Level 1:colcon.colcon_core.package_identification:_identify(src/py_marker) by extensions ['ignore', 'ignore_ament_install']
[1.249s] Level 1:colcon.colcon_core.package_identification:_identify(src/py_marker) by extension 'ignore'
[1.249s] Level 1:colcon.colcon_core.package_identification:_identify(src/py_marker) by extension 'ignore_ament_install'
[1.250s] Level 1:colcon.colcon_core.package_identification:_identify(src/py_marker) by extensions ['colcon_pkg']
[1.250s] Level 1:colcon.colcon_core.package_identification:_identify(src/py_marker) by extension 'colcon_pkg'
[1.250s] Level 1:colcon.colcon_core.package_identification:_identify(src/py_marker) by extensions ['colcon_meta']
[1.250s] Level 1:colcon.colcon_core.package_identification:_identify(src/py_marker) by extension 'colcon_meta'
[1.250s] Level 1:colcon.colcon_core.package_identification:_identify(src/py_marker) by extensions ['ros']
[1.250s] Level 1:colcon.colcon_core.package_identification:_identify(src/py_marker) by extension 'ros'
[1.252s] DEBUG:colcon.colcon_core.package_identification:Package 'src/py_marker' with type 'ros.ament_python' and name 'py_marker'
[1.252s] Level 1:colcon.colcon_core.package_identification:_identify(src/unity_slam_example) by extensions ['ignore', 'ignore_ament_install']
[1.253s] Level 1:colcon.colcon_core.package_identification:_identify(src/unity_slam_example) by extension 'ignore'
[1.253s] Level 1:colcon.colcon_core.package_identification:_identify(src/unity_slam_example) by extension 'ignore_ament_install'
[1.253s] Level 1:colcon.colcon_core.package_identification:_identify(src/unity_slam_example) by extensions ['colcon_pkg']
[1.254s] Level 1:colcon.colcon_core.package_identification:_identify(src/unity_slam_example) by extension 'colcon_pkg'
[1.254s] Level 1:colcon.colcon_core.package_identification:_identify(src/unity_slam_example) by extensions ['colcon_meta']
[1.254s] Level 1:colcon.colcon_core.package_identification:_identify(src/unity_slam_example) by extension 'colcon_meta'
[1.254s] Level 1:colcon.colcon_core.package_identification:_identify(src/unity_slam_example) by extensions ['ros']
[1.254s] Level 1:colcon.colcon_core.package_identification:_identify(src/unity_slam_example) by extension 'ros'
[1.255s] DEBUG:colcon.colcon_core.package_identification:Package 'src/unity_slam_example' with type 'ros.ament_python' and name 'unity_slam_example'
[1.256s] Level 1:colcon.colcon_core.package_discovery:discover_packages(recursive) using defaults
[1.256s] Level 1:colcon.colcon_core.package_discovery:discover_packages(ignore) discover
[1.256s] Level 1:colcon.colcon_core.package_discovery:discover_packages(ignore) using defaults
[1.256s] Level 1:colcon.colcon_core.package_discovery:discover_packages(path) discover
[1.256s] Level 1:colcon.colcon_core.package_discovery:discover_packages(path) using defaults
[1.340s] Level 1:colcon.colcon_core.package_discovery:discover_packages(prefix_path) check parameters
[1.340s] Level 1:colcon.colcon_core.package_discovery:discover_packages(prefix_path) discover
[1.359s] DEBUG:colcon.colcon_installed_package_information.package_discovery:Found 4 installed packages in /home/jpedr/Documents/Robotics-Nav2-SLAM-Example/ros2_docker/colcon_ws/install
[1.366s] DEBUG:colcon.colcon_installed_package_information.package_discovery:Found 313 installed packages in /opt/ros/humble
[1.370s] Level 1:colcon.colcon_core.package_discovery:discover_packages(prefix_path) using defaults
[1.504s] Level 5:colcon.colcon_core.verb:set package 'control_node' build argument 'cmake_args' from command line to 'None'
[1.504s] Level 5:colcon.colcon_core.verb:set package 'control_node' build argument 'cmake_target' from command line to 'None'
[1.504s] Level 5:colcon.colcon_core.verb:set package 'control_node' build argument 'cmake_target_skip_unavailable' from command line to 'False'
[1.504s] Level 5:colcon.colcon_core.verb:set package 'control_node' build argument 'cmake_clean_cache' from command line to 'False'
[1.504s] Level 5:colcon.colcon_core.verb:set package 'control_node' build argument 'cmake_clean_first' from command line to 'False'
[1.504s] Level 5:colcon.colcon_core.verb:set package 'control_node' build argument 'cmake_force_configure' from command line to 'False'
[1.504s] Level 5:colcon.colcon_core.verb:set package 'control_node' build argument 'ament_cmake_args' from command line to 'None'
[1.505s] Level 5:colcon.colcon_core.verb:set package 'control_node' build argument 'catkin_cmake_args' from command line to 'None'
[1.505s] Level 5:colcon.colcon_core.verb:set package 'control_node' build argument 'catkin_skip_building_tests' from command line to 'False'
[1.505s] DEBUG:colcon.colcon_core.verb:Building package 'control_node' with the following arguments: {'ament_cmake_args': None, 'build_base': '/home/jpedr/Documents/Robotics-Nav2-SLAM-Example/ros2_docker/colcon_ws/build/control_node', 'catkin_cmake_args': None, 'catkin_skip_building_tests': False, 'cmake_args': None, 'cmake_clean_cache': False, 'cmake_clean_first': False, 'cmake_force_configure': False, 'cmake_target': None, 'cmake_target_skip_unavailable': False, 'install_base': '/home/jpedr/Documents/Robotics-Nav2-SLAM-Example/ros2_docker/colcon_ws/install/control_node', 'merge_install': False, 'path': '/home/jpedr/Documents/Robotics-Nav2-SLAM-Example/ros2_docker/colcon_ws/src/control_node', 'symlink_install': False, 'test_result_base': None}
[1.521s] Level 5:colcon.colcon_core.verb:set package 'py_marker' build argument 'cmake_args' from command line to 'None'
[1.521s] Level 5:colcon.colcon_core.verb:set package 'py_marker' build argument 'cmake_target' from command line to 'None'
[1.521s] Level 5:colcon.colcon_core.verb:set package 'py_marker' build argument 'cmake_target_skip_unavailable' from command line to 'False'
[1.521s] Level 5:colcon.colcon_core.verb:set package 'py_marker' build argument 'cmake_clean_cache' from command line to 'False'
[1.522s] Level 5:colcon.colcon_core.verb:set package 'py_marker' build argument 'cmake_clean_first' from command line to 'False'
[1.522s] Level 5:colcon.colcon_core.verb:set package 'py_marker' build argument 'cmake_force_configure' from command line to 'False'
[1.522s] Level 5:colcon.colcon_core.verb:set package 'py_marker' build argument 'ament_cmake_args' from command line to 'None'
[1.522s] Level 5:colcon.colcon_core.verb:set package 'py_marker' build argument 'catkin_cmake_args' from command line to 'None'
[1.522s] Level 5:colcon.colcon_core.verb:set package 'py_marker' build argument 'catkin_skip_building_tests' from command line to 'False'
[1.522s] DEBUG:colcon.colcon_core.verb:Building package 'py_marker' with the following arguments: {'ament_cmake_args': None, 'build_base': '/home/jpedr/Documents/Robotics-Nav2-SLAM-Example/ros2_docker/colcon_ws/build/py_marker', 'catkin_cmake_args': None, 'catkin_skip_building_tests': False, 'cmake_args': None, 'cmake_clean_cache': False, 'cmake_clean_first': False, 'cmake_force_configure': False, 'cmake_target': None, 'cmake_target_skip_unavailable': False, 'install_base': '/home/jpedr/Documents/Robotics-Nav2-SLAM-Example/ros2_docker/colcon_ws/install/py_marker', 'merge_install': False, 'path': '/home/jpedr/Documents/Robotics-Nav2-SLAM-Example/ros2_docker/colcon_ws/src/py_marker', 'symlink_install': False, 'test_result_base': None}
[1.537s] Level 5:colcon.colcon_core.verb:set package 'ros_tcp_endpoint' build argument 'cmake_args' from command line to 'None'
[1.537s] Level 5:colcon.colcon_core.verb:set package 'ros_tcp_endpoint' build argument 'cmake_target' from command line to 'None'
[1.537s] Level 5:colcon.colcon_core.verb:set package 'ros_tcp_endpoint' build argument 'cmake_target_skip_unavailable' from command line to 'False'
[1.537s] Level 5:colcon.colcon_core.verb:set package 'ros_tcp_endpoint' build argument 'cmake_clean_cache' from command line to 'False'
[1.537s] Level 5:colcon.colcon_core.verb:set package 'ros_tcp_endpoint' build argument 'cmake_clean_first' from command line to 'False'
[1.537s] Level 5:colcon.colcon_core.verb:set package 'ros_tcp_endpoint' build argument 'cmake_force_configure' from command line to 'False'
[1.537s] Level 5:colcon.colcon_core.verb:set package 'ros_tcp_endpoint' build argument 'ament_cmake_args' from command line to 'None'
[1.538s] Level 5:colcon.colcon_core.verb:set package 'ros_tcp_endpoint' build argument 'catkin_cmake_args' from command line to 'None'
[1.538s] Level 5:colcon.colcon_core.verb:set package 'ros_tcp_endpoint' build argument 'catkin_skip_building_tests' from command line to 'False'
[1.538s] DEBUG:colcon.colcon_core.verb:Building package 'ros_tcp_endpoint' with the following arguments: {'ament_cmake_args': None, 'build_base': '/home/jpedr/Documents/Robotics-Nav2-SLAM-Example/ros2_docker/colcon_ws/build/ros_tcp_endpoint', 'catkin_cmake_args': None, 'catkin_skip_building_tests': False, 'cmake_args': None, 'cmake_clean_cache': False, 'cmake_clean_first': False, 'cmake_force_configure': False, 'cmake_target': None, 'cmake_target_skip_unavailable': False, 'install_base': '/home/jpedr/Documents/Robotics-Nav2-SLAM-Example/ros2_docker/colcon_ws/install/ros_tcp_endpoint', 'merge_install': False, 'path': '/home/jpedr/Documents/Robotics-Nav2-SLAM-Example/ros2_docker/colcon_ws/src/ROS-TCP-Endpoint', 'symlink_install': False, 'test_result_base': None}
[1.552s] Level 5:colcon.colcon_core.verb:set package 'unity_slam_example' build argument 'cmake_args' from command line to 'None'
[1.553s] Level 5:colcon.colcon_core.verb:set package 'unity_slam_example' build argument 'cmake_target' from command line to 'None'
[1.553s] Level 5:colcon.colcon_core.verb:set package 'unity_slam_example' build argument 'cmake_target_skip_unavailable' from command line to 'False'
[1.553s] Level 5:colcon.colcon_core.verb:set package 'unity_slam_example' build argument 'cmake_clean_cache' from command line to 'False'
[1.553s] Level 5:colcon.colcon_core.verb:set package 'unity_slam_example' build argument 'cmake_clean_first' from command line to 'False'
[1.553s] Level 5:colcon.colcon_core.verb:set package 'unity_slam_example' build argument 'cmake_force_configure' from command line to 'False'
[1.553s] Level 5:colcon.colcon_core.verb:set package 'unity_slam_example' build argument 'ament_cmake_args' from command line to 'None'
[1.553s] Level 5:colcon.colcon_core.verb:set package 'unity_slam_example' build argument 'catkin_cmake_args' from command line to 'None'
[1.553s] Level 5:colcon.colcon_core.verb:set package 'unity_slam_example' build argument 'catkin_skip_building_tests' from command line to 'False'
[1.553s] DEBUG:colcon.colcon_core.verb:Building package 'unity_slam_example' with the following arguments: {'ament_cmake_args': None, 'build_base': '/home/jpedr/Documents/Robotics-Nav2-SLAM-Example/ros2_docker/colcon_ws/build/unity_slam_example', 'catkin_cmake_args': None, 'catkin_skip_building_tests': False, 'cmake_args': None, 'cmake_clean_cache': False, 'cmake_clean_first': False, 'cmake_force_configure': False, 'cmake_target': None, 'cmake_target_skip_unavailable': False, 'install_base': '/home/jpedr/Documents/Robotics-Nav2-SLAM-Example/ros2_docker/colcon_ws/install/unity_slam_example', 'merge_install': False, 'path': '/home/jpedr/Documents/Robotics-Nav2-SLAM-Example/ros2_docker/colcon_ws/src/unity_slam_example', 'symlink_install': False, 'test_result_base': None}
[1.558s] INFO:colcon.colcon_core.executor:Executing jobs using 'parallel' executor
[1.576s] DEBUG:colcon.colcon_parallel_executor.executor.parallel:run_until_complete
[1.577s] INFO:colcon.colcon_ros.task.ament_python.build:Building ROS package in '/home/jpedr/Documents/Robotics-Nav2-SLAM-Example/ros2_docker/colcon_ws/src/control_node' with build type 'ament_python'
[1.577s] Level 1:colcon.colcon_core.shell:create_environment_hook('control_node', 'ament_prefix_path')
[1.597s] INFO:colcon.colcon_core.plugin_system:Skipping extension 'colcon_core.shell.bat': Not used on non-Windows systems
[1.597s] INFO:colcon.colcon_core.shell:Creating environment hook '/home/jpedr/Documents/Robotics-Nav2-SLAM-Example/ros2_docker/colcon_ws/install/control_node/share/control_node/hook/ament_prefix_path.ps1'
[1.598s] INFO:colcon.colcon_core.shell:Creating environment descriptor '/home/jpedr/Documents/Robotics-Nav2-SLAM-Example/ros2_docker/colcon_ws/install/control_node/share/control_node/hook/ament_prefix_path.dsv'
[1.599s] INFO:colcon.colcon_core.shell:Creating environment hook '/home/jpedr/Documents/Robotics-Nav2-SLAM-Example/ros2_docker/colcon_ws/install/control_node/share/control_node/hook/ament_prefix_path.sh'
[1.609s] INFO:colcon.colcon_core.shell:Skip shell extension 'powershell' for command environment: Not usable outside of PowerShell
[1.609s] DEBUG:colcon.colcon_core.shell:Skip shell extension 'dsv' for command environment
[1.635s] INFO:colcon.colcon_ros.task.ament_python.build:Building ROS package in '/home/jpedr/Documents/Robotics-Nav2-SLAM-Example/ros2_docker/colcon_ws/src/py_marker' with build type 'ament_python'
[1.636s] Level 1:colcon.colcon_core.shell:create_environment_hook('py_marker', 'ament_prefix_path')
[1.644s] INFO:colcon.colcon_core.shell:Creating environment hook '/home/jpedr/Documents/Robotics-Nav2-SLAM-Example/ros2_docker/colcon_ws/install/py_marker/share/py_marker/hook/ament_prefix_path.ps1'
[1.644s] INFO:colcon.colcon_core.shell:Creating environment descriptor '/home/jpedr/Documents/Robotics-Nav2-SLAM-Example/ros2_docker/colcon_ws/install/py_marker/share/py_marker/hook/ament_prefix_path.dsv'
[1.645s] INFO:colcon.colcon_core.shell:Creating environment hook '/home/jpedr/Documents/Robotics-Nav2-SLAM-Example/ros2_docker/colcon_ws/install/py_marker/share/py_marker/hook/ament_prefix_path.sh'
[1.658s] INFO:colcon.colcon_core.shell:Skip shell extension 'powershell' for command environment: Not usable outside of PowerShell
[1.658s] DEBUG:colcon.colcon_core.shell:Skip shell extension 'dsv' for command environment
[1.684s] INFO:colcon.colcon_ros.task.ament_python.build:Building ROS package in '/home/jpedr/Documents/Robotics-Nav2-SLAM-Example/ros2_docker/colcon_ws/src/ROS-TCP-Endpoint' with build type 'ament_python'
[1.684s] Level 1:colcon.colcon_core.shell:create_environment_hook('ros_tcp_endpoint', 'ament_prefix_path')
[1.695s] INFO:colcon.colcon_core.shell:Creating environment hook '/home/jpedr/Documents/Robotics-Nav2-SLAM-Example/ros2_docker/colcon_ws/install/ros_tcp_endpoint/share/ros_tcp_endpoint/hook/ament_prefix_path.ps1'
[1.697s] INFO:colcon.colcon_core.shell:Creating environment descriptor '/home/jpedr/Documents/Robotics-Nav2-SLAM-Example/ros2_docker/colcon_ws/install/ros_tcp_endpoint/share/ros_tcp_endpoint/hook/ament_prefix_path.dsv'
[1.697s] INFO:colcon.colcon_core.shell:Creating environment hook '/home/jpedr/Documents/Robotics-Nav2-SLAM-Example/ros2_docker/colcon_ws/install/ros_tcp_endpoint/share/ros_tcp_endpoint/hook/ament_prefix_path.sh'
[1.711s] INFO:colcon.colcon_core.shell:Skip shell extension 'powershell' for command environment: Not usable outside of PowerShell
[1.711s] DEBUG:colcon.colcon_core.shell:Skip shell extension 'dsv' for command environment
[1.733s] INFO:colcon.colcon_ros.task.ament_python.build:Building ROS package in '/home/jpedr/Documents/Robotics-Nav2-SLAM-Example/ros2_docker/colcon_ws/src/unity_slam_example' with build type 'ament_python'
[1.733s] Level 1:colcon.colcon_core.shell:create_environment_hook('unity_slam_example', 'ament_prefix_path')
[1.742s] INFO:colcon.colcon_core.shell:Creating environment hook '/home/jpedr/Documents/Robotics-Nav2-SLAM-Example/ros2_docker/colcon_ws/install/unity_slam_example/share/unity_slam_example/hook/ament_prefix_path.ps1'
[1.743s] INFO:colcon.colcon_core.shell:Creating environment descriptor '/home/jpedr/Documents/Robotics-Nav2-SLAM-Example/ros2_docker/colcon_ws/install/unity_slam_example/share/unity_slam_example/hook/ament_prefix_path.dsv'
[1.744s] INFO:colcon.colcon_core.shell:Creating environment hook '/home/jpedr/Documents/Robotics-Nav2-SLAM-Example/ros2_docker/colcon_ws/install/unity_slam_example/share/unity_slam_example/hook/ament_prefix_path.sh'
[1.752s] INFO:colcon.colcon_core.shell:Skip shell extension 'powershell' for command environment: Not usable outside of PowerShell
[1.752s] DEBUG:colcon.colcon_core.shell:Skip shell extension 'dsv' for command environment
[2.246s] INFO:colcon.colcon_core.task.python.build:Building Python package in '/home/jpedr/Documents/Robotics-Nav2-SLAM-Example/ros2_docker/colcon_ws/src/control_node'
[2.253s] INFO:colcon.colcon_core.shell:Skip shell extension 'powershell' for command environment: Not usable outside of PowerShell
[2.253s] DEBUG:colcon.colcon_core.shell:Skip shell extension 'dsv' for command environment
[2.738s] INFO:colcon.colcon_core.task.python.build:Building Python package in '/home/jpedr/Documents/Robotics-Nav2-SLAM-Example/ros2_docker/colcon_ws/src/py_marker'
[2.747s] INFO:colcon.colcon_core.shell:Skip shell extension 'powershell' for command environment: Not usable outside of PowerShell
[2.747s] DEBUG:colcon.colcon_core.shell:Skip shell extension 'dsv' for command environment
[3.230s] INFO:colcon.colcon_core.task.python.build:Building Python package in '/home/jpedr/Documents/Robotics-Nav2-SLAM-Example/ros2_docker/colcon_ws/src/ROS-TCP-Endpoint'
[3.237s] INFO:colcon.colcon_core.shell:Skip shell extension 'powershell' for command environment: Not usable outside of PowerShell
[3.237s] DEBUG:colcon.colcon_core.shell:Skip shell extension 'dsv' for command environment
[3.730s] INFO:colcon.colcon_core.task.python.build:Building Python package in '/home/jpedr/Documents/Robotics-Nav2-SLAM-Example/ros2_docker/colcon_ws/src/unity_slam_example'
[3.737s] INFO:colcon.colcon_core.shell:Skip shell extension 'powershell' for command environment: Not usable outside of PowerShell
[3.737s] DEBUG:colcon.colcon_core.shell:Skip shell extension 'dsv' for command environment
[4.843s] DEBUG:colcon.colcon_core.event_handler.log_command:Invoking command in '/home/jpedr/Documents/Robotics-Nav2-SLAM-Example/ros2_docker/colcon_ws/src/py_marker': PYTHONPATH=/home/jpedr/Documents/Robotics-Nav2-SLAM-Example/ros2_docker/colcon_ws/install/py_marker/lib/python3.10/site-packages:${PYTHONPATH} /usr/bin/python3 setup.py egg_info --egg-base ../../build/py_marker build --build-base /home/jpedr/Documents/Robotics-Nav2-SLAM-Example/ros2_docker/colcon_ws/build/py_marker/build install --prefix /home/jpedr/Documents/Robotics-Nav2-SLAM-Example/ros2_docker/colcon_ws/install/py_marker --record /home/jpedr/Documents/Robotics-Nav2-SLAM-Example/ros2_docker/colcon_ws/build/py_marker/install.log --single-version-externally-managed
[4.866s] DEBUG:colcon.colcon_core.event_handler.log_command:Invoking command in '/home/jpedr/Documents/Robotics-Nav2-SLAM-Example/ros2_docker/colcon_ws/src/unity_slam_example': PYTHONPATH=/home/jpedr/Documents/Robotics-Nav2-SLAM-Example/ros2_docker/colcon_ws/install/unity_slam_example/lib/python3.10/site-packages:${PYTHONPATH} /usr/bin/python3 setup.py egg_info --egg-base ../../build/unity_slam_example build --build-base /home/jpedr/Documents/Robotics-Nav2-SLAM-Example/ros2_docker/colcon_ws/build/unity_slam_example/build install --prefix /home/jpedr/Documents/Robotics-Nav2-SLAM-Example/ros2_docker/colcon_ws/install/unity_slam_example --record /home/jpedr/Documents/Robotics-Nav2-SLAM-Example/ros2_docker/colcon_ws/build/unity_slam_example/install.log --single-version-externally-managed
[4.874s] DEBUG:colcon.colcon_core.event_handler.log_command:Invoking command in '/home/jpedr/Documents/Robotics-Nav2-SLAM-Example/ros2_docker/colcon_ws/src/control_node': PYTHONPATH=/home/jpedr/Documents/Robotics-Nav2-SLAM-Example/ros2_docker/colcon_ws/install/control_node/lib/python3.10/site-packages:${PYTHONPATH} /usr/bin/python3 setup.py egg_info --egg-base ../../build/control_node build --build-base /home/jpedr/Documents/Robotics-Nav2-SLAM-Example/ros2_docker/colcon_ws/build/control_node/build install --prefix /home/jpedr/Documents/Robotics-Nav2-SLAM-Example/ros2_docker/colcon_ws/install/control_node --record /home/jpedr/Documents/Robotics-Nav2-SLAM-Example/ros2_docker/colcon_ws/build/control_node/install.log --single-version-externally-managed
[4.964s] DEBUG:colcon.colcon_core.event_handler.log_command:Invoking command in '/home/jpedr/Documents/Robotics-Nav2-SLAM-Example/ros2_docker/colcon_ws/src/ROS-TCP-Endpoint': PYTHONPATH=/home/jpedr/Documents/Robotics-Nav2-SLAM-Example/ros2_docker/colcon_ws/install/ros_tcp_endpoint/lib/python3.10/site-packages:${PYTHONPATH} /usr/bin/python3 setup.py egg_info --egg-base ../../build/ros_tcp_endpoint build --build-base /home/jpedr/Documents/Robotics-Nav2-SLAM-Example/ros2_docker/colcon_ws/build/ros_tcp_endpoint/build install --prefix /home/jpedr/Documents/Robotics-Nav2-SLAM-Example/ros2_docker/colcon_ws/install/ros_tcp_endpoint --record /home/jpedr/Documents/Robotics-Nav2-SLAM-Example/ros2_docker/colcon_ws/build/ros_tcp_endpoint/install.log --single-version-externally-managed
[5.798s] DEBUG:colcon.colcon_core.event_handler.log_command:Invoked command in '/home/jpedr/Documents/Robotics-Nav2-SLAM-Example/ros2_docker/colcon_ws/src/py_marker' returned '0': PYTHONPATH=/home/jpedr/Documents/Robotics-Nav2-SLAM-Example/ros2_docker/colcon_ws/install/py_marker/lib/python3.10/site-packages:${PYTHONPATH} /usr/bin/python3 setup.py egg_info --egg-base ../../build/py_marker build --build-base /home/jpedr/Documents/Robotics-Nav2-SLAM-Example/ros2_docker/colcon_ws/build/py_marker/build install --prefix /home/jpedr/Documents/Robotics-Nav2-SLAM-Example/ros2_docker/colcon_ws/install/py_marker --record /home/jpedr/Documents/Robotics-Nav2-SLAM-Example/ros2_docker/colcon_ws/build/py_marker/install.log --single-version-externally-managed
[5.836s] Level 1:colcon.colcon_core.environment:checking '/home/jpedr/Documents/Robotics-Nav2-SLAM-Example/ros2_docker/colcon_ws/install/py_marker' for CMake module files
[5.839s] Level 1:colcon.colcon_core.environment:checking '/home/jpedr/Documents/Robotics-Nav2-SLAM-Example/ros2_docker/colcon_ws/install/py_marker' for CMake config files
[5.845s] Level 1:colcon.colcon_core.environment:checking '/home/jpedr/Documents/Robotics-Nav2-SLAM-Example/ros2_docker/colcon_ws/install/py_marker/lib'
[5.846s] Level 1:colcon.colcon_core.environment:checking '/home/jpedr/Documents/Robotics-Nav2-SLAM-Example/ros2_docker/colcon_ws/install/py_marker/bin'
[5.846s] Level 1:colcon.colcon_core.environment:checking '/home/jpedr/Documents/Robotics-Nav2-SLAM-Example/ros2_docker/colcon_ws/install/py_marker/lib/pkgconfig/py_marker.pc'
[5.853s] Level 1:colcon.colcon_core.environment:checking '/home/jpedr/Documents/Robotics-Nav2-SLAM-Example/ros2_docker/colcon_ws/install/py_marker/lib/python3.10/site-packages'
[5.853s] Level 1:colcon.colcon_core.shell:create_environment_hook('py_marker', 'pythonpath')
[5.869s] INFO:colcon.colcon_core.shell:Creating environment hook '/home/jpedr/Documents/Robotics-Nav2-SLAM-Example/ros2_docker/colcon_ws/install/py_marker/share/py_marker/hook/pythonpath.ps1'
[5.870s] INFO:colcon.colcon_core.shell:Creating environment descriptor '/home/jpedr/Documents/Robotics-Nav2-SLAM-Example/ros2_docker/colcon_ws/install/py_marker/share/py_marker/hook/pythonpath.dsv'
[5.871s] INFO:colcon.colcon_core.shell:Creating environment hook '/home/jpedr/Documents/Robotics-Nav2-SLAM-Example/ros2_docker/colcon_ws/install/py_marker/share/py_marker/hook/pythonpath.sh'
[5.873s] Level 1:colcon.colcon_core.environment:checking '/home/jpedr/Documents/Robotics-Nav2-SLAM-Example/ros2_docker/colcon_ws/install/py_marker/bin'
[5.873s] Level 1:colcon.colcon_core.environment:create_environment_scripts_only(py_marker)
[5.888s] INFO:colcon.colcon_core.shell:Creating package script '/home/jpedr/Documents/Robotics-Nav2-SLAM-Example/ros2_docker/colcon_ws/install/py_marker/share/py_marker/package.ps1'
[5.890s] INFO:colcon.colcon_core.shell:Creating package descriptor '/home/jpedr/Documents/Robotics-Nav2-SLAM-Example/ros2_docker/colcon_ws/install/py_marker/share/py_marker/package.dsv'
[5.892s] INFO:colcon.colcon_core.shell:Creating package script '/home/jpedr/Documents/Robotics-Nav2-SLAM-Example/ros2_docker/colcon_ws/install/py_marker/share/py_marker/package.sh'
[5.893s] INFO:colcon.colcon_core.shell:Creating package script '/home/jpedr/Documents/Robotics-Nav2-SLAM-Example/ros2_docker/colcon_ws/install/py_marker/share/py_marker/package.bash'
[5.895s] INFO:colcon.colcon_core.shell:Creating package script '/home/jpedr/Documents/Robotics-Nav2-SLAM-Example/ros2_docker/colcon_ws/install/py_marker/share/py_marker/package.zsh'
[5.897s] Level 1:colcon.colcon_core.environment:create_file_with_runtime_dependencies(/home/jpedr/Documents/Robotics-Nav2-SLAM-Example/ros2_docker/colcon_ws/install/py_marker/share/colcon-core/packages/py_marker)
[5.916s] DEBUG:colcon.colcon_core.event_handler.log_command:Invoked command in '/home/jpedr/Documents/Robotics-Nav2-SLAM-Example/ros2_docker/colcon_ws/src/unity_slam_example' returned '0': PYTHONPATH=/home/jpedr/Documents/Robotics-Nav2-SLAM-Example/ros2_docker/colcon_ws/install/unity_slam_example/lib/python3.10/site-packages:${PYTHONPATH} /usr/bin/python3 setup.py egg_info --egg-base ../../build/unity_slam_example build --build-base /home/jpedr/Documents/Robotics-Nav2-SLAM-Example/ros2_docker/colcon_ws/build/unity_slam_example/build install --prefix /home/jpedr/Documents/Robotics-Nav2-SLAM-Example/ros2_docker/colcon_ws/install/unity_slam_example --record /home/jpedr/Documents/Robotics-Nav2-SLAM-Example/ros2_docker/colcon_ws/build/unity_slam_example/install.log --single-version-externally-managed
[5.921s] Level 1:colcon.colcon_core.environment:checking '/home/jpedr/Documents/Robotics-Nav2-SLAM-Example/ros2_docker/colcon_ws/install/unity_slam_example' for CMake module files
[5.922s] Level 1:colcon.colcon_core.environment:checking '/home/jpedr/Documents/Robotics-Nav2-SLAM-Example/ros2_docker/colcon_ws/install/unity_slam_example' for CMake config files
[5.923s] Level 1:colcon.colcon_core.environment:checking '/home/jpedr/Documents/Robotics-Nav2-SLAM-Example/ros2_docker/colcon_ws/install/unity_slam_example/lib'
[5.924s] Level 1:colcon.colcon_core.environment:checking '/home/jpedr/Documents/Robotics-Nav2-SLAM-Example/ros2_docker/colcon_ws/install/unity_slam_example/bin'
[5.924s] Level 1:colcon.colcon_core.environment:checking '/home/jpedr/Documents/Robotics-Nav2-SLAM-Example/ros2_docker/colcon_ws/install/unity_slam_example/lib/pkgconfig/unity_slam_example.pc'
[5.925s] Level 1:colcon.colcon_core.environment:checking '/home/jpedr/Documents/Robotics-Nav2-SLAM-Example/ros2_docker/colcon_ws/install/unity_slam_example/lib/python3.10/site-packages'
[5.925s] Level 1:colcon.colcon_core.shell:create_environment_hook('unity_slam_example', 'pythonpath')
[5.940s] INFO:colcon.colcon_core.shell:Creating environment hook '/home/jpedr/Documents/Robotics-Nav2-SLAM-Example/ros2_docker/colcon_ws/install/unity_slam_example/share/unity_slam_example/hook/pythonpath.ps1'
[5.941s] INFO:colcon.colcon_core.shell:Creating environment descriptor '/home/jpedr/Documents/Robotics-Nav2-SLAM-Example/ros2_docker/colcon_ws/install/unity_slam_example/share/unity_slam_example/hook/pythonpath.dsv'
[5.942s] INFO:colcon.colcon_core.shell:Creating environment hook '/home/jpedr/Documents/Robotics-Nav2-SLAM-Example/ros2_docker/colcon_ws/install/unity_slam_example/share/unity_slam_example/hook/pythonpath.sh'
[5.943s] Level 1:colcon.colcon_core.environment:checking '/home/jpedr/Documents/Robotics-Nav2-SLAM-Example/ros2_docker/colcon_ws/install/unity_slam_example/bin'
[5.943s] Level 1:colcon.colcon_core.environment:create_environment_scripts_only(unity_slam_example)
[5.958s] INFO:colcon.colcon_core.shell:Creating package script '/home/jpedr/Documents/Robotics-Nav2-SLAM-Example/ros2_docker/colcon_ws/install/unity_slam_example/share/unity_slam_example/package.ps1'
[5.959s] INFO:colcon.colcon_core.shell:Creating package descriptor '/home/jpedr/Documents/Robotics-Nav2-SLAM-Example/ros2_docker/colcon_ws/install/unity_slam_example/share/unity_slam_example/package.dsv'
[5.960s] INFO:colcon.colcon_core.shell:Creating package script '/home/jpedr/Documents/Robotics-Nav2-SLAM-Example/ros2_docker/colcon_ws/install/unity_slam_example/share/unity_slam_example/package.sh'
[5.961s] INFO:colcon.colcon_core.shell:Creating package script '/home/jpedr/Documents/Robotics-Nav2-SLAM-Example/ros2_docker/colcon_ws/install/unity_slam_example/share/unity_slam_example/package.bash'
[5.962s] INFO:colcon.colcon_core.shell:Creating package script '/home/jpedr/Documents/Robotics-Nav2-SLAM-Example/ros2_docker/colcon_ws/install/unity_slam_example/share/unity_slam_example/package.zsh'
[5.962s] Level 1:colcon.colcon_core.environment:create_file_with_runtime_dependencies(/home/jpedr/Documents/Robotics-Nav2-SLAM-Example/ros2_docker/colcon_ws/install/unity_slam_example/share/colcon-core/packages/unity_slam_example)
[5.977s] Level 1:colcon.colcon_core.environment:checking '/home/jpedr/Documents/Robotics-Nav2-SLAM-Example/ros2_docker/colcon_ws/install/control_node' for CMake module files
[5.979s] DEBUG:colcon.colcon_core.event_handler.log_command:Invoked command in '/home/jpedr/Documents/Robotics-Nav2-SLAM-Example/ros2_docker/colcon_ws/src/control_node' returned '0': PYTHONPATH=/home/jpedr/Documents/Robotics-Nav2-SLAM-Example/ros2_docker/colcon_ws/install/control_node/lib/python3.10/site-packages:${PYTHONPATH} /usr/bin/python3 setup.py egg_info --egg-base ../../build/control_node build --build-base /home/jpedr/Documents/Robotics-Nav2-SLAM-Example/ros2_docker/colcon_ws/build/control_node/build install --prefix /home/jpedr/Documents/Robotics-Nav2-SLAM-Example/ros2_docker/colcon_ws/install/control_node --record /home/jpedr/Documents/Robotics-Nav2-SLAM-Example/ros2_docker/colcon_ws/build/control_node/install.log --single-version-externally-managed
[5.979s] Level 1:colcon.colcon_core.environment:checking '/home/jpedr/Documents/Robotics-Nav2-SLAM-Example/ros2_docker/colcon_ws/install/control_node' for CMake config files
[5.980s] Level 1:colcon.colcon_core.environment:checking '/home/jpedr/Documents/Robotics-Nav2-SLAM-Example/ros2_docker/colcon_ws/install/control_node/lib'
[5.980s] Level 1:colcon.colcon_core.environment:checking '/home/jpedr/Documents/Robotics-Nav2-SLAM-Example/ros2_docker/colcon_ws/install/control_node/bin'
[5.980s] Level 1:colcon.colcon_core.environment:checking '/home/jpedr/Documents/Robotics-Nav2-SLAM-Example/ros2_docker/colcon_ws/install/control_node/lib/pkgconfig/control_node.pc'
[5.981s] Level 1:colcon.colcon_core.environment:checking '/home/jpedr/Documents/Robotics-Nav2-SLAM-Example/ros2_docker/colcon_ws/install/control_node/lib/python3.10/site-packages'
[5.981s] Level 1:colcon.colcon_core.shell:create_environment_hook('control_node', 'pythonpath')
[5.990s] INFO:colcon.colcon_core.shell:Creating environment hook '/home/jpedr/Documents/Robotics-Nav2-SLAM-Example/ros2_docker/colcon_ws/install/control_node/share/control_node/hook/pythonpath.ps1'
[5.992s] INFO:colcon.colcon_core.shell:Creating environment descriptor '/home/jpedr/Documents/Robotics-Nav2-SLAM-Example/ros2_docker/colcon_ws/install/control_node/share/control_node/hook/pythonpath.dsv'
[5.993s] INFO:colcon.colcon_core.shell:Creating environment hook '/home/jpedr/Documents/Robotics-Nav2-SLAM-Example/ros2_docker/colcon_ws/install/control_node/share/control_node/hook/pythonpath.sh'
[5.994s] Level 1:colcon.colcon_core.environment:checking '/home/jpedr/Documents/Robotics-Nav2-SLAM-Example/ros2_docker/colcon_ws/install/control_node/bin'
[5.994s] Level 1:colcon.colcon_core.environment:create_environment_scripts_only(control_node)
[6.003s] INFO:colcon.colcon_core.shell:Creating package script '/home/jpedr/Documents/Robotics-Nav2-SLAM-Example/ros2_docker/colcon_ws/install/control_node/share/control_node/package.ps1'
[6.005s] INFO:colcon.colcon_core.shell:Creating package descriptor '/home/jpedr/Documents/Robotics-Nav2-SLAM-Example/ros2_docker/colcon_ws/install/control_node/share/control_node/package.dsv'
[6.005s] INFO:colcon.colcon_core.shell:Creating package script '/home/jpedr/Documents/Robotics-Nav2-SLAM-Example/ros2_docker/colcon_ws/install/control_node/share/control_node/package.sh'
[6.006s] INFO:colcon.colcon_core.shell:Creating package script '/home/jpedr/Documents/Robotics-Nav2-SLAM-Example/ros2_docker/colcon_ws/install/control_node/share/control_node/package.bash'
[6.007s] INFO:colcon.colcon_core.shell:Creating package script '/home/jpedr/Documents/Robotics-Nav2-SLAM-Example/ros2_docker/colcon_ws/install/control_node/share/control_node/package.zsh'
[6.007s] Level 1:colcon.colcon_core.environment:create_file_with_runtime_dependencies(/home/jpedr/Documents/Robotics-Nav2-SLAM-Example/ros2_docker/colcon_ws/install/control_node/share/colcon-core/packages/control_node)
[6.024s] Level 1:colcon.colcon_core.environment:checking '/home/jpedr/Documents/Robotics-Nav2-SLAM-Example/ros2_docker/colcon_ws/install/ros_tcp_endpoint' for CMake module files
[6.026s] DEBUG:colcon.colcon_core.event_handler.log_command:Invoked command in '/home/jpedr/Documents/Robotics-Nav2-SLAM-Example/ros2_docker/colcon_ws/src/ROS-TCP-Endpoint' returned '0': PYTHONPATH=/home/jpedr/Documents/Robotics-Nav2-SLAM-Example/ros2_docker/colcon_ws/install/ros_tcp_endpoint/lib/python3.10/site-packages:${PYTHONPATH} /usr/bin/python3 setup.py egg_info --egg-base ../../build/ros_tcp_endpoint build --build-base /home/jpedr/Documents/Robotics-Nav2-SLAM-Example/ros2_docker/colcon_ws/build/ros_tcp_endpoint/build install --prefix /home/jpedr/Documents/Robotics-Nav2-SLAM-Example/ros2_docker/colcon_ws/install/ros_tcp_endpoint --record /home/jpedr/Documents/Robotics-Nav2-SLAM-Example/ros2_docker/colcon_ws/build/ros_tcp_endpoint/install.log --single-version-externally-managed
[6.027s] Level 1:colcon.colcon_core.environment:checking '/home/jpedr/Documents/Robotics-Nav2-SLAM-Example/ros2_docker/colcon_ws/install/ros_tcp_endpoint' for CMake config files
[6.029s] Level 1:colcon.colcon_core.environment:checking '/home/jpedr/Documents/Robotics-Nav2-SLAM-Example/ros2_docker/colcon_ws/install/ros_tcp_endpoint/lib'
[6.029s] Level 1:colcon.colcon_core.environment:checking '/home/jpedr/Documents/Robotics-Nav2-SLAM-Example/ros2_docker/colcon_ws/install/ros_tcp_endpoint/bin'
[6.029s] Level 1:colcon.colcon_core.environment:checking '/home/jpedr/Documents/Robotics-Nav2-SLAM-Example/ros2_docker/colcon_ws/install/ros_tcp_endpoint/lib/pkgconfig/ros_tcp_endpoint.pc'
[6.030s] Level 1:colcon.colcon_core.environment:checking '/home/jpedr/Documents/Robotics-Nav2-SLAM-Example/ros2_docker/colcon_ws/install/ros_tcp_endpoint/lib/python3.10/site-packages'
[6.030s] Level 1:colcon.colcon_core.shell:create_environment_hook('ros_tcp_endpoint', 'pythonpath')
[6.040s] INFO:colcon.colcon_core.shell:Creating environment hook '/home/jpedr/Documents/Robotics-Nav2-SLAM-Example/ros2_docker/colcon_ws/install/ros_tcp_endpoint/share/ros_tcp_endpoint/hook/pythonpath.ps1'
[6.041s] INFO:colcon.colcon_core.shell:Creating environment descriptor '/home/jpedr/Documents/Robotics-Nav2-SLAM-Example/ros2_docker/colcon_ws/install/ros_tcp_endpoint/share/ros_tcp_endpoint/hook/pythonpath.dsv'
[6.041s] INFO:colcon.colcon_core.shell:Creating environment hook '/home/jpedr/Documents/Robotics-Nav2-SLAM-Example/ros2_docker/colcon_ws/install/ros_tcp_endpoint/share/ros_tcp_endpoint/hook/pythonpath.sh'
[6.043s] Level 1:colcon.colcon_core.environment:checking '/home/jpedr/Documents/Robotics-Nav2-SLAM-Example/ros2_docker/colcon_ws/install/ros_tcp_endpoint/bin'
[6.043s] Level 1:colcon.colcon_core.environment:create_environment_scripts_only(ros_tcp_endpoint)
[6.052s] INFO:colcon.colcon_core.shell:Creating package script '/home/jpedr/Documents/Robotics-Nav2-SLAM-Example/ros2_docker/colcon_ws/install/ros_tcp_endpoint/share/ros_tcp_endpoint/package.ps1'
[6.053s] INFO:colcon.colcon_core.shell:Creating package descriptor '/home/jpedr/Documents/Robotics-Nav2-SLAM-Example/ros2_docker/colcon_ws/install/ros_tcp_endpoint/share/ros_tcp_endpoint/package.dsv'
[6.054s] INFO:colcon.colcon_core.shell:Creating package script '/home/jpedr/Documents/Robotics-Nav2-SLAM-Example/ros2_docker/colcon_ws/install/ros_tcp_endpoint/share/ros_tcp_endpoint/package.sh'
[6.055s] INFO:colcon.colcon_core.shell:Creating package script '/home/jpedr/Documents/Robotics-Nav2-SLAM-Example/ros2_docker/colcon_ws/install/ros_tcp_endpoint/share/ros_tcp_endpoint/package.bash'
[6.056s] INFO:colcon.colcon_core.shell:Creating package script '/home/jpedr/Documents/Robotics-Nav2-SLAM-Example/ros2_docker/colcon_ws/install/ros_tcp_endpoint/share/ros_tcp_endpoint/package.zsh'
[6.057s] Level 1:colcon.colcon_core.environment:create_file_with_runtime_dependencies(/home/jpedr/Documents/Robotics-Nav2-SLAM-Example/ros2_docker/colcon_ws/install/ros_tcp_endpoint/share/colcon-core/packages/ros_tcp_endpoint)
[6.057s] DEBUG:colcon.colcon_parallel_executor.executor.parallel:closing loop
[6.058s] DEBUG:colcon.colcon_parallel_executor.executor.parallel:loop closed
[6.058s] DEBUG:colcon.colcon_parallel_executor.executor.parallel:run_until_complete finished with '0'
[6.058s] DEBUG:colcon.colcon_core.event_reactor:joining thread
[6.087s] INFO:colcon.colcon_core.plugin_system:Skipping extension 'colcon_notification.desktop_notification.notify_send': Could not find 'notify-send'
[6.087s] INFO:colcon.colcon_core.plugin_system:Skipping extension 'colcon_notification.desktop_notification.terminal_notifier': Not used on non-Darwin systems
[6.087s] INFO:colcon.colcon_core.plugin_system:Skipping extension 'colcon_notification.desktop_notification.win32': Not used on non-Windows systems
[6.087s] INFO:colcon.colcon_notification.desktop_notification:Sending desktop notification using 'notify2'
[6.106s] DEBUG:colcon.colcon_core.event_reactor:joined thread
[6.114s] INFO:colcon.colcon_core.shell:Creating prefix script '/home/jpedr/Documents/Robotics-Nav2-SLAM-Example/ros2_docker/colcon_ws/install/local_setup.ps1'
[6.118s] INFO:colcon.colcon_core.shell:Creating prefix util module '/home/jpedr/Documents/Robotics-Nav2-SLAM-Example/ros2_docker/colcon_ws/install/_local_setup_util_ps1.py'
[6.120s] INFO:colcon.colcon_core.shell:Creating prefix chain script '/home/jpedr/Documents/Robotics-Nav2-SLAM-Example/ros2_docker/colcon_ws/install/setup.ps1'
[6.131s] INFO:colcon.colcon_core.shell:Creating prefix script '/home/jpedr/Documents/Robotics-Nav2-SLAM-Example/ros2_docker/colcon_ws/install/local_setup.sh'
[6.133s] INFO:colcon.colcon_core.shell:Creating prefix util module '/home/jpedr/Documents/Robotics-Nav2-SLAM-Example/ros2_docker/colcon_ws/install/_local_setup_util_sh.py'
[6.134s] INFO:colcon.colcon_core.shell:Creating prefix chain script '/home/jpedr/Documents/Robotics-Nav2-SLAM-Example/ros2_docker/colcon_ws/install/setup.sh'
[6.143s] INFO:colcon.colcon_core.shell:Creating prefix script '/home/jpedr/Documents/Robotics-Nav2-SLAM-Example/ros2_docker/colcon_ws/install/local_setup.bash'
[6.144s] INFO:colcon.colcon_core.shell:Creating prefix chain script '/home/jpedr/Documents/Robotics-Nav2-SLAM-Example/ros2_docker/colcon_ws/install/setup.bash'
[6.153s] INFO:colcon.colcon_core.shell:Creating prefix script '/home/jpedr/Documents/Robotics-Nav2-SLAM-Example/ros2_docker/colcon_ws/install/local_setup.zsh'
[6.156s] INFO:colcon.colcon_core.shell:Creating prefix chain script '/home/jpedr/Documents/Robotics-Nav2-SLAM-Example/ros2_docker/colcon_ws/install/setup.zsh'
