[1.049s] DEBUG:colcon:Command line arguments: ['/home/jpedr/.local/bin/colcon', 'build']
[1.049s] DEBUG:colcon:Parsed command line arguments: Namespace(log_base=None, log_level=None, verb_name='build', build_base='build', install_base='install', merge_install=False, symlink_install=False, test_result_base=None, continue_on_error=False, executor='parallel', parallel_workers=4, event_handlers=None, ignore_user_meta=False, metas=['./colcon.meta'], base_paths=['.'], packages_ignore=None, packages_ignore_regex=None, paths=None, packages_up_to=None, packages_up_to_regex=None, packages_above=None, packages_above_and_dependencies=None, packages_above_depth=None, packages_select_by_dep=None, packages_skip_by_dep=None, packages_skip_up_to=None, packages_select_build_failed=False, packages_skip_build_finished=False, packages_select_test_failures=False, packages_skip_test_passed=False, packages_select=None, packages_skip=None, packages_select_regex=None, packages_skip_regex=None, packages_start=None, packages_end=None, allow_overriding=[], cmake_args=None, cmake_target=None, cmake_target_skip_unavailable=False, cmake_clean_cache=False, cmake_clean_first=False, cmake_force_configure=False, ament_cmake_args=None, catkin_cmake_args=None, catkin_skip_building_tests=False, verb_parser=<colcon_defaults.argument_parser.defaults.DefaultArgumentsDecorator object at 0x7f41eb13bd30>, verb_extension=<colcon_core.verb.build.BuildVerb object at 0x7f41ebacdba0>, main=<bound method BuildVerb.main of <colcon_core.verb.build.BuildVerb object at 0x7f41ebacdba0>>)
[1.121s] Level 1:colcon.colcon_core.package_discovery:discover_packages(colcon_meta) check parameters
[1.121s] Level 1:colcon.colcon_core.package_discovery:discover_packages(recursive) check parameters
[1.121s] Level 1:colcon.colcon_core.package_discovery:discover_packages(ignore) check parameters
[1.121s] Level 1:colcon.colcon_core.package_discovery:discover_packages(path) check parameters
[1.121s] Level 1:colcon.colcon_core.package_discovery:discover_packages(colcon_meta) discover
[1.121s] Level 1:colcon.colcon_core.package_discovery:discover_packages(recursive) discover
[1.121s] INFO:colcon.colcon_core.package_discovery:Crawling recursively for packages in '/home/jpedr/Documents/Robotics-Nav2-SLAM-Example/ros2_docker/colcon_ws'
[1.122s] Level 1:colcon.colcon_core.package_identification:_identify(.) by extensions ['ignore', 'ignore_ament_install']
[1.123s] Level 1:colcon.colcon_core.package_identification:_identify(.) by extension 'ignore'
[1.123s] Level 1:colcon.colcon_core.package_identification:_identify(.) by extension 'ignore_ament_install'
[1.123s] Level 1:colcon.colcon_core.package_identification:_identify(.) by extensions ['colcon_pkg']
[1.123s] Level 1:colcon.colcon_core.package_identification:_identify(.) by extension 'colcon_pkg'
[1.123s] Level 1:colcon.colcon_core.package_identification:_identify(.) by extensions ['colcon_meta']
[1.124s] Level 1:colcon.colcon_core.package_identification:_identify(.) by extension 'colcon_meta'
[1.124s] Level 1:colcon.colcon_core.package_identification:_identify(.) by extensions ['ros']
[1.124s] Level 1:colcon.colcon_core.package_identification:_identify(.) by extension 'ros'
[1.148s] Level 1:colcon.colcon_core.package_identification:_identify(.) by extensions ['cmake', 'python']
[1.148s] Level 1:colcon.colcon_core.package_identification:_identify(.) by extension 'cmake'
[1.148s] Level 1:colcon.colcon_core.package_identification:_identify(.) by extension 'python'
[1.149s] Level 1:colcon.colcon_core.package_identification:_identify(.) by extensions ['python_setup_py']
[1.149s] Level 1:colcon.colcon_core.package_identification:_identify(.) by extension 'python_setup_py'
[1.149s] Level 1:colcon.colcon_core.package_identification:_identify(build) by extensions ['ignore', 'ignore_ament_install']
[1.149s] Level 1:colcon.colcon_core.package_identification:_identify(build) by extension 'ignore'
[1.149s] Level 1:colcon.colcon_core.package_identification:_identify(build) ignored
[1.150s] Level 1:colcon.colcon_core.package_identification:_identify(install) by extensions ['ignore', 'ignore_ament_install']
[1.150s] Level 1:colcon.colcon_core.package_identification:_identify(install) by extension 'ignore'
[1.150s] Level 1:colcon.colcon_core.package_identification:_identify(install) ignored
[1.150s] Level 1:colcon.colcon_core.package_identification:_identify(log) by extensions ['ignore', 'ignore_ament_install']
[1.150s] Level 1:colcon.colcon_core.package_identification:_identify(log) by extension 'ignore'
[1.150s] Level 1:colcon.colcon_core.package_identification:_identify(log) ignored
[1.151s] Level 1:colcon.colcon_core.package_identification:_identify(src) by extensions ['ignore', 'ignore_ament_install']
[1.151s] Level 1:colcon.colcon_core.package_identification:_identify(src) by extension 'ignore'
[1.151s] Level 1:colcon.colcon_core.package_identification:_identify(src) by extension 'ignore_ament_install'
[1.151s] Level 1:colcon.colcon_core.package_identification:_identify(src) by extensions ['colcon_pkg']
[1.151s] Level 1:colcon.colcon_core.package_identification:_identify(src) by extension 'colcon_pkg'
[1.151s] Level 1:colcon.colcon_core.package_identification:_identify(src) by extensions ['colcon_meta']
[1.151s] Level 1:colcon.colcon_core.package_identification:_identify(src) by extension 'colcon_meta'
[1.151s] Level 1:colcon.colcon_core.package_identification:_identify(src) by extensions ['ros']
[1.151s] Level 1:colcon.colcon_core.package_identification:_identify(src) by extension 'ros'
[1.152s] Level 1:colcon.colcon_core.package_identification:_identify(src) by extensions ['cmake', 'python']
[1.152s] Level 1:colcon.colcon_core.package_identification:_identify(src) by extension 'cmake'
[1.152s] Level 1:colcon.colcon_core.package_identification:_identify(src) by extension 'python'
[1.152s] Level 1:colcon.colcon_core.package_identification:_identify(src) by extensions ['python_setup_py']
[1.152s] Level 1:colcon.colcon_core.package_identification:_identify(src) by extension 'python_setup_py'
[1.152s] Level 1:colcon.colcon_core.package_identification:_identify(src/ROS-TCP-Endpoint) by extensions ['ignore', 'ignore_ament_install']
[1.153s] Level 1:colcon.colcon_core.package_identification:_identify(src/ROS-TCP-Endpoint) by extension 'ignore'
[1.153s] Level 1:colcon.colcon_core.package_identification:_identify(src/ROS-TCP-Endpoint) by extension 'ignore_ament_install'
[1.153s] Level 1:colcon.colcon_core.package_identification:_identify(src/ROS-TCP-Endpoint) by extensions ['colcon_pkg']
[1.153s] Level 1:colcon.colcon_core.package_identification:_identify(src/ROS-TCP-Endpoint) by extension 'colcon_pkg'
[1.153s] Level 1:colcon.colcon_core.package_identification:_identify(src/ROS-TCP-Endpoint) by extensions ['colcon_meta']
[1.153s] Level 1:colcon.colcon_core.package_identification:_identify(src/ROS-TCP-Endpoint) by extension 'colcon_meta'
[1.153s] Level 1:colcon.colcon_core.package_identification:_identify(src/ROS-TCP-Endpoint) by extensions ['ros']
[1.153s] Level 1:colcon.colcon_core.package_identification:_identify(src/ROS-TCP-Endpoint) by extension 'ros'
[1.161s] DEBUG:colcon.colcon_core.package_identification:Package 'src/ROS-TCP-Endpoint' with type 'ros.ament_python' and name 'ros_tcp_endpoint'
[1.161s] Level 1:colcon.colcon_core.package_identification:_identify(src/control_node) by extensions ['ignore', 'ignore_ament_install']
[1.162s] Level 1:colcon.colcon_core.package_identification:_identify(src/control_node) by extension 'ignore'
[1.162s] Level 1:colcon.colcon_core.package_identification:_identify(src/control_node) by extension 'ignore_ament_install'
[1.162s] Level 1:colcon.colcon_core.package_identification:_identify(src/control_node) by extensions ['colcon_pkg']
[1.162s] Level 1:colcon.colcon_core.package_identification:_identify(src/control_node) by extension 'colcon_pkg'
[1.162s] Level 1:colcon.colcon_core.package_identification:_identify(src/control_node) by extensions ['colcon_meta']
[1.162s] Level 1:colcon.colcon_core.package_identification:_identify(src/control_node) by extension 'colcon_meta'
[1.162s] Level 1:colcon.colcon_core.package_identification:_identify(src/control_node) by extensions ['ros']
[1.162s] Level 1:colcon.colcon_core.package_identification:_identify(src/control_node) by extension 'ros'
[1.164s] DEBUG:colcon.colcon_core.package_identification:Package 'src/control_node' with type 'ros.ament_python' and name 'control_node'
[1.164s] Level 1:colcon.colcon_core.package_identification:_identify(src/py_marker) by extensions ['ignore', 'ignore_ament_install']
[1.164s] Level 1:colcon.colcon_core.package_identification:_identify(src/py_marker) by extension 'ignore'
[1.165s] Level 1:colcon.colcon_core.package_identification:_identify(src/py_marker) by extension 'ignore_ament_install'
[1.165s] Level 1:colcon.colcon_core.package_identification:_identify(src/py_marker) by extensions ['colcon_pkg']
[1.165s] Level 1:colcon.colcon_core.package_identification:_identify(src/py_marker) by extension 'colcon_pkg'
[1.165s] Level 1:colcon.colcon_core.package_identification:_identify(src/py_marker) by extensions ['colcon_meta']
[1.165s] Level 1:colcon.colcon_core.package_identification:_identify(src/py_marker) by extension 'colcon_meta'
[1.165s] Level 1:colcon.colcon_core.package_identification:_identify(src/py_marker) by extensions ['ros']
[1.165s] Level 1:colcon.colcon_core.package_identification:_identify(src/py_marker) by extension 'ros'
[1.166s] DEBUG:colcon.colcon_core.package_identification:Package 'src/py_marker' with type 'ros.ament_python' and name 'py_marker'
[1.167s] Level 1:colcon.colcon_core.package_identification:_identify(src/unity_slam_example) by extensions ['ignore', 'ignore_ament_install']
[1.167s] Level 1:colcon.colcon_core.package_identification:_identify(src/unity_slam_example) by extension 'ignore'
[1.167s] Level 1:colcon.colcon_core.package_identification:_identify(src/unity_slam_example) by extension 'ignore_ament_install'
[1.167s] Level 1:colcon.colcon_core.package_identification:_identify(src/unity_slam_example) by extensions ['colcon_pkg']
[1.167s] Level 1:colcon.colcon_core.package_identification:_identify(src/unity_slam_example) by extension 'colcon_pkg'
[1.167s] Level 1:colcon.colcon_core.package_identification:_identify(src/unity_slam_example) by extensions ['colcon_meta']
[1.168s] Level 1:colcon.colcon_core.package_identification:_identify(src/unity_slam_example) by extension 'colcon_meta'
[1.168s] Level 1:colcon.colcon_core.package_identification:_identify(src/unity_slam_example) by extensions ['ros']
[1.168s] Level 1:colcon.colcon_core.package_identification:_identify(src/unity_slam_example) by extension 'ros'
[1.169s] DEBUG:colcon.colcon_core.package_identification:Package 'src/unity_slam_example' with type 'ros.ament_python' and name 'unity_slam_example'
[1.169s] Level 1:colcon.colcon_core.package_discovery:discover_packages(recursive) using defaults
[1.170s] Level 1:colcon.colcon_core.package_discovery:discover_packages(ignore) discover
[1.170s] Level 1:colcon.colcon_core.package_discovery:discover_packages(ignore) using defaults
[1.170s] Level 1:colcon.colcon_core.package_discovery:discover_packages(path) discover
[1.170s] Level 1:colcon.colcon_core.package_discovery:discover_packages(path) using defaults
[1.243s] Level 1:colcon.colcon_core.package_discovery:discover_packages(prefix_path) check parameters
[1.243s] Level 1:colcon.colcon_core.package_discovery:discover_packages(prefix_path) discover
[1.262s] DEBUG:colcon.colcon_installed_package_information.package_discovery:Found 4 installed packages in /home/jpedr/Documents/Robotics-Nav2-SLAM-Example/ros2_docker/colcon_ws/install
[1.270s] DEBUG:colcon.colcon_installed_package_information.package_discovery:Found 313 installed packages in /opt/ros/humble
[1.276s] Level 1:colcon.colcon_core.package_discovery:discover_packages(prefix_path) using defaults
[1.455s] Level 5:colcon.colcon_core.verb:set package 'control_node' build argument 'cmake_args' from command line to 'None'
[1.455s] Level 5:colcon.colcon_core.verb:set package 'control_node' build argument 'cmake_target' from command line to 'None'
[1.456s] Level 5:colcon.colcon_core.verb:set package 'control_node' build argument 'cmake_target_skip_unavailable' from command line to 'False'
[1.456s] Level 5:colcon.colcon_core.verb:set package 'control_node' build argument 'cmake_clean_cache' from command line to 'False'
[1.456s] Level 5:colcon.colcon_core.verb:set package 'control_node' build argument 'cmake_clean_first' from command line to 'False'
[1.456s] Level 5:colcon.colcon_core.verb:set package 'control_node' build argument 'cmake_force_configure' from command line to 'False'
[1.456s] Level 5:colcon.colcon_core.verb:set package 'control_node' build argument 'ament_cmake_args' from command line to 'None'
[1.456s] Level 5:colcon.colcon_core.verb:set package 'control_node' build argument 'catkin_cmake_args' from command line to 'None'
[1.456s] Level 5:colcon.colcon_core.verb:set package 'control_node' build argument 'catkin_skip_building_tests' from command line to 'False'
[1.457s] DEBUG:colcon.colcon_core.verb:Building package 'control_node' with the following arguments: {'ament_cmake_args': None, 'build_base': '/home/jpedr/Documents/Robotics-Nav2-SLAM-Example/ros2_docker/colcon_ws/build/control_node', 'catkin_cmake_args': None, 'catkin_skip_building_tests': False, 'cmake_args': None, 'cmake_clean_cache': False, 'cmake_clean_first': False, 'cmake_force_configure': False, 'cmake_target': None, 'cmake_target_skip_unavailable': False, 'install_base': '/home/jpedr/Documents/Robotics-Nav2-SLAM-Example/ros2_docker/colcon_ws/install/control_node', 'merge_install': False, 'path': '/home/jpedr/Documents/Robotics-Nav2-SLAM-Example/ros2_docker/colcon_ws/src/control_node', 'symlink_install': False, 'test_result_base': None}
[1.469s] Level 5:colcon.colcon_core.verb:set package 'py_marker' build argument 'cmake_args' from command line to 'None'
[1.469s] Level 5:colcon.colcon_core.verb:set package 'py_marker' build argument 'cmake_target' from command line to 'None'
[1.469s] Level 5:colcon.colcon_core.verb:set package 'py_marker' build argument 'cmake_target_skip_unavailable' from command line to 'False'
[1.469s] Level 5:colcon.colcon_core.verb:set package 'py_marker' build argument 'cmake_clean_cache' from command line to 'False'
[1.469s] Level 5:colcon.colcon_core.verb:set package 'py_marker' build argument 'cmake_clean_first' from command line to 'False'
[1.469s] Level 5:colcon.colcon_core.verb:set package 'py_marker' build argument 'cmake_force_configure' from command line to 'False'
[1.469s] Level 5:colcon.colcon_core.verb:set package 'py_marker' build argument 'ament_cmake_args' from command line to 'None'
[1.469s] Level 5:colcon.colcon_core.verb:set package 'py_marker' build argument 'catkin_cmake_args' from command line to 'None'
[1.469s] Level 5:colcon.colcon_core.verb:set package 'py_marker' build argument 'catkin_skip_building_tests' from command line to 'False'
[1.469s] DEBUG:colcon.colcon_core.verb:Building package 'py_marker' with the following arguments: {'ament_cmake_args': None, 'build_base': '/home/jpedr/Documents/Robotics-Nav2-SLAM-Example/ros2_docker/colcon_ws/build/py_marker', 'catkin_cmake_args': None, 'catkin_skip_building_tests': False, 'cmake_args': None, 'cmake_clean_cache': False, 'cmake_clean_first': False, 'cmake_force_configure': False, 'cmake_target': None, 'cmake_target_skip_unavailable': False, 'install_base': '/home/jpedr/Documents/Robotics-Nav2-SLAM-Example/ros2_docker/colcon_ws/install/py_marker', 'merge_install': False, 'path': '/home/jpedr/Documents/Robotics-Nav2-SLAM-Example/ros2_docker/colcon_ws/src/py_marker', 'symlink_install': False, 'test_result_base': None}
[1.483s] Level 5:colcon.colcon_core.verb:set package 'ros_tcp_endpoint' build argument 'cmake_args' from command line to 'None'
[1.483s] Level 5:colcon.colcon_core.verb:set package 'ros_tcp_endpoint' build argument 'cmake_target' from command line to 'None'
[1.483s] Level 5:colcon.colcon_core.verb:set package 'ros_tcp_endpoint' build argument 'cmake_target_skip_unavailable' from command line to 'False'
[1.483s] Level 5:colcon.colcon_core.verb:set package 'ros_tcp_endpoint' build argument 'cmake_clean_cache' from command line to 'False'
[1.483s] Level 5:colcon.colcon_core.verb:set package 'ros_tcp_endpoint' build argument 'cmake_clean_first' from command line to 'False'
[1.483s] Level 5:colcon.colcon_core.verb:set package 'ros_tcp_endpoint' build argument 'cmake_force_configure' from command line to 'False'
[1.483s] Level 5:colcon.colcon_core.verb:set package 'ros_tcp_endpoint' build argument 'ament_cmake_args' from command line to 'None'
[1.483s] Level 5:colcon.colcon_core.verb:set package 'ros_tcp_endpoint' build argument 'catkin_cmake_args' from command line to 'None'
[1.484s] Level 5:colcon.colcon_core.verb:set package 'ros_tcp_endpoint' build argument 'catkin_skip_building_tests' from command line to 'False'
[1.484s] DEBUG:colcon.colcon_core.verb:Building package 'ros_tcp_endpoint' with the following arguments: {'ament_cmake_args': None, 'build_base': '/home/jpedr/Documents/Robotics-Nav2-SLAM-Example/ros2_docker/colcon_ws/build/ros_tcp_endpoint', 'catkin_cmake_args': None, 'catkin_skip_building_tests': False, 'cmake_args': None, 'cmake_clean_cache': False, 'cmake_clean_first': False, 'cmake_force_configure': False, 'cmake_target': None, 'cmake_target_skip_unavailable': False, 'install_base': '/home/jpedr/Documents/Robotics-Nav2-SLAM-Example/ros2_docker/colcon_ws/install/ros_tcp_endpoint', 'merge_install': False, 'path': '/home/jpedr/Documents/Robotics-Nav2-SLAM-Example/ros2_docker/colcon_ws/src/ROS-TCP-Endpoint', 'symlink_install': False, 'test_result_base': None}
[1.498s] Level 5:colcon.colcon_core.verb:set package 'unity_slam_example' build argument 'cmake_args' from command line to 'None'
[1.498s] Level 5:colcon.colcon_core.verb:set package 'unity_slam_example' build argument 'cmake_target' from command line to 'None'
[1.498s] Level 5:colcon.colcon_core.verb:set package 'unity_slam_example' build argument 'cmake_target_skip_unavailable' from command line to 'False'
[1.499s] Level 5:colcon.colcon_core.verb:set package 'unity_slam_example' build argument 'cmake_clean_cache' from command line to 'False'
[1.499s] Level 5:colcon.colcon_core.verb:set package 'unity_slam_example' build argument 'cmake_clean_first' from command line to 'False'
[1.499s] Level 5:colcon.colcon_core.verb:set package 'unity_slam_example' build argument 'cmake_force_configure' from command line to 'False'
[1.499s] Level 5:colcon.colcon_core.verb:set package 'unity_slam_example' build argument 'ament_cmake_args' from command line to 'None'
[1.499s] Level 5:colcon.colcon_core.verb:set package 'unity_slam_example' build argument 'catkin_cmake_args' from command line to 'None'
[1.499s] Level 5:colcon.colcon_core.verb:set package 'unity_slam_example' build argument 'catkin_skip_building_tests' from command line to 'False'
[1.499s] DEBUG:colcon.colcon_core.verb:Building package 'unity_slam_example' with the following arguments: {'ament_cmake_args': None, 'build_base': '/home/jpedr/Documents/Robotics-Nav2-SLAM-Example/ros2_docker/colcon_ws/build/unity_slam_example', 'catkin_cmake_args': None, 'catkin_skip_building_tests': False, 'cmake_args': None, 'cmake_clean_cache': False, 'cmake_clean_first': False, 'cmake_force_configure': False, 'cmake_target': None, 'cmake_target_skip_unavailable': False, 'install_base': '/home/jpedr/Documents/Robotics-Nav2-SLAM-Example/ros2_docker/colcon_ws/install/unity_slam_example', 'merge_install': False, 'path': '/home/jpedr/Documents/Robotics-Nav2-SLAM-Example/ros2_docker/colcon_ws/src/unity_slam_example', 'symlink_install': False, 'test_result_base': None}
[1.503s] INFO:colcon.colcon_core.executor:Executing jobs using 'parallel' executor
[1.523s] DEBUG:colcon.colcon_parallel_executor.executor.parallel:run_until_complete
[1.524s] INFO:colcon.colcon_ros.task.ament_python.build:Building ROS package in '/home/jpedr/Documents/Robotics-Nav2-SLAM-Example/ros2_docker/colcon_ws/src/control_node' with build type 'ament_python'
[1.524s] Level 1:colcon.colcon_core.shell:create_environment_hook('control_node', 'ament_prefix_path')
[1.543s] INFO:colcon.colcon_core.plugin_system:Skipping extension 'colcon_core.shell.bat': Not used on non-Windows systems
[1.544s] INFO:colcon.colcon_core.shell:Creating environment hook '/home/jpedr/Documents/Robotics-Nav2-SLAM-Example/ros2_docker/colcon_ws/install/control_node/share/control_node/hook/ament_prefix_path.ps1'
[1.546s] INFO:colcon.colcon_core.shell:Creating environment descriptor '/home/jpedr/Documents/Robotics-Nav2-SLAM-Example/ros2_docker/colcon_ws/install/control_node/share/control_node/hook/ament_prefix_path.dsv'
[1.546s] INFO:colcon.colcon_core.shell:Creating environment hook '/home/jpedr/Documents/Robotics-Nav2-SLAM-Example/ros2_docker/colcon_ws/install/control_node/share/control_node/hook/ament_prefix_path.sh'
[1.560s] INFO:colcon.colcon_core.shell:Skip shell extension 'powershell' for command environment: Not usable outside of PowerShell
[1.560s] DEBUG:colcon.colcon_core.shell:Skip shell extension 'dsv' for command environment
[1.586s] INFO:colcon.colcon_ros.task.ament_python.build:Building ROS package in '/home/jpedr/Documents/Robotics-Nav2-SLAM-Example/ros2_docker/colcon_ws/src/py_marker' with build type 'ament_python'
[1.586s] Level 1:colcon.colcon_core.shell:create_environment_hook('py_marker', 'ament_prefix_path')
[1.597s] INFO:colcon.colcon_core.shell:Creating environment hook '/home/jpedr/Documents/Robotics-Nav2-SLAM-Example/ros2_docker/colcon_ws/install/py_marker/share/py_marker/hook/ament_prefix_path.ps1'
[1.598s] INFO:colcon.colcon_core.shell:Creating environment descriptor '/home/jpedr/Documents/Robotics-Nav2-SLAM-Example/ros2_docker/colcon_ws/install/py_marker/share/py_marker/hook/ament_prefix_path.dsv'
[1.598s] INFO:colcon.colcon_core.shell:Creating environment hook '/home/jpedr/Documents/Robotics-Nav2-SLAM-Example/ros2_docker/colcon_ws/install/py_marker/share/py_marker/hook/ament_prefix_path.sh'
[1.612s] INFO:colcon.colcon_core.shell:Skip shell extension 'powershell' for command environment: Not usable outside of PowerShell
[1.613s] DEBUG:colcon.colcon_core.shell:Skip shell extension 'dsv' for command environment
[1.636s] INFO:colcon.colcon_ros.task.ament_python.build:Building ROS package in '/home/jpedr/Documents/Robotics-Nav2-SLAM-Example/ros2_docker/colcon_ws/src/ROS-TCP-Endpoint' with build type 'ament_python'
[1.636s] Level 1:colcon.colcon_core.shell:create_environment_hook('ros_tcp_endpoint', 'ament_prefix_path')
[1.648s] INFO:colcon.colcon_core.shell:Creating environment hook '/home/jpedr/Documents/Robotics-Nav2-SLAM-Example/ros2_docker/colcon_ws/install/ros_tcp_endpoint/share/ros_tcp_endpoint/hook/ament_prefix_path.ps1'
[1.649s] INFO:colcon.colcon_core.shell:Creating environment descriptor '/home/jpedr/Documents/Robotics-Nav2-SLAM-Example/ros2_docker/colcon_ws/install/ros_tcp_endpoint/share/ros_tcp_endpoint/hook/ament_prefix_path.dsv'
[1.650s] INFO:colcon.colcon_core.shell:Creating environment hook '/home/jpedr/Documents/Robotics-Nav2-SLAM-Example/ros2_docker/colcon_ws/install/ros_tcp_endpoint/share/ros_tcp_endpoint/hook/ament_prefix_path.sh'
[1.661s] INFO:colcon.colcon_core.shell:Skip shell extension 'powershell' for command environment: Not usable outside of PowerShell
[1.661s] DEBUG:colcon.colcon_core.shell:Skip shell extension 'dsv' for command environment
[1.682s] INFO:colcon.colcon_ros.task.ament_python.build:Building ROS package in '/home/jpedr/Documents/Robotics-Nav2-SLAM-Example/ros2_docker/colcon_ws/src/unity_slam_example' with build type 'ament_python'
[1.682s] Level 1:colcon.colcon_core.shell:create_environment_hook('unity_slam_example', 'ament_prefix_path')
[1.691s] INFO:colcon.colcon_core.shell:Creating environment hook '/home/jpedr/Documents/Robotics-Nav2-SLAM-Example/ros2_docker/colcon_ws/install/unity_slam_example/share/unity_slam_example/hook/ament_prefix_path.ps1'
[1.692s] INFO:colcon.colcon_core.shell:Creating environment descriptor '/home/jpedr/Documents/Robotics-Nav2-SLAM-Example/ros2_docker/colcon_ws/install/unity_slam_example/share/unity_slam_example/hook/ament_prefix_path.dsv'
[1.692s] INFO:colcon.colcon_core.shell:Creating environment hook '/home/jpedr/Documents/Robotics-Nav2-SLAM-Example/ros2_docker/colcon_ws/install/unity_slam_example/share/unity_slam_example/hook/ament_prefix_path.sh'
[1.702s] INFO:colcon.colcon_core.shell:Skip shell extension 'powershell' for command environment: Not usable outside of PowerShell
[1.702s] DEBUG:colcon.colcon_core.shell:Skip shell extension 'dsv' for command environment
[2.192s] INFO:colcon.colcon_core.task.python.build:Building Python package in '/home/jpedr/Documents/Robotics-Nav2-SLAM-Example/ros2_docker/colcon_ws/src/control_node'
[2.199s] INFO:colcon.colcon_core.shell:Skip shell extension 'powershell' for command environment: Not usable outside of PowerShell
[2.199s] DEBUG:colcon.colcon_core.shell:Skip shell extension 'dsv' for command environment
[2.694s] INFO:colcon.colcon_core.task.python.build:Building Python package in '/home/jpedr/Documents/Robotics-Nav2-SLAM-Example/ros2_docker/colcon_ws/src/py_marker'
[2.701s] INFO:colcon.colcon_core.shell:Skip shell extension 'powershell' for command environment: Not usable outside of PowerShell
[2.701s] DEBUG:colcon.colcon_core.shell:Skip shell extension 'dsv' for command environment
[3.191s] INFO:colcon.colcon_core.task.python.build:Building Python package in '/home/jpedr/Documents/Robotics-Nav2-SLAM-Example/ros2_docker/colcon_ws/src/ROS-TCP-Endpoint'
[3.198s] INFO:colcon.colcon_core.shell:Skip shell extension 'powershell' for command environment: Not usable outside of PowerShell
[3.198s] DEBUG:colcon.colcon_core.shell:Skip shell extension 'dsv' for command environment
[3.758s] INFO:colcon.colcon_core.task.python.build:Building Python package in '/home/jpedr/Documents/Robotics-Nav2-SLAM-Example/ros2_docker/colcon_ws/src/unity_slam_example'
[3.766s] INFO:colcon.colcon_core.shell:Skip shell extension 'powershell' for command environment: Not usable outside of PowerShell
[3.766s] DEBUG:colcon.colcon_core.shell:Skip shell extension 'dsv' for command environment
[4.878s] DEBUG:colcon.colcon_core.event_handler.log_command:Invoking command in '/home/jpedr/Documents/Robotics-Nav2-SLAM-Example/ros2_docker/colcon_ws/src/unity_slam_example': PYTHONPATH=/home/jpedr/Documents/Robotics-Nav2-SLAM-Example/ros2_docker/colcon_ws/install/unity_slam_example/lib/python3.10/site-packages:${PYTHONPATH} /usr/bin/python3 setup.py egg_info --egg-base ../../build/unity_slam_example build --build-base /home/jpedr/Documents/Robotics-Nav2-SLAM-Example/ros2_docker/colcon_ws/build/unity_slam_example/build install --prefix /home/jpedr/Documents/Robotics-Nav2-SLAM-Example/ros2_docker/colcon_ws/install/unity_slam_example --record /home/jpedr/Documents/Robotics-Nav2-SLAM-Example/ros2_docker/colcon_ws/build/unity_slam_example/install.log --single-version-externally-managed
[4.918s] DEBUG:colcon.colcon_core.event_handler.log_command:Invoking command in '/home/jpedr/Documents/Robotics-Nav2-SLAM-Example/ros2_docker/colcon_ws/src/control_node': PYTHONPATH=/home/jpedr/Documents/Robotics-Nav2-SLAM-Example/ros2_docker/colcon_ws/install/control_node/lib/python3.10/site-packages:${PYTHONPATH} /usr/bin/python3 setup.py egg_info --egg-base ../../build/control_node build --build-base /home/jpedr/Documents/Robotics-Nav2-SLAM-Example/ros2_docker/colcon_ws/build/control_node/build install --prefix /home/jpedr/Documents/Robotics-Nav2-SLAM-Example/ros2_docker/colcon_ws/install/control_node --record /home/jpedr/Documents/Robotics-Nav2-SLAM-Example/ros2_docker/colcon_ws/build/control_node/install.log --single-version-externally-managed
[4.979s] DEBUG:colcon.colcon_core.event_handler.log_command:Invoking command in '/home/jpedr/Documents/Robotics-Nav2-SLAM-Example/ros2_docker/colcon_ws/src/py_marker': PYTHONPATH=/home/jpedr/Documents/Robotics-Nav2-SLAM-Example/ros2_docker/colcon_ws/install/py_marker/lib/python3.10/site-packages:${PYTHONPATH} /usr/bin/python3 setup.py egg_info --egg-base ../../build/py_marker build --build-base /home/jpedr/Documents/Robotics-Nav2-SLAM-Example/ros2_docker/colcon_ws/build/py_marker/build install --prefix /home/jpedr/Documents/Robotics-Nav2-SLAM-Example/ros2_docker/colcon_ws/install/py_marker --record /home/jpedr/Documents/Robotics-Nav2-SLAM-Example/ros2_docker/colcon_ws/build/py_marker/install.log --single-version-externally-managed
[5.300s] DEBUG:colcon.colcon_core.event_handler.log_command:Invoking command in '/home/jpedr/Documents/Robotics-Nav2-SLAM-Example/ros2_docker/colcon_ws/src/ROS-TCP-Endpoint': PYTHONPATH=/home/jpedr/Documents/Robotics-Nav2-SLAM-Example/ros2_docker/colcon_ws/install/ros_tcp_endpoint/lib/python3.10/site-packages:${PYTHONPATH} /usr/bin/python3 setup.py egg_info --egg-base ../../build/ros_tcp_endpoint build --build-base /home/jpedr/Documents/Robotics-Nav2-SLAM-Example/ros2_docker/colcon_ws/build/ros_tcp_endpoint/build install --prefix /home/jpedr/Documents/Robotics-Nav2-SLAM-Example/ros2_docker/colcon_ws/install/ros_tcp_endpoint --record /home/jpedr/Documents/Robotics-Nav2-SLAM-Example/ros2_docker/colcon_ws/build/ros_tcp_endpoint/install.log --single-version-externally-managed
[6.092s] DEBUG:colcon.colcon_core.event_handler.log_command:Invoked command in '/home/jpedr/Documents/Robotics-Nav2-SLAM-Example/ros2_docker/colcon_ws/src/py_marker' returned '0': PYTHONPATH=/home/jpedr/Documents/Robotics-Nav2-SLAM-Example/ros2_docker/colcon_ws/install/py_marker/lib/python3.10/site-packages:${PYTHONPATH} /usr/bin/python3 setup.py egg_info --egg-base ../../build/py_marker build --build-base /home/jpedr/Documents/Robotics-Nav2-SLAM-Example/ros2_docker/colcon_ws/build/py_marker/build install --prefix /home/jpedr/Documents/Robotics-Nav2-SLAM-Example/ros2_docker/colcon_ws/install/py_marker --record /home/jpedr/Documents/Robotics-Nav2-SLAM-Example/ros2_docker/colcon_ws/build/py_marker/install.log --single-version-externally-managed
[6.179s] Level 1:colcon.colcon_core.environment:checking '/home/jpedr/Documents/Robotics-Nav2-SLAM-Example/ros2_docker/colcon_ws/install/py_marker' for CMake module files
[6.185s] Level 1:colcon.colcon_core.environment:checking '/home/jpedr/Documents/Robotics-Nav2-SLAM-Example/ros2_docker/colcon_ws/install/py_marker' for CMake config files
[6.198s] Level 1:colcon.colcon_core.environment:checking '/home/jpedr/Documents/Robotics-Nav2-SLAM-Example/ros2_docker/colcon_ws/install/py_marker/lib'
[6.200s] Level 1:colcon.colcon_core.environment:checking '/home/jpedr/Documents/Robotics-Nav2-SLAM-Example/ros2_docker/colcon_ws/install/py_marker/bin'
[6.202s] Level 1:colcon.colcon_core.environment:checking '/home/jpedr/Documents/Robotics-Nav2-SLAM-Example/ros2_docker/colcon_ws/install/py_marker/lib/pkgconfig/py_marker.pc'
[6.210s] Level 1:colcon.colcon_core.environment:checking '/home/jpedr/Documents/Robotics-Nav2-SLAM-Example/ros2_docker/colcon_ws/install/py_marker/lib/python3.10/site-packages'
[6.212s] Level 1:colcon.colcon_core.shell:create_environment_hook('py_marker', 'pythonpath')
[6.246s] INFO:colcon.colcon_core.shell:Creating environment hook '/home/jpedr/Documents/Robotics-Nav2-SLAM-Example/ros2_docker/colcon_ws/install/py_marker/share/py_marker/hook/pythonpath.ps1'
[6.255s] INFO:colcon.colcon_core.shell:Creating environment descriptor '/home/jpedr/Documents/Robotics-Nav2-SLAM-Example/ros2_docker/colcon_ws/install/py_marker/share/py_marker/hook/pythonpath.dsv'
[6.262s] INFO:colcon.colcon_core.shell:Creating environment hook '/home/jpedr/Documents/Robotics-Nav2-SLAM-Example/ros2_docker/colcon_ws/install/py_marker/share/py_marker/hook/pythonpath.sh'
[6.267s] Level 1:colcon.colcon_core.environment:checking '/home/jpedr/Documents/Robotics-Nav2-SLAM-Example/ros2_docker/colcon_ws/install/py_marker/bin'
[6.268s] Level 1:colcon.colcon_core.environment:create_environment_scripts_only(py_marker)
[6.301s] INFO:colcon.colcon_core.shell:Creating package script '/home/jpedr/Documents/Robotics-Nav2-SLAM-Example/ros2_docker/colcon_ws/install/py_marker/share/py_marker/package.ps1'
[6.306s] INFO:colcon.colcon_core.shell:Creating package descriptor '/home/jpedr/Documents/Robotics-Nav2-SLAM-Example/ros2_docker/colcon_ws/install/py_marker/share/py_marker/package.dsv'
[6.316s] INFO:colcon.colcon_core.shell:Creating package script '/home/jpedr/Documents/Robotics-Nav2-SLAM-Example/ros2_docker/colcon_ws/install/py_marker/share/py_marker/package.sh'
[6.318s] INFO:colcon.colcon_core.shell:Creating package script '/home/jpedr/Documents/Robotics-Nav2-SLAM-Example/ros2_docker/colcon_ws/install/py_marker/share/py_marker/package.bash'
[6.321s] INFO:colcon.colcon_core.shell:Creating package script '/home/jpedr/Documents/Robotics-Nav2-SLAM-Example/ros2_docker/colcon_ws/install/py_marker/share/py_marker/package.zsh'
[6.325s] Level 1:colcon.colcon_core.environment:create_file_with_runtime_dependencies(/home/jpedr/Documents/Robotics-Nav2-SLAM-Example/ros2_docker/colcon_ws/install/py_marker/share/colcon-core/packages/py_marker)
[6.356s] DEBUG:colcon.colcon_core.event_handler.log_command:Invoked command in '/home/jpedr/Documents/Robotics-Nav2-SLAM-Example/ros2_docker/colcon_ws/src/unity_slam_example' returned '0': PYTHONPATH=/home/jpedr/Documents/Robotics-Nav2-SLAM-Example/ros2_docker/colcon_ws/install/unity_slam_example/lib/python3.10/site-packages:${PYTHONPATH} /usr/bin/python3 setup.py egg_info --egg-base ../../build/unity_slam_example build --build-base /home/jpedr/Documents/Robotics-Nav2-SLAM-Example/ros2_docker/colcon_ws/build/unity_slam_example/build install --prefix /home/jpedr/Documents/Robotics-Nav2-SLAM-Example/ros2_docker/colcon_ws/install/unity_slam_example --record /home/jpedr/Documents/Robotics-Nav2-SLAM-Example/ros2_docker/colcon_ws/build/unity_slam_example/install.log --single-version-externally-managed
[6.370s] Level 1:colcon.colcon_core.environment:checking '/home/jpedr/Documents/Robotics-Nav2-SLAM-Example/ros2_docker/colcon_ws/install/unity_slam_example' for CMake module files
[6.372s] Level 1:colcon.colcon_core.environment:checking '/home/jpedr/Documents/Robotics-Nav2-SLAM-Example/ros2_docker/colcon_ws/install/unity_slam_example' for CMake config files
[6.373s] Level 1:colcon.colcon_core.environment:checking '/home/jpedr/Documents/Robotics-Nav2-SLAM-Example/ros2_docker/colcon_ws/install/unity_slam_example/lib'
[6.374s] Level 1:colcon.colcon_core.environment:checking '/home/jpedr/Documents/Robotics-Nav2-SLAM-Example/ros2_docker/colcon_ws/install/unity_slam_example/bin'
[6.374s] Level 1:colcon.colcon_core.environment:checking '/home/jpedr/Documents/Robotics-Nav2-SLAM-Example/ros2_docker/colcon_ws/install/unity_slam_example/lib/pkgconfig/unity_slam_example.pc'
[6.376s] Level 1:colcon.colcon_core.environment:checking '/home/jpedr/Documents/Robotics-Nav2-SLAM-Example/ros2_docker/colcon_ws/install/unity_slam_example/lib/python3.10/site-packages'
[6.377s] Level 1:colcon.colcon_core.shell:create_environment_hook('unity_slam_example', 'pythonpath')
[6.396s] INFO:colcon.colcon_core.shell:Creating environment hook '/home/jpedr/Documents/Robotics-Nav2-SLAM-Example/ros2_docker/colcon_ws/install/unity_slam_example/share/unity_slam_example/hook/pythonpath.ps1'
[6.398s] INFO:colcon.colcon_core.shell:Creating environment descriptor '/home/jpedr/Documents/Robotics-Nav2-SLAM-Example/ros2_docker/colcon_ws/install/unity_slam_example/share/unity_slam_example/hook/pythonpath.dsv'
[6.399s] INFO:colcon.colcon_core.shell:Creating environment hook '/home/jpedr/Documents/Robotics-Nav2-SLAM-Example/ros2_docker/colcon_ws/install/unity_slam_example/share/unity_slam_example/hook/pythonpath.sh'
[6.401s] Level 1:colcon.colcon_core.environment:checking '/home/jpedr/Documents/Robotics-Nav2-SLAM-Example/ros2_docker/colcon_ws/install/unity_slam_example/bin'
[6.401s] Level 1:colcon.colcon_core.environment:create_environment_scripts_only(unity_slam_example)
[6.420s] INFO:colcon.colcon_core.shell:Creating package script '/home/jpedr/Documents/Robotics-Nav2-SLAM-Example/ros2_docker/colcon_ws/install/unity_slam_example/share/unity_slam_example/package.ps1'
[6.426s] INFO:colcon.colcon_core.shell:Creating package descriptor '/home/jpedr/Documents/Robotics-Nav2-SLAM-Example/ros2_docker/colcon_ws/install/unity_slam_example/share/unity_slam_example/package.dsv'
[6.428s] INFO:colcon.colcon_core.shell:Creating package script '/home/jpedr/Documents/Robotics-Nav2-SLAM-Example/ros2_docker/colcon_ws/install/unity_slam_example/share/unity_slam_example/package.sh'
[6.429s] INFO:colcon.colcon_core.shell:Creating package script '/home/jpedr/Documents/Robotics-Nav2-SLAM-Example/ros2_docker/colcon_ws/install/unity_slam_example/share/unity_slam_example/package.bash'
[6.431s] INFO:colcon.colcon_core.shell:Creating package script '/home/jpedr/Documents/Robotics-Nav2-SLAM-Example/ros2_docker/colcon_ws/install/unity_slam_example/share/unity_slam_example/package.zsh'
[6.432s] Level 1:colcon.colcon_core.environment:create_file_with_runtime_dependencies(/home/jpedr/Documents/Robotics-Nav2-SLAM-Example/ros2_docker/colcon_ws/install/unity_slam_example/share/colcon-core/packages/unity_slam_example)
[6.546s] DEBUG:colcon.colcon_core.event_handler.log_command:Invoked command in '/home/jpedr/Documents/Robotics-Nav2-SLAM-Example/ros2_docker/colcon_ws/src/control_node' returned '0': PYTHONPATH=/home/jpedr/Documents/Robotics-Nav2-SLAM-Example/ros2_docker/colcon_ws/install/control_node/lib/python3.10/site-packages:${PYTHONPATH} /usr/bin/python3 setup.py egg_info --egg-base ../../build/control_node build --build-base /home/jpedr/Documents/Robotics-Nav2-SLAM-Example/ros2_docker/colcon_ws/build/control_node/build install --prefix /home/jpedr/Documents/Robotics-Nav2-SLAM-Example/ros2_docker/colcon_ws/install/control_node --record /home/jpedr/Documents/Robotics-Nav2-SLAM-Example/ros2_docker/colcon_ws/build/control_node/install.log --single-version-externally-managed
[6.616s] Level 1:colcon.colcon_core.environment:checking '/home/jpedr/Documents/Robotics-Nav2-SLAM-Example/ros2_docker/colcon_ws/install/control_node' for CMake module files
[6.621s] Level 1:colcon.colcon_core.environment:checking '/home/jpedr/Documents/Robotics-Nav2-SLAM-Example/ros2_docker/colcon_ws/install/control_node' for CMake config files
[6.624s] Level 1:colcon.colcon_core.environment:checking '/home/jpedr/Documents/Robotics-Nav2-SLAM-Example/ros2_docker/colcon_ws/install/control_node/lib'
[6.634s] Level 1:colcon.colcon_core.environment:checking '/home/jpedr/Documents/Robotics-Nav2-SLAM-Example/ros2_docker/colcon_ws/install/control_node/bin'
[6.660s] Level 1:colcon.colcon_core.environment:checking '/home/jpedr/Documents/Robotics-Nav2-SLAM-Example/ros2_docker/colcon_ws/install/control_node/lib/pkgconfig/control_node.pc'
[6.664s] Level 1:colcon.colcon_core.environment:checking '/home/jpedr/Documents/Robotics-Nav2-SLAM-Example/ros2_docker/colcon_ws/install/control_node/lib/python3.10/site-packages'
[6.664s] Level 1:colcon.colcon_core.shell:create_environment_hook('control_node', 'pythonpath')
[6.696s] INFO:colcon.colcon_core.shell:Creating environment hook '/home/jpedr/Documents/Robotics-Nav2-SLAM-Example/ros2_docker/colcon_ws/install/control_node/share/control_node/hook/pythonpath.ps1'
[6.697s] INFO:colcon.colcon_core.shell:Creating environment descriptor '/home/jpedr/Documents/Robotics-Nav2-SLAM-Example/ros2_docker/colcon_ws/install/control_node/share/control_node/hook/pythonpath.dsv'
[6.699s] INFO:colcon.colcon_core.shell:Creating environment hook '/home/jpedr/Documents/Robotics-Nav2-SLAM-Example/ros2_docker/colcon_ws/install/control_node/share/control_node/hook/pythonpath.sh'
[6.702s] Level 1:colcon.colcon_core.environment:checking '/home/jpedr/Documents/Robotics-Nav2-SLAM-Example/ros2_docker/colcon_ws/install/control_node/bin'
[6.702s] Level 1:colcon.colcon_core.environment:create_environment_scripts_only(control_node)
[6.718s] INFO:colcon.colcon_core.shell:Creating package script '/home/jpedr/Documents/Robotics-Nav2-SLAM-Example/ros2_docker/colcon_ws/install/control_node/share/control_node/package.ps1'
[6.721s] INFO:colcon.colcon_core.shell:Creating package descriptor '/home/jpedr/Documents/Robotics-Nav2-SLAM-Example/ros2_docker/colcon_ws/install/control_node/share/control_node/package.dsv'
[6.722s] INFO:colcon.colcon_core.shell:Creating package script '/home/jpedr/Documents/Robotics-Nav2-SLAM-Example/ros2_docker/colcon_ws/install/control_node/share/control_node/package.sh'
[6.724s] INFO:colcon.colcon_core.shell:Creating package script '/home/jpedr/Documents/Robotics-Nav2-SLAM-Example/ros2_docker/colcon_ws/install/control_node/share/control_node/package.bash'
[6.725s] INFO:colcon.colcon_core.shell:Creating package script '/home/jpedr/Documents/Robotics-Nav2-SLAM-Example/ros2_docker/colcon_ws/install/control_node/share/control_node/package.zsh'
[6.726s] Level 1:colcon.colcon_core.environment:create_file_with_runtime_dependencies(/home/jpedr/Documents/Robotics-Nav2-SLAM-Example/ros2_docker/colcon_ws/install/control_node/share/colcon-core/packages/control_node)
[6.808s] DEBUG:colcon.colcon_core.event_handler.log_command:Invoked command in '/home/jpedr/Documents/Robotics-Nav2-SLAM-Example/ros2_docker/colcon_ws/src/ROS-TCP-Endpoint' returned '0': PYTHONPATH=/home/jpedr/Documents/Robotics-Nav2-SLAM-Example/ros2_docker/colcon_ws/install/ros_tcp_endpoint/lib/python3.10/site-packages:${PYTHONPATH} /usr/bin/python3 setup.py egg_info --egg-base ../../build/ros_tcp_endpoint build --build-base /home/jpedr/Documents/Robotics-Nav2-SLAM-Example/ros2_docker/colcon_ws/build/ros_tcp_endpoint/build install --prefix /home/jpedr/Documents/Robotics-Nav2-SLAM-Example/ros2_docker/colcon_ws/install/ros_tcp_endpoint --record /home/jpedr/Documents/Robotics-Nav2-SLAM-Example/ros2_docker/colcon_ws/build/ros_tcp_endpoint/install.log --single-version-externally-managed
[6.818s] Level 1:colcon.colcon_core.environment:checking '/home/jpedr/Documents/Robotics-Nav2-SLAM-Example/ros2_docker/colcon_ws/install/ros_tcp_endpoint' for CMake module files
[6.819s] Level 1:colcon.colcon_core.environment:checking '/home/jpedr/Documents/Robotics-Nav2-SLAM-Example/ros2_docker/colcon_ws/install/ros_tcp_endpoint' for CMake config files
[6.821s] Level 1:colcon.colcon_core.environment:checking '/home/jpedr/Documents/Robotics-Nav2-SLAM-Example/ros2_docker/colcon_ws/install/ros_tcp_endpoint/lib'
[6.822s] Level 1:colcon.colcon_core.environment:checking '/home/jpedr/Documents/Robotics-Nav2-SLAM-Example/ros2_docker/colcon_ws/install/ros_tcp_endpoint/bin'
[6.822s] Level 1:colcon.colcon_core.environment:checking '/home/jpedr/Documents/Robotics-Nav2-SLAM-Example/ros2_docker/colcon_ws/install/ros_tcp_endpoint/lib/pkgconfig/ros_tcp_endpoint.pc'
[6.823s] Level 1:colcon.colcon_core.environment:checking '/home/jpedr/Documents/Robotics-Nav2-SLAM-Example/ros2_docker/colcon_ws/install/ros_tcp_endpoint/lib/python3.10/site-packages'
[6.823s] Level 1:colcon.colcon_core.shell:create_environment_hook('ros_tcp_endpoint', 'pythonpath')
[6.836s] INFO:colcon.colcon_core.shell:Creating environment hook '/home/jpedr/Documents/Robotics-Nav2-SLAM-Example/ros2_docker/colcon_ws/install/ros_tcp_endpoint/share/ros_tcp_endpoint/hook/pythonpath.ps1'
[6.837s] INFO:colcon.colcon_core.shell:Creating environment descriptor '/home/jpedr/Documents/Robotics-Nav2-SLAM-Example/ros2_docker/colcon_ws/install/ros_tcp_endpoint/share/ros_tcp_endpoint/hook/pythonpath.dsv'
[6.838s] INFO:colcon.colcon_core.shell:Creating environment hook '/home/jpedr/Documents/Robotics-Nav2-SLAM-Example/ros2_docker/colcon_ws/install/ros_tcp_endpoint/share/ros_tcp_endpoint/hook/pythonpath.sh'
[6.840s] Level 1:colcon.colcon_core.environment:checking '/home/jpedr/Documents/Robotics-Nav2-SLAM-Example/ros2_docker/colcon_ws/install/ros_tcp_endpoint/bin'
[6.840s] Level 1:colcon.colcon_core.environment:create_environment_scripts_only(ros_tcp_endpoint)
[6.848s] INFO:colcon.colcon_core.shell:Creating package script '/home/jpedr/Documents/Robotics-Nav2-SLAM-Example/ros2_docker/colcon_ws/install/ros_tcp_endpoint/share/ros_tcp_endpoint/package.ps1'
[6.849s] INFO:colcon.colcon_core.shell:Creating package descriptor '/home/jpedr/Documents/Robotics-Nav2-SLAM-Example/ros2_docker/colcon_ws/install/ros_tcp_endpoint/share/ros_tcp_endpoint/package.dsv'
[6.850s] INFO:colcon.colcon_core.shell:Creating package script '/home/jpedr/Documents/Robotics-Nav2-SLAM-Example/ros2_docker/colcon_ws/install/ros_tcp_endpoint/share/ros_tcp_endpoint/package.sh'
[6.851s] INFO:colcon.colcon_core.shell:Creating package script '/home/jpedr/Documents/Robotics-Nav2-SLAM-Example/ros2_docker/colcon_ws/install/ros_tcp_endpoint/share/ros_tcp_endpoint/package.bash'
[6.851s] INFO:colcon.colcon_core.shell:Creating package script '/home/jpedr/Documents/Robotics-Nav2-SLAM-Example/ros2_docker/colcon_ws/install/ros_tcp_endpoint/share/ros_tcp_endpoint/package.zsh'
[6.852s] Level 1:colcon.colcon_core.environment:create_file_with_runtime_dependencies(/home/jpedr/Documents/Robotics-Nav2-SLAM-Example/ros2_docker/colcon_ws/install/ros_tcp_endpoint/share/colcon-core/packages/ros_tcp_endpoint)
[6.852s] DEBUG:colcon.colcon_parallel_executor.executor.parallel:closing loop
[6.853s] DEBUG:colcon.colcon_parallel_executor.executor.parallel:loop closed
[6.854s] DEBUG:colcon.colcon_parallel_executor.executor.parallel:run_until_complete finished with '0'
[6.854s] DEBUG:colcon.colcon_core.event_reactor:joining thread
[6.883s] INFO:colcon.colcon_core.plugin_system:Skipping extension 'colcon_notification.desktop_notification.notify_send': Could not find 'notify-send'
[6.883s] INFO:colcon.colcon_core.plugin_system:Skipping extension 'colcon_notification.desktop_notification.terminal_notifier': Not used on non-Darwin systems
[6.884s] INFO:colcon.colcon_core.plugin_system:Skipping extension 'colcon_notification.desktop_notification.win32': Not used on non-Windows systems
[6.884s] INFO:colcon.colcon_notification.desktop_notification:Sending desktop notification using 'notify2'
[6.908s] DEBUG:colcon.colcon_core.event_reactor:joined thread
[6.917s] INFO:colcon.colcon_core.shell:Creating prefix script '/home/jpedr/Documents/Robotics-Nav2-SLAM-Example/ros2_docker/colcon_ws/install/local_setup.ps1'
[6.918s] INFO:colcon.colcon_core.shell:Creating prefix util module '/home/jpedr/Documents/Robotics-Nav2-SLAM-Example/ros2_docker/colcon_ws/install/_local_setup_util_ps1.py'
[6.922s] INFO:colcon.colcon_core.shell:Creating prefix chain script '/home/jpedr/Documents/Robotics-Nav2-SLAM-Example/ros2_docker/colcon_ws/install/setup.ps1'
[6.933s] INFO:colcon.colcon_core.shell:Creating prefix script '/home/jpedr/Documents/Robotics-Nav2-SLAM-Example/ros2_docker/colcon_ws/install/local_setup.sh'
[6.933s] INFO:colcon.colcon_core.shell:Creating prefix util module '/home/jpedr/Documents/Robotics-Nav2-SLAM-Example/ros2_docker/colcon_ws/install/_local_setup_util_sh.py'
[6.934s] INFO:colcon.colcon_core.shell:Creating prefix chain script '/home/jpedr/Documents/Robotics-Nav2-SLAM-Example/ros2_docker/colcon_ws/install/setup.sh'
[6.946s] INFO:colcon.colcon_core.shell:Creating prefix script '/home/jpedr/Documents/Robotics-Nav2-SLAM-Example/ros2_docker/colcon_ws/install/local_setup.bash'
[6.947s] INFO:colcon.colcon_core.shell:Creating prefix chain script '/home/jpedr/Documents/Robotics-Nav2-SLAM-Example/ros2_docker/colcon_ws/install/setup.bash'
[6.957s] INFO:colcon.colcon_core.shell:Creating prefix script '/home/jpedr/Documents/Robotics-Nav2-SLAM-Example/ros2_docker/colcon_ws/install/local_setup.zsh'
[6.958s] INFO:colcon.colcon_core.shell:Creating prefix chain script '/home/jpedr/Documents/Robotics-Nav2-SLAM-Example/ros2_docker/colcon_ws/install/setup.zsh'
