[0.234s] Invoking command in '/home/jpedr/Documents/Robotics-Nav2-SLAM-Example/ros2_docker/colcon_ws/build/custom_interfaces': CMAKE_PREFIX_PATH=${CMAKE_PREFIX_PATH}:/home/jpedr/Documents/Robotics-Nav2-SLAM-Example/ros2_docker/colcon_ws/install/unity_slam_example:/home/jpedr/Documents/Robotics-Nav2-SLAM-Example/ros2_docker/colcon_ws/install/ros_tcp_endpoint:/home/jpedr/Documents/Robotics-Nav2-SLAM-Example/ros2_docker/colcon_ws/install/py_marker:/home/jpedr/Documents/Robotics-Nav2-SLAM-Example/ros2_docker/colcon_ws/install/control_node:/opt/ros/humble /usr/bin/cmake --build /home/jpedr/Documents/Robotics-Nav2-SLAM-Example/ros2_docker/colcon_ws/build/custom_interfaces -- -j4 -l4
[1.067s] [  2%] Built target custom_interfaces__cpp
[1.069s] [  2%] Built target ament_cmake_python_copy_custom_interfaces
[1.070s] [ 12%] Built target custom_interfaces__rosidl_typesupport_fastrtps_cpp
[1.070s] [ 23%] Built target custom_interfaces__rosidl_typesupport_introspection_cpp
[1.246s] running egg_info
[1.249s] writing custom_interfaces.egg-info/PKG-INFO
[1.249s] writing dependency_links to custom_interfaces.egg-info/dependency_links.txt
[1.250s] writing top-level names to custom_interfaces.egg-info/top_level.txt
[1.254s] reading manifest file 'custom_interfaces.egg-info/SOURCES.txt'
[1.256s] writing manifest file 'custom_interfaces.egg-info/SOURCES.txt'
[1.316s] [ 23%] Built target ament_cmake_python_build_custom_interfaces_egg
[1.367s] [ 33%] Built target custom_interfaces__rosidl_typesupport_cpp
[1.414s] [ 43%] Built target custom_interfaces__rosidl_generator_c
[1.463s] [ 53%] Built target custom_interfaces__rosidl_typesupport_fastrtps_c
[1.508s] [ 64%] Built target custom_interfaces__rosidl_typesupport_c
[1.555s] [ 74%] Built target custom_interfaces__rosidl_typesupport_introspection_c
[1.604s] [ 74%] Built target custom_interfaces
[1.649s] [ 76%] Built target custom_interfaces__py
[1.697s] [ 84%] Built target custom_interfaces__rosidl_generator_py
[1.751s] [ 89%] Built target custom_interfaces__rosidl_typesupport_fastrtps_c__pyext
[1.800s] [ 94%] Built target custom_interfaces__rosidl_typesupport_c__pyext
[1.852s] [100%] Built target custom_interfaces__rosidl_typesupport_introspection_c__pyext
[1.896s] Invoked command in '/home/jpedr/Documents/Robotics-Nav2-SLAM-Example/ros2_docker/colcon_ws/build/custom_interfaces' returned '0': CMAKE_PREFIX_PATH=${CMAKE_PREFIX_PATH}:/home/jpedr/Documents/Robotics-Nav2-SLAM-Example/ros2_docker/colcon_ws/install/unity_slam_example:/home/jpedr/Documents/Robotics-Nav2-SLAM-Example/ros2_docker/colcon_ws/install/ros_tcp_endpoint:/home/jpedr/Documents/Robotics-Nav2-SLAM-Example/ros2_docker/colcon_ws/install/py_marker:/home/jpedr/Documents/Robotics-Nav2-SLAM-Example/ros2_docker/colcon_ws/install/control_node:/opt/ros/humble /usr/bin/cmake --build /home/jpedr/Documents/Robotics-Nav2-SLAM-Example/ros2_docker/colcon_ws/build/custom_interfaces -- -j4 -l4
[2.138s] Invoking command in '/home/jpedr/Documents/Robotics-Nav2-SLAM-Example/ros2_docker/colcon_ws/build/custom_interfaces': CMAKE_PREFIX_PATH=${CMAKE_PREFIX_PATH}:/home/jpedr/Documents/Robotics-Nav2-SLAM-Example/ros2_docker/colcon_ws/install/unity_slam_example:/home/jpedr/Documents/Robotics-Nav2-SLAM-Example/ros2_docker/colcon_ws/install/ros_tcp_endpoint:/home/jpedr/Documents/Robotics-Nav2-SLAM-Example/ros2_docker/colcon_ws/install/py_marker:/home/jpedr/Documents/Robotics-Nav2-SLAM-Example/ros2_docker/colcon_ws/install/control_node:/opt/ros/humble /usr/bin/cmake --install /home/jpedr/Documents/Robotics-Nav2-SLAM-Example/ros2_docker/colcon_ws/build/custom_interfaces
[2.161s] -- Install configuration: ""
[2.162s] -- Up-to-date: /home/jpedr/Documents/Robotics-Nav2-SLAM-Example/ros2_docker/colcon_ws/install/custom_interfaces/share/ament_index/resource_index/rosidl_interfaces/custom_interfaces
[2.162s] -- Up-to-date: /home/jpedr/Documents/Robotics-Nav2-SLAM-Example/ros2_docker/colcon_ws/install/custom_interfaces/include/custom_interfaces/custom_interfaces
[2.163s] -- Up-to-date: /home/jpedr/Documents/Robotics-Nav2-SLAM-Example/ros2_docker/colcon_ws/install/custom_interfaces/include/custom_interfaces/custom_interfaces/msg
[2.163s] -- Up-to-date: /home/jpedr/Documents/Robotics-Nav2-SLAM-Example/ros2_docker/colcon_ws/install/custom_interfaces/include/custom_interfaces/custom_interfaces/msg/rosidl_generator_c__visibility_control.h
[2.163s] -- Up-to-date: /home/jpedr/Documents/Robotics-Nav2-SLAM-Example/ros2_docker/colcon_ws/install/custom_interfaces/include/custom_interfaces/custom_interfaces/msg/iotdevicerequest.h
[2.164s] -- Up-to-date: /home/jpedr/Documents/Robotics-Nav2-SLAM-Example/ros2_docker/colcon_ws/install/custom_interfaces/include/custom_interfaces/custom_interfaces/msg/iot_device_request.h
[2.164s] -- Up-to-date: /home/jpedr/Documents/Robotics-Nav2-SLAM-Example/ros2_docker/colcon_ws/install/custom_interfaces/include/custom_interfaces/custom_interfaces/msg/iotbattery.h
[2.165s] -- Up-to-date: /home/jpedr/Documents/Robotics-Nav2-SLAM-Example/ros2_docker/colcon_ws/install/custom_interfaces/include/custom_interfaces/custom_interfaces/msg/detail
[2.165s] -- Up-to-date: /home/jpedr/Documents/Robotics-Nav2-SLAM-Example/ros2_docker/colcon_ws/install/custom_interfaces/include/custom_interfaces/custom_interfaces/msg/detail/iotbattery__functions.h
[2.165s] -- Up-to-date: /home/jpedr/Documents/Robotics-Nav2-SLAM-Example/ros2_docker/colcon_ws/install/custom_interfaces/include/custom_interfaces/custom_interfaces/msg/detail/iotdevicerequest__type_support.h
[2.166s] -- Up-to-date: /home/jpedr/Documents/Robotics-Nav2-SLAM-Example/ros2_docker/colcon_ws/install/custom_interfaces/include/custom_interfaces/custom_interfaces/msg/detail/iot_device_request__type_support.h
[2.166s] -- Up-to-date: /home/jpedr/Documents/Robotics-Nav2-SLAM-Example/ros2_docker/colcon_ws/install/custom_interfaces/include/custom_interfaces/custom_interfaces/msg/detail/iotdevicerequest__struct.h
[2.167s] -- Up-to-date: /home/jpedr/Documents/Robotics-Nav2-SLAM-Example/ros2_docker/colcon_ws/install/custom_interfaces/include/custom_interfaces/custom_interfaces/msg/detail/iot_battery__struct.h
[2.167s] -- Up-to-date: /home/jpedr/Documents/Robotics-Nav2-SLAM-Example/ros2_docker/colcon_ws/install/custom_interfaces/include/custom_interfaces/custom_interfaces/msg/detail/iotbattery__type_support.h
[2.167s] -- Up-to-date: /home/jpedr/Documents/Robotics-Nav2-SLAM-Example/ros2_docker/colcon_ws/install/custom_interfaces/include/custom_interfaces/custom_interfaces/msg/detail/iotbattery__struct.h
[2.168s] -- Up-to-date: /home/jpedr/Documents/Robotics-Nav2-SLAM-Example/ros2_docker/colcon_ws/install/custom_interfaces/include/custom_interfaces/custom_interfaces/msg/detail/iot_battery__functions.h
[2.168s] -- Up-to-date: /home/jpedr/Documents/Robotics-Nav2-SLAM-Example/ros2_docker/colcon_ws/install/custom_interfaces/include/custom_interfaces/custom_interfaces/msg/detail/iot_device_request__functions.h
[2.168s] -- Up-to-date: /home/jpedr/Documents/Robotics-Nav2-SLAM-Example/ros2_docker/colcon_ws/install/custom_interfaces/include/custom_interfaces/custom_interfaces/msg/detail/iotdevicerequest__functions.c
[2.168s] -- Up-to-date: /home/jpedr/Documents/Robotics-Nav2-SLAM-Example/ros2_docker/colcon_ws/install/custom_interfaces/include/custom_interfaces/custom_interfaces/msg/detail/iotdevicerequest__functions.h
[2.169s] -- Up-to-date: /home/jpedr/Documents/Robotics-Nav2-SLAM-Example/ros2_docker/colcon_ws/install/custom_interfaces/include/custom_interfaces/custom_interfaces/msg/detail/iot_battery__type_support.h
[2.170s] -- Up-to-date: /home/jpedr/Documents/Robotics-Nav2-SLAM-Example/ros2_docker/colcon_ws/install/custom_interfaces/include/custom_interfaces/custom_interfaces/msg/detail/iot_battery__functions.c
[2.170s] -- Up-to-date: /home/jpedr/Documents/Robotics-Nav2-SLAM-Example/ros2_docker/colcon_ws/install/custom_interfaces/include/custom_interfaces/custom_interfaces/msg/detail/iot_device_request__struct.h
[2.170s] -- Up-to-date: /home/jpedr/Documents/Robotics-Nav2-SLAM-Example/ros2_docker/colcon_ws/install/custom_interfaces/include/custom_interfaces/custom_interfaces/msg/detail/iot_device_request__functions.c
[2.171s] -- Up-to-date: /home/jpedr/Documents/Robotics-Nav2-SLAM-Example/ros2_docker/colcon_ws/install/custom_interfaces/include/custom_interfaces/custom_interfaces/msg/detail/iotbattery__functions.c
[2.172s] -- Up-to-date: /home/jpedr/Documents/Robotics-Nav2-SLAM-Example/ros2_docker/colcon_ws/install/custom_interfaces/include/custom_interfaces/custom_interfaces/msg/iot_battery.h
[2.172s] -- Up-to-date: /home/jpedr/Documents/Robotics-Nav2-SLAM-Example/ros2_docker/colcon_ws/install/custom_interfaces/share/custom_interfaces/environment/library_path.sh
[2.173s] -- Up-to-date: /home/jpedr/Documents/Robotics-Nav2-SLAM-Example/ros2_docker/colcon_ws/install/custom_interfaces/share/custom_interfaces/environment/library_path.dsv
[2.173s] -- Up-to-date: /home/jpedr/Documents/Robotics-Nav2-SLAM-Example/ros2_docker/colcon_ws/install/custom_interfaces/lib/libcustom_interfaces__rosidl_generator_c.so
[2.173s] -- Up-to-date: /home/jpedr/Documents/Robotics-Nav2-SLAM-Example/ros2_docker/colcon_ws/install/custom_interfaces/include/custom_interfaces/custom_interfaces
[2.173s] -- Up-to-date: /home/jpedr/Documents/Robotics-Nav2-SLAM-Example/ros2_docker/colcon_ws/install/custom_interfaces/include/custom_interfaces/custom_interfaces/msg
[2.174s] -- Up-to-date: /home/jpedr/Documents/Robotics-Nav2-SLAM-Example/ros2_docker/colcon_ws/install/custom_interfaces/include/custom_interfaces/custom_interfaces/msg/rosidl_typesupport_fastrtps_c__visibility_control.h
[2.174s] -- Up-to-date: /home/jpedr/Documents/Robotics-Nav2-SLAM-Example/ros2_docker/colcon_ws/install/custom_interfaces/include/custom_interfaces/custom_interfaces/msg/detail
[2.174s] -- Up-to-date: /home/jpedr/Documents/Robotics-Nav2-SLAM-Example/ros2_docker/colcon_ws/install/custom_interfaces/include/custom_interfaces/custom_interfaces/msg/detail/iotdevicerequest__rosidl_typesupport_fastrtps_c.h
[2.174s] -- Up-to-date: /home/jpedr/Documents/Robotics-Nav2-SLAM-Example/ros2_docker/colcon_ws/install/custom_interfaces/include/custom_interfaces/custom_interfaces/msg/detail/iot_device_request__rosidl_typesupport_fastrtps_c.h
[2.175s] -- Up-to-date: /home/jpedr/Documents/Robotics-Nav2-SLAM-Example/ros2_docker/colcon_ws/install/custom_interfaces/include/custom_interfaces/custom_interfaces/msg/detail/iotbattery__rosidl_typesupport_fastrtps_c.h
[2.175s] -- Up-to-date: /home/jpedr/Documents/Robotics-Nav2-SLAM-Example/ros2_docker/colcon_ws/install/custom_interfaces/include/custom_interfaces/custom_interfaces/msg/detail/iot_battery__rosidl_typesupport_fastrtps_c.h
[2.175s] -- Up-to-date: /home/jpedr/Documents/Robotics-Nav2-SLAM-Example/ros2_docker/colcon_ws/install/custom_interfaces/lib/libcustom_interfaces__rosidl_typesupport_fastrtps_c.so
[2.176s] -- Up-to-date: /home/jpedr/Documents/Robotics-Nav2-SLAM-Example/ros2_docker/colcon_ws/install/custom_interfaces/include/custom_interfaces/custom_interfaces
[2.177s] -- Up-to-date: /home/jpedr/Documents/Robotics-Nav2-SLAM-Example/ros2_docker/colcon_ws/install/custom_interfaces/include/custom_interfaces/custom_interfaces/msg
[2.177s] -- Up-to-date: /home/jpedr/Documents/Robotics-Nav2-SLAM-Example/ros2_docker/colcon_ws/install/custom_interfaces/include/custom_interfaces/custom_interfaces/msg/detail
[2.177s] -- Up-to-date: /home/jpedr/Documents/Robotics-Nav2-SLAM-Example/ros2_docker/colcon_ws/install/custom_interfaces/include/custom_interfaces/custom_interfaces/msg/detail/iot_battery__rosidl_typesupport_introspection_c.h
[2.177s] -- Up-to-date: /home/jpedr/Documents/Robotics-Nav2-SLAM-Example/ros2_docker/colcon_ws/install/custom_interfaces/include/custom_interfaces/custom_interfaces/msg/detail/iotbattery__rosidl_typesupport_introspection_c.h
[2.177s] -- Up-to-date: /home/jpedr/Documents/Robotics-Nav2-SLAM-Example/ros2_docker/colcon_ws/install/custom_interfaces/include/custom_interfaces/custom_interfaces/msg/detail/iotdevicerequest__rosidl_typesupport_introspection_c.h
[2.178s] -- Up-to-date: /home/jpedr/Documents/Robotics-Nav2-SLAM-Example/ros2_docker/colcon_ws/install/custom_interfaces/include/custom_interfaces/custom_interfaces/msg/detail/iotbattery__type_support.c
[2.178s] -- Up-to-date: /home/jpedr/Documents/Robotics-Nav2-SLAM-Example/ros2_docker/colcon_ws/install/custom_interfaces/include/custom_interfaces/custom_interfaces/msg/detail/iot_device_request__type_support.c
[2.178s] -- Up-to-date: /home/jpedr/Documents/Robotics-Nav2-SLAM-Example/ros2_docker/colcon_ws/install/custom_interfaces/include/custom_interfaces/custom_interfaces/msg/detail/iot_battery__type_support.c
[2.178s] -- Up-to-date: /home/jpedr/Documents/Robotics-Nav2-SLAM-Example/ros2_docker/colcon_ws/install/custom_interfaces/include/custom_interfaces/custom_interfaces/msg/detail/iot_device_request__rosidl_typesupport_introspection_c.h
[2.178s] -- Up-to-date: /home/jpedr/Documents/Robotics-Nav2-SLAM-Example/ros2_docker/colcon_ws/install/custom_interfaces/include/custom_interfaces/custom_interfaces/msg/detail/iotdevicerequest__type_support.c
[2.178s] -- Up-to-date: /home/jpedr/Documents/Robotics-Nav2-SLAM-Example/ros2_docker/colcon_ws/install/custom_interfaces/include/custom_interfaces/custom_interfaces/msg/rosidl_typesupport_introspection_c__visibility_control.h
[2.179s] -- Up-to-date: /home/jpedr/Documents/Robotics-Nav2-SLAM-Example/ros2_docker/colcon_ws/install/custom_interfaces/lib/libcustom_interfaces__rosidl_typesupport_introspection_c.so
[2.179s] -- Up-to-date: /home/jpedr/Documents/Robotics-Nav2-SLAM-Example/ros2_docker/colcon_ws/install/custom_interfaces/lib/libcustom_interfaces__rosidl_typesupport_c.so
[2.179s] -- Up-to-date: /home/jpedr/Documents/Robotics-Nav2-SLAM-Example/ros2_docker/colcon_ws/install/custom_interfaces/include/custom_interfaces/custom_interfaces
[2.179s] -- Up-to-date: /home/jpedr/Documents/Robotics-Nav2-SLAM-Example/ros2_docker/colcon_ws/install/custom_interfaces/include/custom_interfaces/custom_interfaces/msg
[2.179s] -- Up-to-date: /home/jpedr/Documents/Robotics-Nav2-SLAM-Example/ros2_docker/colcon_ws/install/custom_interfaces/include/custom_interfaces/custom_interfaces/msg/iot_device_request.hpp
[2.180s] -- Up-to-date: /home/jpedr/Documents/Robotics-Nav2-SLAM-Example/ros2_docker/colcon_ws/install/custom_interfaces/include/custom_interfaces/custom_interfaces/msg/iot_battery.hpp
[2.180s] -- Up-to-date: /home/jpedr/Documents/Robotics-Nav2-SLAM-Example/ros2_docker/colcon_ws/install/custom_interfaces/include/custom_interfaces/custom_interfaces/msg/iotbattery.hpp
[2.180s] -- Up-to-date: /home/jpedr/Documents/Robotics-Nav2-SLAM-Example/ros2_docker/colcon_ws/install/custom_interfaces/include/custom_interfaces/custom_interfaces/msg/detail
[2.181s] -- Up-to-date: /home/jpedr/Documents/Robotics-Nav2-SLAM-Example/ros2_docker/colcon_ws/install/custom_interfaces/include/custom_interfaces/custom_interfaces/msg/detail/iot_battery__traits.hpp
[2.181s] -- Up-to-date: /home/jpedr/Documents/Robotics-Nav2-SLAM-Example/ros2_docker/colcon_ws/install/custom_interfaces/include/custom_interfaces/custom_interfaces/msg/detail/iotbattery__traits.hpp
[2.182s] -- Up-to-date: /home/jpedr/Documents/Robotics-Nav2-SLAM-Example/ros2_docker/colcon_ws/install/custom_interfaces/include/custom_interfaces/custom_interfaces/msg/detail/iot_device_request__struct.hpp
[2.182s] -- Up-to-date: /home/jpedr/Documents/Robotics-Nav2-SLAM-Example/ros2_docker/colcon_ws/install/custom_interfaces/include/custom_interfaces/custom_interfaces/msg/detail/iotbattery__struct.hpp
[2.182s] -- Up-to-date: /home/jpedr/Documents/Robotics-Nav2-SLAM-Example/ros2_docker/colcon_ws/install/custom_interfaces/include/custom_interfaces/custom_interfaces/msg/detail/iot_device_request__builder.hpp
[2.182s] -- Up-to-date: /home/jpedr/Documents/Robotics-Nav2-SLAM-Example/ros2_docker/colcon_ws/install/custom_interfaces/include/custom_interfaces/custom_interfaces/msg/detail/iotdevicerequest__traits.hpp
[2.182s] -- Up-to-date: /home/jpedr/Documents/Robotics-Nav2-SLAM-Example/ros2_docker/colcon_ws/install/custom_interfaces/include/custom_interfaces/custom_interfaces/msg/detail/iot_device_request__traits.hpp
[2.182s] -- Up-to-date: /home/jpedr/Documents/Robotics-Nav2-SLAM-Example/ros2_docker/colcon_ws/install/custom_interfaces/include/custom_interfaces/custom_interfaces/msg/detail/iotdevicerequest__builder.hpp
[2.183s] -- Up-to-date: /home/jpedr/Documents/Robotics-Nav2-SLAM-Example/ros2_docker/colcon_ws/install/custom_interfaces/include/custom_interfaces/custom_interfaces/msg/detail/iot_battery__builder.hpp
[2.183s] -- Up-to-date: /home/jpedr/Documents/Robotics-Nav2-SLAM-Example/ros2_docker/colcon_ws/install/custom_interfaces/include/custom_interfaces/custom_interfaces/msg/detail/iotbattery__builder.hpp
[2.183s] -- Up-to-date: /home/jpedr/Documents/Robotics-Nav2-SLAM-Example/ros2_docker/colcon_ws/install/custom_interfaces/include/custom_interfaces/custom_interfaces/msg/detail/iot_battery__struct.hpp
[2.183s] -- Up-to-date: /home/jpedr/Documents/Robotics-Nav2-SLAM-Example/ros2_docker/colcon_ws/install/custom_interfaces/include/custom_interfaces/custom_interfaces/msg/detail/iotdevicerequest__struct.hpp
[2.183s] -- Up-to-date: /home/jpedr/Documents/Robotics-Nav2-SLAM-Example/ros2_docker/colcon_ws/install/custom_interfaces/include/custom_interfaces/custom_interfaces/msg/iotdevicerequest.hpp
[2.183s] -- Up-to-date: /home/jpedr/Documents/Robotics-Nav2-SLAM-Example/ros2_docker/colcon_ws/install/custom_interfaces/include/custom_interfaces/custom_interfaces
[2.184s] -- Up-to-date: /home/jpedr/Documents/Robotics-Nav2-SLAM-Example/ros2_docker/colcon_ws/install/custom_interfaces/include/custom_interfaces/custom_interfaces/msg
[2.184s] -- Up-to-date: /home/jpedr/Documents/Robotics-Nav2-SLAM-Example/ros2_docker/colcon_ws/install/custom_interfaces/include/custom_interfaces/custom_interfaces/msg/detail
[2.184s] -- Up-to-date: /home/jpedr/Documents/Robotics-Nav2-SLAM-Example/ros2_docker/colcon_ws/install/custom_interfaces/include/custom_interfaces/custom_interfaces/msg/detail/iotbattery__rosidl_typesupport_fastrtps_cpp.hpp
[2.184s] -- Up-to-date: /home/jpedr/Documents/Robotics-Nav2-SLAM-Example/ros2_docker/colcon_ws/install/custom_interfaces/include/custom_interfaces/custom_interfaces/msg/detail/iotdevicerequest__rosidl_typesupport_fastrtps_cpp.hpp
[2.184s] -- Up-to-date: /home/jpedr/Documents/Robotics-Nav2-SLAM-Example/ros2_docker/colcon_ws/install/custom_interfaces/include/custom_interfaces/custom_interfaces/msg/detail/dds_fastrtps
[2.184s] -- Up-to-date: /home/jpedr/Documents/Robotics-Nav2-SLAM-Example/ros2_docker/colcon_ws/install/custom_interfaces/include/custom_interfaces/custom_interfaces/msg/detail/iot_battery__rosidl_typesupport_fastrtps_cpp.hpp
[2.185s] -- Up-to-date: /home/jpedr/Documents/Robotics-Nav2-SLAM-Example/ros2_docker/colcon_ws/install/custom_interfaces/include/custom_interfaces/custom_interfaces/msg/detail/iot_device_request__rosidl_typesupport_fastrtps_cpp.hpp
[2.185s] -- Up-to-date: /home/jpedr/Documents/Robotics-Nav2-SLAM-Example/ros2_docker/colcon_ws/install/custom_interfaces/include/custom_interfaces/custom_interfaces/msg/rosidl_typesupport_fastrtps_cpp__visibility_control.h
[2.185s] -- Up-to-date: /home/jpedr/Documents/Robotics-Nav2-SLAM-Example/ros2_docker/colcon_ws/install/custom_interfaces/lib/libcustom_interfaces__rosidl_typesupport_fastrtps_cpp.so
[2.185s] -- Up-to-date: /home/jpedr/Documents/Robotics-Nav2-SLAM-Example/ros2_docker/colcon_ws/install/custom_interfaces/include/custom_interfaces/custom_interfaces
[2.185s] -- Up-to-date: /home/jpedr/Documents/Robotics-Nav2-SLAM-Example/ros2_docker/colcon_ws/install/custom_interfaces/include/custom_interfaces/custom_interfaces/msg
[2.185s] -- Up-to-date: /home/jpedr/Documents/Robotics-Nav2-SLAM-Example/ros2_docker/colcon_ws/install/custom_interfaces/include/custom_interfaces/custom_interfaces/msg/detail
[2.186s] -- Up-to-date: /home/jpedr/Documents/Robotics-Nav2-SLAM-Example/ros2_docker/colcon_ws/install/custom_interfaces/include/custom_interfaces/custom_interfaces/msg/detail/iotbattery__type_support.cpp
[2.186s] -- Up-to-date: /home/jpedr/Documents/Robotics-Nav2-SLAM-Example/ros2_docker/colcon_ws/install/custom_interfaces/include/custom_interfaces/custom_interfaces/msg/detail/iot_device_request__type_support.cpp
[2.186s] -- Up-to-date: /home/jpedr/Documents/Robotics-Nav2-SLAM-Example/ros2_docker/colcon_ws/install/custom_interfaces/include/custom_interfaces/custom_interfaces/msg/detail/iotdevicerequest__rosidl_typesupport_introspection_cpp.hpp
[2.186s] -- Up-to-date: /home/jpedr/Documents/Robotics-Nav2-SLAM-Example/ros2_docker/colcon_ws/install/custom_interfaces/include/custom_interfaces/custom_interfaces/msg/detail/iotdevicerequest__type_support.cpp
[2.186s] -- Up-to-date: /home/jpedr/Documents/Robotics-Nav2-SLAM-Example/ros2_docker/colcon_ws/install/custom_interfaces/include/custom_interfaces/custom_interfaces/msg/detail/iot_battery__rosidl_typesupport_introspection_cpp.hpp
[2.187s] -- Up-to-date: /home/jpedr/Documents/Robotics-Nav2-SLAM-Example/ros2_docker/colcon_ws/install/custom_interfaces/include/custom_interfaces/custom_interfaces/msg/detail/iot_device_request__rosidl_typesupport_introspection_cpp.hpp
[2.187s] -- Up-to-date: /home/jpedr/Documents/Robotics-Nav2-SLAM-Example/ros2_docker/colcon_ws/install/custom_interfaces/include/custom_interfaces/custom_interfaces/msg/detail/iotbattery__rosidl_typesupport_introspection_cpp.hpp
[2.187s] -- Up-to-date: /home/jpedr/Documents/Robotics-Nav2-SLAM-Example/ros2_docker/colcon_ws/install/custom_interfaces/include/custom_interfaces/custom_interfaces/msg/detail/iot_battery__type_support.cpp
[2.187s] -- Up-to-date: /home/jpedr/Documents/Robotics-Nav2-SLAM-Example/ros2_docker/colcon_ws/install/custom_interfaces/lib/libcustom_interfaces__rosidl_typesupport_introspection_cpp.so
[2.187s] -- Up-to-date: /home/jpedr/Documents/Robotics-Nav2-SLAM-Example/ros2_docker/colcon_ws/install/custom_interfaces/lib/libcustom_interfaces__rosidl_typesupport_cpp.so
[2.187s] -- Up-to-date: /home/jpedr/Documents/Robotics-Nav2-SLAM-Example/ros2_docker/colcon_ws/install/custom_interfaces/share/custom_interfaces/environment/pythonpath.sh
[2.188s] -- Up-to-date: /home/jpedr/Documents/Robotics-Nav2-SLAM-Example/ros2_docker/colcon_ws/install/custom_interfaces/share/custom_interfaces/environment/pythonpath.dsv
[2.188s] -- Up-to-date: /home/jpedr/Documents/Robotics-Nav2-SLAM-Example/ros2_docker/colcon_ws/install/custom_interfaces/local/lib/python3.10/dist-packages/custom_interfaces-0.0.0-py3.10.egg-info
[2.188s] -- Installing: /home/jpedr/Documents/Robotics-Nav2-SLAM-Example/ros2_docker/colcon_ws/install/custom_interfaces/local/lib/python3.10/dist-packages/custom_interfaces-0.0.0-py3.10.egg-info/top_level.txt
[2.188s] -- Installing: /home/jpedr/Documents/Robotics-Nav2-SLAM-Example/ros2_docker/colcon_ws/install/custom_interfaces/local/lib/python3.10/dist-packages/custom_interfaces-0.0.0-py3.10.egg-info/PKG-INFO
[2.188s] -- Installing: /home/jpedr/Documents/Robotics-Nav2-SLAM-Example/ros2_docker/colcon_ws/install/custom_interfaces/local/lib/python3.10/dist-packages/custom_interfaces-0.0.0-py3.10.egg-info/SOURCES.txt
[2.189s] -- Installing: /home/jpedr/Documents/Robotics-Nav2-SLAM-Example/ros2_docker/colcon_ws/install/custom_interfaces/local/lib/python3.10/dist-packages/custom_interfaces-0.0.0-py3.10.egg-info/dependency_links.txt
[2.189s] -- Up-to-date: /home/jpedr/Documents/Robotics-Nav2-SLAM-Example/ros2_docker/colcon_ws/install/custom_interfaces/local/lib/python3.10/dist-packages/custom_interfaces
[2.189s] -- Up-to-date: /home/jpedr/Documents/Robotics-Nav2-SLAM-Example/ros2_docker/colcon_ws/install/custom_interfaces/local/lib/python3.10/dist-packages/custom_interfaces/_custom_interfaces_s.ep.rosidl_typesupport_c.c
[2.189s] -- Up-to-date: /home/jpedr/Documents/Robotics-Nav2-SLAM-Example/ros2_docker/colcon_ws/install/custom_interfaces/local/lib/python3.10/dist-packages/custom_interfaces/custom_interfaces_s__rosidl_typesupport_introspection_c.cpython-310-x86_64-linux-gnu.so
[2.189s] -- Up-to-date: /home/jpedr/Documents/Robotics-Nav2-SLAM-Example/ros2_docker/colcon_ws/install/custom_interfaces/local/lib/python3.10/dist-packages/custom_interfaces/libcustom_interfaces__rosidl_generator_py.so
[2.190s] -- Up-to-date: /home/jpedr/Documents/Robotics-Nav2-SLAM-Example/ros2_docker/colcon_ws/install/custom_interfaces/local/lib/python3.10/dist-packages/custom_interfaces/_custom_interfaces_s.ep.rosidl_typesupport_introspection_c.c
[2.190s] -- Up-to-date: /home/jpedr/Documents/Robotics-Nav2-SLAM-Example/ros2_docker/colcon_ws/install/custom_interfaces/local/lib/python3.10/dist-packages/custom_interfaces/msg
[2.190s] -- Up-to-date: /home/jpedr/Documents/Robotics-Nav2-SLAM-Example/ros2_docker/colcon_ws/install/custom_interfaces/local/lib/python3.10/dist-packages/custom_interfaces/msg/_iot_battery.py
[2.190s] -- Up-to-date: /home/jpedr/Documents/Robotics-Nav2-SLAM-Example/ros2_docker/colcon_ws/install/custom_interfaces/local/lib/python3.10/dist-packages/custom_interfaces/msg/_iotbattery_s.c
[2.190s] -- Up-to-date: /home/jpedr/Documents/Robotics-Nav2-SLAM-Example/ros2_docker/colcon_ws/install/custom_interfaces/local/lib/python3.10/dist-packages/custom_interfaces/msg/_iotbattery.py
[2.190s] -- Up-to-date: /home/jpedr/Documents/Robotics-Nav2-SLAM-Example/ros2_docker/colcon_ws/install/custom_interfaces/local/lib/python3.10/dist-packages/custom_interfaces/msg/_iotdevicerequest_s.c
[2.191s] -- Up-to-date: /home/jpedr/Documents/Robotics-Nav2-SLAM-Example/ros2_docker/colcon_ws/install/custom_interfaces/local/lib/python3.10/dist-packages/custom_interfaces/msg/__init__.py
[2.191s] -- Up-to-date: /home/jpedr/Documents/Robotics-Nav2-SLAM-Example/ros2_docker/colcon_ws/install/custom_interfaces/local/lib/python3.10/dist-packages/custom_interfaces/msg/_iot_device_request_s.c
[2.191s] -- Up-to-date: /home/jpedr/Documents/Robotics-Nav2-SLAM-Example/ros2_docker/colcon_ws/install/custom_interfaces/local/lib/python3.10/dist-packages/custom_interfaces/msg/_iot_battery_s.c
[2.191s] -- Up-to-date: /home/jpedr/Documents/Robotics-Nav2-SLAM-Example/ros2_docker/colcon_ws/install/custom_interfaces/local/lib/python3.10/dist-packages/custom_interfaces/msg/_iotdevicerequest.py
[2.191s] -- Up-to-date: /home/jpedr/Documents/Robotics-Nav2-SLAM-Example/ros2_docker/colcon_ws/install/custom_interfaces/local/lib/python3.10/dist-packages/custom_interfaces/msg/_iot_device_request.py
[2.191s] -- Up-to-date: /home/jpedr/Documents/Robotics-Nav2-SLAM-Example/ros2_docker/colcon_ws/install/custom_interfaces/local/lib/python3.10/dist-packages/custom_interfaces/custom_interfaces_s__rosidl_typesupport_fastrtps_c.cpython-310-x86_64-linux-gnu.so
[2.192s] -- Up-to-date: /home/jpedr/Documents/Robotics-Nav2-SLAM-Example/ros2_docker/colcon_ws/install/custom_interfaces/local/lib/python3.10/dist-packages/custom_interfaces/__init__.py
[2.192s] -- Up-to-date: /home/jpedr/Documents/Robotics-Nav2-SLAM-Example/ros2_docker/colcon_ws/install/custom_interfaces/local/lib/python3.10/dist-packages/custom_interfaces/_custom_interfaces_s.ep.rosidl_typesupport_fastrtps_c.c
[2.192s] -- Up-to-date: /home/jpedr/Documents/Robotics-Nav2-SLAM-Example/ros2_docker/colcon_ws/install/custom_interfaces/local/lib/python3.10/dist-packages/custom_interfaces/custom_interfaces_s__rosidl_typesupport_c.cpython-310-x86_64-linux-gnu.so
[2.279s] Listing '/home/jpedr/Documents/Robotics-Nav2-SLAM-Example/ros2_docker/colcon_ws/install/custom_interfaces/local/lib/python3.10/dist-packages/custom_interfaces'...
[2.279s] Listing '/home/jpedr/Documents/Robotics-Nav2-SLAM-Example/ros2_docker/colcon_ws/install/custom_interfaces/local/lib/python3.10/dist-packages/custom_interfaces/msg'...
[2.292s] -- Up-to-date: /home/jpedr/Documents/Robotics-Nav2-SLAM-Example/ros2_docker/colcon_ws/install/custom_interfaces/local/lib/python3.10/dist-packages/custom_interfaces/custom_interfaces_s__rosidl_typesupport_fastrtps_c.cpython-310-x86_64-linux-gnu.so
[2.293s] -- Up-to-date: /home/jpedr/Documents/Robotics-Nav2-SLAM-Example/ros2_docker/colcon_ws/install/custom_interfaces/local/lib/python3.10/dist-packages/custom_interfaces/custom_interfaces_s__rosidl_typesupport_introspection_c.cpython-310-x86_64-linux-gnu.so
[2.294s] -- Up-to-date: /home/jpedr/Documents/Robotics-Nav2-SLAM-Example/ros2_docker/colcon_ws/install/custom_interfaces/local/lib/python3.10/dist-packages/custom_interfaces/custom_interfaces_s__rosidl_typesupport_c.cpython-310-x86_64-linux-gnu.so
[2.295s] -- Up-to-date: /home/jpedr/Documents/Robotics-Nav2-SLAM-Example/ros2_docker/colcon_ws/install/custom_interfaces/lib/libcustom_interfaces__rosidl_generator_py.so
[2.296s] -- Up-to-date: /home/jpedr/Documents/Robotics-Nav2-SLAM-Example/ros2_docker/colcon_ws/install/custom_interfaces/share/custom_interfaces/msg/IotBattery.idl
[2.296s] -- Up-to-date: /home/jpedr/Documents/Robotics-Nav2-SLAM-Example/ros2_docker/colcon_ws/install/custom_interfaces/share/custom_interfaces/msg/IotDeviceRequest.idl
[2.296s] -- Up-to-date: /home/jpedr/Documents/Robotics-Nav2-SLAM-Example/ros2_docker/colcon_ws/install/custom_interfaces/share/custom_interfaces/msg/IotBattery.msg
[2.297s] -- Up-to-date: /home/jpedr/Documents/Robotics-Nav2-SLAM-Example/ros2_docker/colcon_ws/install/custom_interfaces/share/custom_interfaces/msg/IotDeviceRequest.msg
[2.297s] -- Up-to-date: /home/jpedr/Documents/Robotics-Nav2-SLAM-Example/ros2_docker/colcon_ws/install/custom_interfaces/share/ament_index/resource_index/package_run_dependencies/custom_interfaces
[2.297s] -- Up-to-date: /home/jpedr/Documents/Robotics-Nav2-SLAM-Example/ros2_docker/colcon_ws/install/custom_interfaces/share/ament_index/resource_index/parent_prefix_path/custom_interfaces
[2.298s] -- Up-to-date: /home/jpedr/Documents/Robotics-Nav2-SLAM-Example/ros2_docker/colcon_ws/install/custom_interfaces/share/custom_interfaces/environment/ament_prefix_path.sh
[2.298s] -- Up-to-date: /home/jpedr/Documents/Robotics-Nav2-SLAM-Example/ros2_docker/colcon_ws/install/custom_interfaces/share/custom_interfaces/environment/ament_prefix_path.dsv
[2.298s] -- Up-to-date: /home/jpedr/Documents/Robotics-Nav2-SLAM-Example/ros2_docker/colcon_ws/install/custom_interfaces/share/custom_interfaces/environment/path.sh
[2.299s] -- Up-to-date: /home/jpedr/Documents/Robotics-Nav2-SLAM-Example/ros2_docker/colcon_ws/install/custom_interfaces/share/custom_interfaces/environment/path.dsv
[2.299s] -- Up-to-date: /home/jpedr/Documents/Robotics-Nav2-SLAM-Example/ros2_docker/colcon_ws/install/custom_interfaces/share/custom_interfaces/local_setup.bash
[2.299s] -- Up-to-date: /home/jpedr/Documents/Robotics-Nav2-SLAM-Example/ros2_docker/colcon_ws/install/custom_interfaces/share/custom_interfaces/local_setup.sh
[2.299s] -- Up-to-date: /home/jpedr/Documents/Robotics-Nav2-SLAM-Example/ros2_docker/colcon_ws/install/custom_interfaces/share/custom_interfaces/local_setup.zsh
[2.300s] -- Up-to-date: /home/jpedr/Documents/Robotics-Nav2-SLAM-Example/ros2_docker/colcon_ws/install/custom_interfaces/share/custom_interfaces/local_setup.dsv
[2.300s] -- Installing: /home/jpedr/Documents/Robotics-Nav2-SLAM-Example/ros2_docker/colcon_ws/install/custom_interfaces/share/custom_interfaces/package.dsv
[2.300s] -- Up-to-date: /home/jpedr/Documents/Robotics-Nav2-SLAM-Example/ros2_docker/colcon_ws/install/custom_interfaces/share/ament_index/resource_index/packages/custom_interfaces
[2.301s] -- Up-to-date: /home/jpedr/Documents/Robotics-Nav2-SLAM-Example/ros2_docker/colcon_ws/install/custom_interfaces/share/custom_interfaces/cmake/export_custom_interfaces__rosidl_generator_cExport.cmake
[2.301s] -- Up-to-date: /home/jpedr/Documents/Robotics-Nav2-SLAM-Example/ros2_docker/colcon_ws/install/custom_interfaces/share/custom_interfaces/cmake/export_custom_interfaces__rosidl_generator_cExport-noconfig.cmake
[2.301s] -- Up-to-date: /home/jpedr/Documents/Robotics-Nav2-SLAM-Example/ros2_docker/colcon_ws/install/custom_interfaces/share/custom_interfaces/cmake/export_custom_interfaces__rosidl_typesupport_fastrtps_cExport.cmake
[2.301s] -- Up-to-date: /home/jpedr/Documents/Robotics-Nav2-SLAM-Example/ros2_docker/colcon_ws/install/custom_interfaces/share/custom_interfaces/cmake/export_custom_interfaces__rosidl_typesupport_fastrtps_cExport-noconfig.cmake
[2.302s] -- Up-to-date: /home/jpedr/Documents/Robotics-Nav2-SLAM-Example/ros2_docker/colcon_ws/install/custom_interfaces/share/custom_interfaces/cmake/custom_interfaces__rosidl_typesupport_introspection_cExport.cmake
[2.302s] -- Up-to-date: /home/jpedr/Documents/Robotics-Nav2-SLAM-Example/ros2_docker/colcon_ws/install/custom_interfaces/share/custom_interfaces/cmake/custom_interfaces__rosidl_typesupport_introspection_cExport-noconfig.cmake
[2.302s] -- Up-to-date: /home/jpedr/Documents/Robotics-Nav2-SLAM-Example/ros2_docker/colcon_ws/install/custom_interfaces/share/custom_interfaces/cmake/custom_interfaces__rosidl_typesupport_cExport.cmake
[2.303s] -- Up-to-date: /home/jpedr/Documents/Robotics-Nav2-SLAM-Example/ros2_docker/colcon_ws/install/custom_interfaces/share/custom_interfaces/cmake/custom_interfaces__rosidl_typesupport_cExport-noconfig.cmake
[2.303s] -- Up-to-date: /home/jpedr/Documents/Robotics-Nav2-SLAM-Example/ros2_docker/colcon_ws/install/custom_interfaces/share/custom_interfaces/cmake/export_custom_interfaces__rosidl_generator_cppExport.cmake
[2.303s] -- Up-to-date: /home/jpedr/Documents/Robotics-Nav2-SLAM-Example/ros2_docker/colcon_ws/install/custom_interfaces/share/custom_interfaces/cmake/export_custom_interfaces__rosidl_typesupport_fastrtps_cppExport.cmake
[2.303s] -- Up-to-date: /home/jpedr/Documents/Robotics-Nav2-SLAM-Example/ros2_docker/colcon_ws/install/custom_interfaces/share/custom_interfaces/cmake/export_custom_interfaces__rosidl_typesupport_fastrtps_cppExport-noconfig.cmake
[2.303s] -- Up-to-date: /home/jpedr/Documents/Robotics-Nav2-SLAM-Example/ros2_docker/colcon_ws/install/custom_interfaces/share/custom_interfaces/cmake/custom_interfaces__rosidl_typesupport_introspection_cppExport.cmake
[2.304s] -- Up-to-date: /home/jpedr/Documents/Robotics-Nav2-SLAM-Example/ros2_docker/colcon_ws/install/custom_interfaces/share/custom_interfaces/cmake/custom_interfaces__rosidl_typesupport_introspection_cppExport-noconfig.cmake
[2.304s] -- Up-to-date: /home/jpedr/Documents/Robotics-Nav2-SLAM-Example/ros2_docker/colcon_ws/install/custom_interfaces/share/custom_interfaces/cmake/custom_interfaces__rosidl_typesupport_cppExport.cmake
[2.304s] -- Up-to-date: /home/jpedr/Documents/Robotics-Nav2-SLAM-Example/ros2_docker/colcon_ws/install/custom_interfaces/share/custom_interfaces/cmake/custom_interfaces__rosidl_typesupport_cppExport-noconfig.cmake
[2.304s] -- Up-to-date: /home/jpedr/Documents/Robotics-Nav2-SLAM-Example/ros2_docker/colcon_ws/install/custom_interfaces/share/custom_interfaces/cmake/export_custom_interfaces__rosidl_generator_pyExport.cmake
[2.305s] -- Up-to-date: /home/jpedr/Documents/Robotics-Nav2-SLAM-Example/ros2_docker/colcon_ws/install/custom_interfaces/share/custom_interfaces/cmake/export_custom_interfaces__rosidl_generator_pyExport-noconfig.cmake
[2.305s] -- Up-to-date: /home/jpedr/Documents/Robotics-Nav2-SLAM-Example/ros2_docker/colcon_ws/install/custom_interfaces/share/custom_interfaces/cmake/rosidl_cmake-extras.cmake
[2.305s] -- Up-to-date: /home/jpedr/Documents/Robotics-Nav2-SLAM-Example/ros2_docker/colcon_ws/install/custom_interfaces/share/custom_interfaces/cmake/ament_cmake_export_include_directories-extras.cmake
[2.305s] -- Up-to-date: /home/jpedr/Documents/Robotics-Nav2-SLAM-Example/ros2_docker/colcon_ws/install/custom_interfaces/share/custom_interfaces/cmake/ament_cmake_export_libraries-extras.cmake
[2.305s] -- Up-to-date: /home/jpedr/Documents/Robotics-Nav2-SLAM-Example/ros2_docker/colcon_ws/install/custom_interfaces/share/custom_interfaces/cmake/ament_cmake_export_targets-extras.cmake
[2.328s] -- Up-to-date: /home/jpedr/Documents/Robotics-Nav2-SLAM-Example/ros2_docker/colcon_ws/install/custom_interfaces/share/custom_interfaces/cmake/rosidl_cmake_export_typesupport_targets-extras.cmake
[2.329s] -- Up-to-date: /home/jpedr/Documents/Robotics-Nav2-SLAM-Example/ros2_docker/colcon_ws/install/custom_interfaces/share/custom_interfaces/cmake/ament_cmake_export_dependencies-extras.cmake
[2.329s] -- Up-to-date: /home/jpedr/Documents/Robotics-Nav2-SLAM-Example/ros2_docker/colcon_ws/install/custom_interfaces/share/custom_interfaces/cmake/rosidl_cmake_export_typesupport_libraries-extras.cmake
[2.329s] -- Up-to-date: /home/jpedr/Documents/Robotics-Nav2-SLAM-Example/ros2_docker/colcon_ws/install/custom_interfaces/share/custom_interfaces/cmake/custom_interfacesConfig.cmake
[2.330s] -- Up-to-date: /home/jpedr/Documents/Robotics-Nav2-SLAM-Example/ros2_docker/colcon_ws/install/custom_interfaces/share/custom_interfaces/cmake/custom_interfacesConfig-version.cmake
[2.330s] -- Up-to-date: /home/jpedr/Documents/Robotics-Nav2-SLAM-Example/ros2_docker/colcon_ws/install/custom_interfaces/share/custom_interfaces/package.xml
[2.330s] Invoked command in '/home/jpedr/Documents/Robotics-Nav2-SLAM-Example/ros2_docker/colcon_ws/build/custom_interfaces' returned '0': CMAKE_PREFIX_PATH=${CMAKE_PREFIX_PATH}:/home/jpedr/Documents/Robotics-Nav2-SLAM-Example/ros2_docker/colcon_ws/install/unity_slam_example:/home/jpedr/Documents/Robotics-Nav2-SLAM-Example/ros2_docker/colcon_ws/install/ros_tcp_endpoint:/home/jpedr/Documents/Robotics-Nav2-SLAM-Example/ros2_docker/colcon_ws/install/py_marker:/home/jpedr/Documents/Robotics-Nav2-SLAM-Example/ros2_docker/colcon_ws/install/control_node:/opt/ros/humble /usr/bin/cmake --install /home/jpedr/Documents/Robotics-Nav2-SLAM-Example/ros2_docker/colcon_ws/build/custom_interfaces
