[4.729s] Invoking command in '/home/jpedr/Documents/Robotics-Nav2-SLAM-Example/ros2_docker/colcon_ws/src/unity_slam_example': PYTHONPATH=/home/jpedr/Documents/Robotics-Nav2-SLAM-Example/ros2_docker/colcon_ws/install/unity_slam_example/lib/python3.10/site-packages:${PYTHONPATH} /usr/bin/python3 setup.py egg_info --egg-base ../../build/unity_slam_example build --build-base /home/jpedr/Documents/Robotics-Nav2-SLAM-Example/ros2_docker/colcon_ws/build/unity_slam_example/build install --prefix /home/jpedr/Documents/Robotics-Nav2-SLAM-Example/ros2_docker/colcon_ws/install/unity_slam_example --record /home/jpedr/Documents/Robotics-Nav2-SLAM-Example/ros2_docker/colcon_ws/build/unity_slam_example/install.log --single-version-externally-managed
[5.334s] /usr/lib/python3/dist-packages/setuptools/dist.py:723: UserWarning: Usage of dash-separated 'script-dir' will not be supported in future versions. Please use the underscore name 'script_dir' instead
[5.334s]   warnings.warn(
[5.335s] /usr/lib/python3/dist-packages/setuptools/dist.py:723: UserWarning: Usage of dash-separated 'install-scripts' will not be supported in future versions. Please use the underscore name 'install_scripts' instead
[5.335s]   warnings.warn(
[5.350s] running egg_info
[5.352s] writing ../../build/unity_slam_example/unity_slam_example.egg-info/PKG-INFO
[5.354s] writing dependency_links to ../../build/unity_slam_example/unity_slam_example.egg-info/dependency_links.txt
[5.354s] writing requirements to ../../build/unity_slam_example/unity_slam_example.egg-info/requires.txt
[5.354s] writing top-level names to ../../build/unity_slam_example/unity_slam_example.egg-info/top_level.txt
[5.358s] reading manifest file '../../build/unity_slam_example/unity_slam_example.egg-info/SOURCES.txt'
[5.361s] writing manifest file '../../build/unity_slam_example/unity_slam_example.egg-info/SOURCES.txt'
[5.361s] running build
[5.361s] running install
[5.362s] /usr/lib/python3/dist-packages/setuptools/command/install.py:34: SetuptoolsDeprecationWarning: setup.py install is deprecated. Use build and pip and other standards-based tools.
[5.362s]   warnings.warn(
[5.362s] running install_data
[5.363s] running install_egg_info
[5.368s] removing '/home/jpedr/Documents/Robotics-Nav2-SLAM-Example/ros2_docker/colcon_ws/install/unity_slam_example/lib/python3.10/site-packages/unity_slam_example-0.0.1-py3.10.egg-info' (and everything under it)
[5.369s] Copying ../../build/unity_slam_example/unity_slam_example.egg-info to /home/jpedr/Documents/Robotics-Nav2-SLAM-Example/ros2_docker/colcon_ws/install/unity_slam_example/lib/python3.10/site-packages/unity_slam_example-0.0.1-py3.10.egg-info
[5.371s] running install_scripts
[5.421s] writing list of installed files to '/home/jpedr/Documents/Robotics-Nav2-SLAM-Example/ros2_docker/colcon_ws/build/unity_slam_example/install.log'
[5.481s] Invoked command in '/home/jpedr/Documents/Robotics-Nav2-SLAM-Example/ros2_docker/colcon_ws/src/unity_slam_example' returned '0': PYTHONPATH=/home/jpedr/Documents/Robotics-Nav2-SLAM-Example/ros2_docker/colcon_ws/install/unity_slam_example/lib/python3.10/site-packages:${PYTHONPATH} /usr/bin/python3 setup.py egg_info --egg-base ../../build/unity_slam_example build --build-base /home/jpedr/Documents/Robotics-Nav2-SLAM-Example/ros2_docker/colcon_ws/build/unity_slam_example/build install --prefix /home/jpedr/Documents/Robotics-Nav2-SLAM-Example/ros2_docker/colcon_ws/install/unity_slam_example --record /home/jpedr/Documents/Robotics-Nav2-SLAM-Example/ros2_docker/colcon_ws/build/unity_slam_example/install.log --single-version-externally-managed
