[4.409s] Invoking command in '/home/jpedr/Documents/Robotics-Nav2-SLAM-Example/ros2_docker/colcon_ws/src/py_marker': PYTHONPATH=/home/jpedr/Documents/Robotics-Nav2-SLAM-Example/ros2_docker/colcon_ws/install/py_marker/lib/python3.10/site-packages:${PYTHONPATH} /usr/bin/python3 setup.py egg_info --egg-base ../../build/py_marker build --build-base /home/jpedr/Documents/Robotics-Nav2-SLAM-Example/ros2_docker/colcon_ws/build/py_marker/build install --prefix /home/jpedr/Documents/Robotics-Nav2-SLAM-Example/ros2_docker/colcon_ws/install/py_marker --record /home/jpedr/Documents/Robotics-Nav2-SLAM-Example/ros2_docker/colcon_ws/build/py_marker/install.log --single-version-externally-managed
[5.375s] running egg_info
[5.378s] writing ../../build/py_marker/py_marker.egg-info/PKG-INFO
[5.382s] writing dependency_links to ../../build/py_marker/py_marker.egg-info/dependency_links.txt
[5.384s] writing entry points to ../../build/py_marker/py_marker.egg-info/entry_points.txt
[5.385s] writing requirements to ../../build/py_marker/py_marker.egg-info/requires.txt
[5.386s] writing top-level names to ../../build/py_marker/py_marker.egg-info/top_level.txt
[5.391s] reading manifest file '../../build/py_marker/py_marker.egg-info/SOURCES.txt'
[5.395s] writing manifest file '../../build/py_marker/py_marker.egg-info/SOURCES.txt'
[5.395s] running build
[5.395s] running build_py
[5.397s] copying py_marker/py_marker.py -> /home/jpedr/Documents/Robotics-Nav2-SLAM-Example/ros2_docker/colcon_ws/build/py_marker/build/lib/py_marker
[5.399s] running install
[5.399s] /usr/lib/python3/dist-packages/setuptools/command/install.py:34: SetuptoolsDeprecationWarning: setup.py install is deprecated. Use build and pip and other standards-based tools.
[5.400s]   warnings.warn(
[5.400s] running install_lib
[5.402s] copying /home/jpedr/Documents/Robotics-Nav2-SLAM-Example/ros2_docker/colcon_ws/build/py_marker/build/lib/py_marker/py_marker.py -> /home/jpedr/Documents/Robotics-Nav2-SLAM-Example/ros2_docker/colcon_ws/install/py_marker/lib/python3.10/site-packages/py_marker
[5.404s] byte-compiling /home/jpedr/Documents/Robotics-Nav2-SLAM-Example/ros2_docker/colcon_ws/install/py_marker/lib/python3.10/site-packages/py_marker/py_marker.py to py_marker.cpython-310.pyc
[5.406s] running install_data
[5.408s] running install_egg_info
[5.412s] removing '/home/jpedr/Documents/Robotics-Nav2-SLAM-Example/ros2_docker/colcon_ws/install/py_marker/lib/python3.10/site-packages/py_marker-0.0.0-py3.10.egg-info' (and everything under it)
[5.414s] Copying ../../build/py_marker/py_marker.egg-info to /home/jpedr/Documents/Robotics-Nav2-SLAM-Example/ros2_docker/colcon_ws/install/py_marker/lib/python3.10/site-packages/py_marker-0.0.0-py3.10.egg-info
[5.416s] running install_scripts
[5.487s] Installing marker script to /home/jpedr/Documents/Robotics-Nav2-SLAM-Example/ros2_docker/colcon_ws/install/py_marker/lib/py_marker
[5.489s] writing list of installed files to '/home/jpedr/Documents/Robotics-Nav2-SLAM-Example/ros2_docker/colcon_ws/build/py_marker/install.log'
[5.587s] Invoked command in '/home/jpedr/Documents/Robotics-Nav2-SLAM-Example/ros2_docker/colcon_ws/src/py_marker' returned '0': PYTHONPATH=/home/jpedr/Documents/Robotics-Nav2-SLAM-Example/ros2_docker/colcon_ws/install/py_marker/lib/python3.10/site-packages:${PYTHONPATH} /usr/bin/python3 setup.py egg_info --egg-base ../../build/py_marker build --build-base /home/jpedr/Documents/Robotics-Nav2-SLAM-Example/ros2_docker/colcon_ws/build/py_marker/build install --prefix /home/jpedr/Documents/Robotics-Nav2-SLAM-Example/ros2_docker/colcon_ws/install/py_marker --record /home/jpedr/Documents/Robotics-Nav2-SLAM-Example/ros2_docker/colcon_ws/build/py_marker/install.log --single-version-externally-managed
