[3.493s] Invoking command in '/home/jpedr/Documents/Robotics-Nav2-SLAM-Example/ros2_docker/colcon_ws/src/py_marker': PYTHONPATH=/home/jpedr/Documents/Robotics-Nav2-SLAM-Example/ros2_docker/colcon_ws/install/py_marker/lib/python3.10/site-packages:${PYTHONPATH} /usr/bin/python3 setup.py egg_info --egg-base ../../build/py_marker build --build-base /home/jpedr/Documents/Robotics-Nav2-SLAM-Example/ros2_docker/colcon_ws/build/py_marker/build install --prefix /home/jpedr/Documents/Robotics-Nav2-SLAM-Example/ros2_docker/colcon_ws/install/py_marker --record /home/jpedr/Documents/Robotics-Nav2-SLAM-Example/ros2_docker/colcon_ws/build/py_marker/install.log --single-version-externally-managed
[4.543s] running egg_info
[4.545s] writing ../../build/py_marker/py_marker.egg-info/PKG-INFO
[4.549s] writing dependency_links to ../../build/py_marker/py_marker.egg-info/dependency_links.txt
[4.550s] writing entry points to ../../build/py_marker/py_marker.egg-info/entry_points.txt
[4.551s] writing requirements to ../../build/py_marker/py_marker.egg-info/requires.txt
[4.551s] writing top-level names to ../../build/py_marker/py_marker.egg-info/top_level.txt
[4.554s] reading manifest file '../../build/py_marker/py_marker.egg-info/SOURCES.txt'
[4.558s] writing manifest file '../../build/py_marker/py_marker.egg-info/SOURCES.txt'
[4.558s] running build
[4.559s] running build_py
[4.560s] copying py_marker/py_marker.py -> /home/jpedr/Documents/Robotics-Nav2-SLAM-Example/ros2_docker/colcon_ws/build/py_marker/build/lib/py_marker
[4.561s] running install
[4.563s] /usr/lib/python3/dist-packages/setuptools/command/install.py:34: SetuptoolsDeprecationWarning: setup.py install is deprecated. Use build and pip and other standards-based tools.
[4.564s]   warnings.warn(
[4.564s] running install_lib
[4.567s] copying /home/jpedr/Documents/Robotics-Nav2-SLAM-Example/ros2_docker/colcon_ws/build/py_marker/build/lib/py_marker/py_marker.py -> /home/jpedr/Documents/Robotics-Nav2-SLAM-Example/ros2_docker/colcon_ws/install/py_marker/lib/python3.10/site-packages/py_marker
[4.568s] byte-compiling /home/jpedr/Documents/Robotics-Nav2-SLAM-Example/ros2_docker/colcon_ws/install/py_marker/lib/python3.10/site-packages/py_marker/py_marker.py to py_marker.cpython-310.pyc
[4.569s] running install_data
[4.576s] running install_egg_info
[4.581s] removing '/home/jpedr/Documents/Robotics-Nav2-SLAM-Example/ros2_docker/colcon_ws/install/py_marker/lib/python3.10/site-packages/py_marker-0.0.0-py3.10.egg-info' (and everything under it)
[4.581s] Copying ../../build/py_marker/py_marker.egg-info to /home/jpedr/Documents/Robotics-Nav2-SLAM-Example/ros2_docker/colcon_ws/install/py_marker/lib/python3.10/site-packages/py_marker-0.0.0-py3.10.egg-info
[4.582s] running install_scripts
[4.645s] Installing marker script to /home/jpedr/Documents/Robotics-Nav2-SLAM-Example/ros2_docker/colcon_ws/install/py_marker/lib/py_marker
[4.646s] writing list of installed files to '/home/jpedr/Documents/Robotics-Nav2-SLAM-Example/ros2_docker/colcon_ws/build/py_marker/install.log'
[4.705s] Invoked command in '/home/jpedr/Documents/Robotics-Nav2-SLAM-Example/ros2_docker/colcon_ws/src/py_marker' returned '0': PYTHONPATH=/home/jpedr/Documents/Robotics-Nav2-SLAM-Example/ros2_docker/colcon_ws/install/py_marker/lib/python3.10/site-packages:${PYTHONPATH} /usr/bin/python3 setup.py egg_info --egg-base ../../build/py_marker build --build-base /home/jpedr/Documents/Robotics-Nav2-SLAM-Example/ros2_docker/colcon_ws/build/py_marker/build install --prefix /home/jpedr/Documents/Robotics-Nav2-SLAM-Example/ros2_docker/colcon_ws/install/py_marker --record /home/jpedr/Documents/Robotics-Nav2-SLAM-Example/ros2_docker/colcon_ws/build/py_marker/install.log --single-version-externally-managed
