[3.015s] Invoking command in '/home/jpedr/Documents/Robotics-Nav2-SLAM-Example/ros2_docker/colcon_ws/src/control_node': PYTHONPATH=/home/jpedr/Documents/Robotics-Nav2-SLAM-Example/ros2_docker/colcon_ws/install/control_node/lib/python3.10/site-packages:${PYTHONPATH} /usr/bin/python3 setup.py egg_info --egg-base ../../build/control_node build --build-base /home/jpedr/Documents/Robotics-Nav2-SLAM-Example/ros2_docker/colcon_ws/build/control_node/build install --prefix /home/jpedr/Documents/Robotics-Nav2-SLAM-Example/ros2_docker/colcon_ws/install/control_node --record /home/jpedr/Documents/Robotics-Nav2-SLAM-Example/ros2_docker/colcon_ws/build/control_node/install.log --single-version-externally-managed
[3.764s] running egg_info
[3.765s] writing ../../build/control_node/control_node.egg-info/PKG-INFO
[3.768s] writing dependency_links to ../../build/control_node/control_node.egg-info/dependency_links.txt
[3.769s] writing entry points to ../../build/control_node/control_node.egg-info/entry_points.txt
[3.769s] writing requirements to ../../build/control_node/control_node.egg-info/requires.txt
[3.770s] writing top-level names to ../../build/control_node/control_node.egg-info/top_level.txt
[3.774s] reading manifest file '../../build/control_node/control_node.egg-info/SOURCES.txt'
[3.776s] writing manifest file '../../build/control_node/control_node.egg-info/SOURCES.txt'
[3.777s] running build
[3.777s] running build_py
[3.778s] running install
[3.778s] /usr/lib/python3/dist-packages/setuptools/command/install.py:34: SetuptoolsDeprecationWarning: setup.py install is deprecated. Use build and pip and other standards-based tools.
[3.779s]   warnings.warn(
[3.779s] running install_lib
[3.781s] running install_data
[3.783s] running install_egg_info
[3.787s] removing '/home/jpedr/Documents/Robotics-Nav2-SLAM-Example/ros2_docker/colcon_ws/install/control_node/lib/python3.10/site-packages/control_node-0.0.0-py3.10.egg-info' (and everything under it)
[3.788s] Copying ../../build/control_node/control_node.egg-info to /home/jpedr/Documents/Robotics-Nav2-SLAM-Example/ros2_docker/colcon_ws/install/control_node/lib/python3.10/site-packages/control_node-0.0.0-py3.10.egg-info
[3.790s] running install_scripts
[3.841s] Installing control script to /home/jpedr/Documents/Robotics-Nav2-SLAM-Example/ros2_docker/colcon_ws/install/control_node/lib/control_node
[3.844s] writing list of installed files to '/home/jpedr/Documents/Robotics-Nav2-SLAM-Example/ros2_docker/colcon_ws/build/control_node/install.log'
[3.908s] Invoked command in '/home/jpedr/Documents/Robotics-Nav2-SLAM-Example/ros2_docker/colcon_ws/src/control_node' returned '0': PYTHONPATH=/home/jpedr/Documents/Robotics-Nav2-SLAM-Example/ros2_docker/colcon_ws/install/control_node/lib/python3.10/site-packages:${PYTHONPATH} /usr/bin/python3 setup.py egg_info --egg-base ../../build/control_node build --build-base /home/jpedr/Documents/Robotics-Nav2-SLAM-Example/ros2_docker/colcon_ws/build/control_node/build install --prefix /home/jpedr/Documents/Robotics-Nav2-SLAM-Example/ros2_docker/colcon_ws/install/control_node --record /home/jpedr/Documents/Robotics-Nav2-SLAM-Example/ros2_docker/colcon_ws/build/control_node/install.log --single-version-externally-managed
