[3.831s] Invoking command in '/home/jpedr/Documents/Robotics-Nav2-SLAM-Example/ros2_docker/colcon_ws/src/control_node': LD_LIBRARY_PATH=/home/jpedr/Documents/Robotics-Nav2-SLAM-Example/ros2_docker/colcon_ws/install/custom_interfaces/lib:/opt/ros/humble/opt/rviz_ogre_vendor/lib:/opt/ros/humble/lib/x86_64-linux-gnu:/opt/ros/humble/lib:/opt/openssl/lib PYTHONPATH=/home/jpedr/Documents/Robotics-Nav2-SLAM-Example/ros2_docker/colcon_ws/install/control_node/lib/python3.10/site-packages:${PYTHONPATH} /usr/bin/python3 setup.py egg_info --egg-base ../../build/control_node build --build-base /home/jpedr/Documents/Robotics-Nav2-SLAM-Example/ros2_docker/colcon_ws/build/control_node/build install --prefix /home/jpedr/Documents/Robotics-Nav2-SLAM-Example/ros2_docker/colcon_ws/install/control_node --record /home/jpedr/Documents/Robotics-Nav2-SLAM-Example/ros2_docker/colcon_ws/build/control_node/install.log --single-version-externally-managed
[4.938s] running egg_info
[4.939s] writing ../../build/control_node/control_node.egg-info/PKG-INFO
[4.944s] writing dependency_links to ../../build/control_node/control_node.egg-info/dependency_links.txt
[4.945s] writing entry points to ../../build/control_node/control_node.egg-info/entry_points.txt
[4.945s] writing requirements to ../../build/control_node/control_node.egg-info/requires.txt
[4.945s] writing top-level names to ../../build/control_node/control_node.egg-info/top_level.txt
[4.950s] reading manifest file '../../build/control_node/control_node.egg-info/SOURCES.txt'
[4.953s] writing manifest file '../../build/control_node/control_node.egg-info/SOURCES.txt'
[4.954s] running build
[4.954s] running build_py
[4.955s] running install
[4.960s] /usr/lib/python3/dist-packages/setuptools/command/install.py:34: SetuptoolsDeprecationWarning: setup.py install is deprecated. Use build and pip and other standards-based tools.
[4.960s]   warnings.warn(
[4.960s] running install_lib
[4.963s] running install_data
[4.965s] running install_egg_info
[4.969s] removing '/home/jpedr/Documents/Robotics-Nav2-SLAM-Example/ros2_docker/colcon_ws/install/control_node/lib/python3.10/site-packages/control_node-0.0.0-py3.10.egg-info' (and everything under it)
[4.970s] Copying ../../build/control_node/control_node.egg-info to /home/jpedr/Documents/Robotics-Nav2-SLAM-Example/ros2_docker/colcon_ws/install/control_node/lib/python3.10/site-packages/control_node-0.0.0-py3.10.egg-info
[4.975s] running install_scripts
[5.051s] Installing control script to /home/jpedr/Documents/Robotics-Nav2-SLAM-Example/ros2_docker/colcon_ws/install/control_node/lib/control_node
[5.052s] writing list of installed files to '/home/jpedr/Documents/Robotics-Nav2-SLAM-Example/ros2_docker/colcon_ws/build/control_node/install.log'
[5.159s] Invoked command in '/home/jpedr/Documents/Robotics-Nav2-SLAM-Example/ros2_docker/colcon_ws/src/control_node' returned '0': LD_LIBRARY_PATH=/home/jpedr/Documents/Robotics-Nav2-SLAM-Example/ros2_docker/colcon_ws/install/custom_interfaces/lib:/opt/ros/humble/opt/rviz_ogre_vendor/lib:/opt/ros/humble/lib/x86_64-linux-gnu:/opt/ros/humble/lib:/opt/openssl/lib PYTHONPATH=/home/jpedr/Documents/Robotics-Nav2-SLAM-Example/ros2_docker/colcon_ws/install/control_node/lib/python3.10/site-packages:${PYTHONPATH} /usr/bin/python3 setup.py egg_info --egg-base ../../build/control_node build --build-base /home/jpedr/Documents/Robotics-Nav2-SLAM-Example/ros2_docker/colcon_ws/build/control_node/build install --prefix /home/jpedr/Documents/Robotics-Nav2-SLAM-Example/ros2_docker/colcon_ws/install/control_node --record /home/jpedr/Documents/Robotics-Nav2-SLAM-Example/ros2_docker/colcon_ws/build/control_node/install.log --single-version-externally-managed
